
 ---------------------------------------------------
 |                                                 |
 |              S A M B V C A  2.1                 |
 |                                                 |
 |              Release 29-06-2019                 |
 |                                                 |
 |       Molecular Buried Volume Calculator        |
 |                                                 |
 |  http://www.molnac.unisa.it/OM-tools/SambVca    |
 |                                                 |
 |  L. Cavallo & Z. Cao  Email: lcavallo@unisa.it  |
 |                                                 |
 ---------------------------------------------------

Checking: No. of atoms to be removed :                     0
Checking: No. of atoms defining the sphere center :        1
Checking: Atoms defining the sphere center :
  743
Checking : No. of atoms defining the Z-axis :              1
  644
Checking : No. of atoms defining the XZ-plane :            1
  149
 Checking: Vbur sphere radius :            3.500
 Checking: Displacement from origin :      0.000
 Checking: Bin width :                     0.100
 Checking: Removing H atoms
 Checking: Outputting steric map
 Checking: No. of atom types in your database :         103
 Checking: Atom labels and radius in the database :
H    1.280
HE   1.640
LI   2.130
BE   1.790
B    2.250
C    1.990
N    1.810
O    1.780
F    1.720
NE   1.800
NA   2.660
MG   2.020
AL   2.150
SI   2.460
P    2.110
S    2.110
CL   2.050
AR   2.200
K    3.220
CA   2.700
SC   2.520
TI   2.470
V    2.420
CR   2.410
MN   2.400
FE   2.390
CO   2.340
NI   1.910
CU   1.640
ZN   1.630
GA   2.190
GE   2.470
AS   2.160
SE   2.220
BR   2.160
KR   2.360
RB   3.550
SR   2.910
Y    2.710
ZR   2.610
NB   2.550
MO   2.540
TC   2.530
RU   2.490
RH   2.460
PD   1.910
AG   2.010
CD   1.850
IN   2.260
SN   2.540
SB   2.410
TE   2.410
I    2.320
XE   2.530
CS   4.010
BA   3.140
LA   2.840
CE   2.830
PR   2.810
ND   2.800
PM   2.780
SM   2.760
EU   2.750
GD   2.740
TB   2.730
DY   2.700
HO   2.690
ER   2.680
TM   2.660
YB   2.640
LU   2.620
HF   2.610
TA   2.600
W    2.550
RE   2.530
OS   2.530
IR   2.490
PT   2.010
AU   1.940
HG   1.810
TL   2.290
PB   2.360
BI   2.420
PO   2.300
AT   2.360
RN   2.570
FR   4.070
RA   3.310
AC   2.890
TH   2.870
PA   2.840
U    2.180
NP   2.800
PU   2.840
AM   2.850
CM   2.870
BK   2.850
CF   2.870
ES   2.870
FM   2.870
M    2.880
NO   2.880
LR   2.880

Checking: No. of atoms of input frame :                  792

Checking: Coordinates of input frame :
Cd     11.57121  16.89133  11.13892
O      10.14359  16.49332  12.93401
O      12.14067  17.29600  13.40824
O      10.98032   5.82660  12.13790
O      10.78890   4.50643  10.33568
O       2.77522  16.38417   9.61232
O       2.31386  14.87507  11.11532
C       8.06891  11.04494   5.68394
C       8.76083  10.11086   6.45946
H       9.43231   9.57312   6.05591
C       8.48109   9.95800   7.81833
C       7.53064  10.78872   8.40718
H       7.35306  10.70696   9.33643
C       6.83769  11.73779   7.66048
C       7.09492  11.83921   6.29474
H       6.60013  12.45778   5.77041
C       8.33259  11.19540   4.23310
C       9.63092  11.27241   3.74171
H      10.36459  11.18326   4.34016
C       9.87148  11.47688   2.39793
H      10.76419  11.56384   2.08498
C       8.81119  11.55781   1.49751
C       7.51364  11.43782   1.97380
H       6.78493  11.46300   1.36574
C       7.27421  11.28107   3.32993
H       6.37893  11.23108   3.64563
C       9.12296   8.87467   8.61032
C       9.37817   7.63985   8.02559
H       9.21327   7.51407   7.09909
C       9.87254   6.58748   8.78464
H      10.02649   5.74514   8.37423
C      10.14435   6.75088  10.13528
C       9.90797   7.98570  10.72001
H      10.09754   8.11427  11.64239
C       9.39445   9.03867   9.96645
H       9.22853   9.87729  10.38235
C       5.84411  12.63579   8.30286
C       5.06359  12.20929   9.36937
H       5.17069  11.32693   9.70566
C       4.13179  13.05524   9.95272
H       3.61522  12.74793  10.68844
C       3.94553  14.33463   9.48055
C       4.70866  14.77264   8.41404
H       4.58401  15.65154   8.07226
C       5.65921  13.93448   7.83617
H       6.18818  14.25212   7.11281
C       9.07949  11.74618   0.04804
C      10.69604   5.60410  10.94237
C       2.94802  15.25557  10.11881
Cd      0.00000   0.00000   0.00000
Cd      1.31291   2.57340   2.58708
O       2.74053   2.97141   0.79199
O       0.74345   2.16873   0.31776
O       1.90380  13.63813   1.58810
O       2.09522  14.95830   3.39032
O      10.10890   3.08056   4.11368
O      10.57026   4.58966   2.61069
C       4.81521   8.41979   8.04206
C       4.12329   9.35387   7.26655
H       3.45181   9.89161   7.67009
C       4.40303   9.50673   5.90767
C       5.35348   8.67601   5.31883
H       5.53106   8.75777   4.38958
C       6.04643   7.72694   6.06552
C       5.78920   7.62552   7.43126
H       6.28399   7.00695   7.95559
C       4.55153   8.26933   9.49290
C       3.25320   8.19232   9.98429
H       2.51953   8.28147   9.38584
C       3.01264   7.98785  11.32807
H       2.11993   7.90089  11.64102
C       4.07293   7.90692  12.22849
C       5.37048   8.02691  11.75220
H       6.09919   8.00173  12.36026
C       5.60991   8.18366  10.39607
H       6.50519   8.23365  10.08038
C       3.76116  10.59006   5.11568
C       3.50595  11.82488   5.70041
H       3.67085  11.95066   6.62691
C       3.01158  12.87725   4.94136
H       2.85763  13.71959   5.35177
C       2.73977  12.71385   3.59072
C       2.97615  11.47903   3.00599
H       2.78658  11.35046   2.08361
C       3.48967  10.42606   3.75955
H       3.65559   9.58744   3.34365
C       7.04001   6.82894   5.42314
C       7.82053   7.25544   4.35663
H       7.71343   8.13780   4.02035
C       8.75233   6.40949   3.77328
H       9.26890   6.71680   3.03756
C       8.93859   5.13010   4.24545
C       8.17546   4.69209   5.31196
H       8.30011   3.81319   5.65374
C       7.22491   5.53025   5.88983
H       6.69594   5.21261   6.61319
C       3.80463   7.71855  13.67796
C       2.18808  13.86063   2.78363
C       9.93610   4.20916   3.60719
Cd     13.50435  21.97245  24.86493
O      12.07673  21.57445  26.66001
O      14.07381  22.37712  27.13425
O      12.91346  10.90772  25.86390
O      12.72204   9.58756  24.06168
O       4.70837  21.46530  23.33832
O       4.24700  19.95619  24.84132
C      10.00205  16.12607  19.40994
C      10.69398  15.19198  20.18546
H      11.36545  14.65424  19.78191
C      10.41423  15.03912  21.54433
C       9.46378  15.86984  22.13318
H       9.28620  15.78808  23.06243
C       8.77083  16.81891  21.38648
C       9.02807  16.92033  20.02075
H       8.53328  17.53890  19.49641
C      10.26574  16.27653  17.95910
C      11.56407  16.35353  17.46771
H      12.29773  16.26438  18.06616
C      11.80462  16.55801  16.12393
H      12.69733  16.64497  15.81098
C      10.74433  16.63893  15.22351
C       9.44678  16.51895  15.69980
H       8.71807  16.54413  15.09174
C       9.20735  16.36219  17.05593
H       8.31208  16.31221  17.37163
C      11.05610  13.95579  22.33632
C      11.31131  12.72098  21.75159
H      11.14641  12.59519  20.82509
C      11.80568  11.66860  22.51064
H      11.95963  10.82626  22.10024
C      12.07749  11.83201  23.86128
C      11.84111  13.06682  24.44601
H      12.03068  13.19540  25.36840
C      11.32759  14.11979  23.69245
H      11.16167  14.95841  24.10835
C       7.77725  17.71692  22.02886
C       6.99673  17.29042  23.09537
H       7.10383  16.40805  23.43166
C       6.06493  18.13637  23.67873
H       5.54836  17.82906  24.41444
C       5.87867  19.41576  23.20655
C       6.64180  19.85377  22.14004
H       6.51715  20.73266  21.79826
C       7.59236  19.01560  21.56218
H       8.12132  19.33324  20.83882
C      11.01263  16.82730  13.77404
C      12.62918  10.68523  24.66837
C       4.88116  20.33669  23.84481
Cd      1.93314   5.08112  13.72600
Cd      3.24605   7.65453  16.31308
O       4.67367   8.05253  14.51799
O       2.67659   7.24985  14.04376
O       3.83695  18.71926  15.31410
O       4.02836  20.03942  17.11632
O      12.04204   8.16168  17.83968
O      12.50340   9.67078  16.33669
C       6.74836  13.50091  21.76807
C       6.05643  14.43500  20.99255
H       5.38495  14.97274  21.39609
C       6.33617  14.58786  19.63367
C       7.28662  13.75714  19.04483
H       7.46421  13.83890  18.11558
C       7.97957  12.80807  19.79152
C       7.72234  12.70665  21.15726
H       8.21713  12.08807  21.68159
C       6.48467  13.35045  23.21890
C       5.18634  13.27345  23.71030
H       4.45267  13.36260  23.11184
C       4.94578  13.06897  25.05407
H       4.05308  12.98201  25.36702
C       6.00607  12.98805  25.95450
C       7.30362  13.10803  25.47820
H       8.03233  13.08285  26.08627
C       7.54306  13.26479  24.12208
H       8.43833  13.31477  23.80638
C       5.69430  15.67119  18.84168
C       5.43909  16.90600  19.42641
H       5.60399  17.03179  20.35292
C       4.94472  17.95838  18.66736
H       4.79078  18.80072  19.07777
C       4.67291  17.79497  17.31672
C       4.90930  16.56016  16.73200
H       4.71972  16.43158  15.80961
C       5.42281  15.50719  17.48555
H       5.58873  14.66857  17.06966
C       8.97316  11.91006  19.14914
C       9.75367  12.33656  18.08263
H       9.64657  13.21893  17.74635
C      10.68547  11.49061  17.49928
H      11.20204  11.79792  16.76357
C      10.87173  10.21122  17.97145
C      10.10860   9.77321  19.03796
H      10.23326   8.89432  19.37974
C       9.15805  10.61138  19.61583
H       8.62909  10.29374  20.33919
C       5.73777  12.79968  27.40396
C       4.12122  18.94175  16.50963
C      11.86924   9.29029  17.33319
Cd     12.06269  31.27493  11.13892
O      10.63507  30.87693  12.93401
O      12.63215  31.67961  13.40824
O      11.47179  20.21020  12.13790
O      11.28038  18.89004  10.33568
O       3.26670  30.76778   9.61232
O       2.80534  29.25868  11.11532
C       8.56039  25.42855   5.68394
C       9.25231  24.49446   6.45946
H       9.92379  23.95672   6.05591
C       8.97257  24.34160   7.81833
C       8.02212  25.17232   8.40718
H       7.84454  25.09056   9.33643
C       7.32917  26.12139   7.66048
C       7.58640  26.22281   6.29474
H       7.09161  26.84139   5.77041
C       8.82407  25.57901   4.23310
C      10.12240  25.65601   3.74171
H      10.85607  25.56686   4.34016
C      10.36296  25.86049   2.39793
H      11.25566  25.94745   2.08498
C       9.30267  25.94141   1.49751
C       8.00512  25.82143   1.97380
H       7.27641  25.84661   1.36574
C       7.76569  25.66467   3.32993
H       6.87041  25.61469   3.64563
C       9.61444  23.25827   8.61032
C       9.86965  22.02346   8.02559
H       9.70475  21.89767   7.09909
C      10.36402  20.97108   8.78464
H      10.51796  20.12874   8.37423
C      10.63583  21.13449  10.13528
C      10.39945  22.36930  10.72001
H      10.58902  22.49788  11.64239
C       9.88593  23.42227   9.96645
H       9.72001  24.26089  10.38235
C       6.33559  27.01940   8.30286
C       5.55507  26.59290   9.36937
H       5.66217  25.71053   9.70566
C       4.62327  27.43885   9.95272
H       4.10670  27.13154  10.68844
C       4.43701  28.71824   9.48055
C       5.20014  29.15625   8.41404
H       5.07549  30.03514   8.07226
C       6.15069  28.31808   7.83617
H       6.67965  28.63572   7.11281
C       9.57097  26.12978   0.04804
C      11.18752  19.98771  10.94237
C       3.43950  29.63917  10.11881
Cd      0.49148  14.38361   0.00000
Cd      1.80439  16.95701   2.58708
O       3.23201  17.35501   0.79199
O       1.23493  16.55234   0.31776
O       2.39528  28.02174   1.58810
O       2.58670  29.34190   3.39032
O      10.60038  17.46416   4.11368
O      11.06174  18.97327   2.61069
C       5.30669  22.80339   8.04206
C       4.61476  23.73748   7.26655
H       3.94329  24.27522   7.67009
C       4.89451  23.89034   5.90767
C       5.84496  23.05962   5.31883
H       6.02254  23.14138   4.38958
C       6.53791  22.11055   6.06552
C       6.28068  22.00913   7.43126
H       6.77547  21.39056   7.95559
C       5.04300  22.65293   9.49290
C       3.74468  22.57593   9.98429
H       3.01101  22.66508   9.38584
C       3.50412  22.37145  11.32807
H       2.61141  22.28449  11.64102
C       4.56441  22.29053  12.22849
C       5.86196  22.41051  11.75220
H       6.59067  22.38533  12.36026
C       6.10139  22.56727  10.39607
H       6.99667  22.61725  10.08038
C       4.25264  24.97367   5.11568
C       3.99743  26.20848   5.70041
H       4.16233  26.33427   6.62691
C       3.50306  27.26086   4.94136
H       3.34911  28.10320   5.35177
C       3.23125  27.09745   3.59072
C       3.46763  25.86264   3.00599
H       3.27806  25.73406   2.08361
C       3.98115  24.80967   3.75955
H       4.14707  23.97105   3.34365
C       7.53149  21.21254   5.42314
C       8.31201  21.63904   4.35663
H       8.20491  22.52141   4.02035
C       9.24381  20.79309   3.77328
H       9.76038  21.10040   3.03756
C       9.43007  19.51370   4.24545
C       8.66694  19.07569   5.31196
H       8.79159  18.19680   5.65374
C       7.71639  19.91386   5.88983
H       7.18742  19.59622   6.61319
C       4.29611  22.10216  13.67796
C       2.67956  28.24423   2.78363
C      10.42758  18.59277   3.60719
Cd     13.99583  36.35606  24.86493
O      12.56821  35.95805  26.66001
O      14.56529  36.76073  27.13425
O      13.40494  25.29133  25.86390
O      13.21352  23.97116  24.06168
O       5.19984  35.84890  23.33832
O       4.73848  34.33980  24.84132
C      10.49353  30.50967  19.40994
C      11.18545  29.57559  20.18546
H      11.85693  29.03785  19.78191
C      10.90571  29.42273  21.54433
C       9.95526  30.25345  22.13318
H       9.77768  30.17169  23.06243
C       9.26231  31.20252  21.38648
C       9.51954  31.30394  20.02075
H       9.02475  31.92251  19.49641
C      10.75722  30.66013  17.95910
C      12.05554  30.73714  17.46771
H      12.78921  30.64799  18.06616
C      12.29610  30.94161  16.12393
H      13.18881  31.02857  15.81098
C      11.23581  31.02254  15.22351
C       9.93826  30.90255  15.69980
H       9.20955  30.92773  15.09174
C       9.69883  30.74580  17.05593
H       8.80355  30.69581  17.37163
C      11.54758  28.33940  22.33632
C      11.80279  27.10458  21.75159
H      11.63789  26.97880  20.82509
C      12.29716  26.05221  22.51064
H      12.45111  25.20987  22.10024
C      12.56897  26.21561  23.86128
C      12.33259  27.45043  24.44601
H      12.52216  27.57900  25.36840
C      11.81907  28.50340  23.69245
H      11.65315  29.34202  24.10835
C       8.26873  32.10052  22.02886
C       7.48821  31.67402  23.09537
H       7.59531  30.79166  23.43166
C       6.55641  32.51997  23.67873
H       6.03984  32.21266  24.41444
C       6.37015  33.79936  23.20655
C       7.13328  34.23737  22.14004
H       7.00863  35.11627  21.79826
C       8.08383  33.39921  21.56218
H       8.61280  33.71685  20.83882
C      11.50411  31.21091  13.77404
C      13.12066  25.06883  24.66837
C       5.37264  34.72030  23.84481
Cd      2.42462  19.46473  13.72600
Cd      3.73753  22.03813  16.31308
O       5.16515  22.43614  14.51799
O       3.16807  21.63346  14.04376
O       4.32842  33.10286  15.31410
O       4.51984  34.42303  17.11632
O      12.53352  22.54529  17.83968
O      12.99488  24.05439  16.33669
C       7.23983  27.88452  21.76807
C       6.54791  28.81860  20.99255
H       5.87643  29.35634  21.39609
C       6.82765  28.97146  19.63367
C       7.77810  28.14074  19.04483
H       7.95568  28.22250  18.11558
C       8.47105  27.19167  19.79152
C       8.21382  27.09025  21.15726
H       8.70861  26.47168  21.68159
C       6.97615  27.73406  23.21890
C       5.67782  27.65706  23.71030
H       4.94415  27.74620  23.11184
C       5.43726  27.45258  25.05407
H       4.54455  27.36562  25.36702
C       6.49755  27.37165  25.95450
C       7.79510  27.49164  25.47820
H       8.52381  27.46646  26.08627
C       8.03453  27.64839  24.12208
H       8.92981  27.69838  23.80638
C       6.18578  30.05479  18.84168
C       5.93057  31.28961  19.42641
H       6.09547  31.41539  20.35292
C       5.43620  32.34198  18.66736
H       5.28225  33.18432  19.07777
C       5.16439  32.17858  17.31672
C       5.40077  30.94376  16.73200
H       5.21120  30.81519  15.80961
C       5.91429  29.89079  17.48555
H       6.08021  29.05218  17.06966
C       9.46463  26.29367  19.14914
C      10.24515  26.72017  18.08263
H      10.13805  27.60253  17.74635
C      11.17695  25.87422  17.49928
H      11.69352  26.18153  16.76357
C      11.36321  24.59483  17.97145
C      10.60008  24.15682  19.03796
H      10.72473  23.27792  19.37974
C       9.64953  24.99498  19.61583
H       9.12057  24.67734  20.33919
C       6.22925  27.18328  27.40396
C       4.61270  33.32536  16.50963
C      12.36072  23.67389  17.33319
Cd     22.03071  16.89133  11.13892
O      20.60309  16.49332  12.93401
O      22.60017  17.29600  13.40824
O      21.43982   5.82660  12.13790
O      21.24840   4.50643  10.33568
O      13.23472  16.38417   9.61232
O      12.77336  14.87507  11.11532
C      18.52841  11.04494   5.68394
C      19.22033  10.11086   6.45946
H      19.89181   9.57312   6.05591
C      18.94059   9.95800   7.81833
C      17.99014  10.78872   8.40718
H      17.81256  10.70696   9.33643
C      17.29719  11.73779   7.66048
C      17.55442  11.83921   6.29474
H      17.05963  12.45778   5.77041
C      18.79209  11.19540   4.23310
C      20.09042  11.27241   3.74171
H      20.82409  11.18326   4.34016
C      20.33098  11.47688   2.39793
H      21.22369  11.56384   2.08498
C      19.27069  11.55781   1.49751
C      17.97314  11.43782   1.97380
H      17.24443  11.46300   1.36574
C      17.73371  11.28107   3.32993
H      16.83843  11.23108   3.64563
C      19.58246   8.87467   8.61032
C      19.83767   7.63985   8.02559
H      19.67277   7.51407   7.09909
C      20.33204   6.58748   8.78464
H      20.48599   5.74514   8.37423
C      20.60385   6.75088  10.13528
C      20.36747   7.98570  10.72001
H      20.55704   8.11427  11.64239
C      19.85395   9.03867   9.96645
H      19.68803   9.87729  10.38235
C      16.30361  12.63579   8.30286
C      15.52309  12.20929   9.36937
H      15.63019  11.32693   9.70566
C      14.59129  13.05524   9.95272
H      14.07472  12.74793  10.68844
C      14.40503  14.33463   9.48055
C      15.16816  14.77264   8.41404
H      15.04351  15.65154   8.07226
C      16.11871  13.93448   7.83617
H      16.64768  14.25212   7.11281
C      19.53899  11.74618   0.04804
C      21.15554   5.60410  10.94237
C      13.40752  15.25557  10.11881
Cd     10.45950   0.00000   0.00000
Cd     11.77241   2.57340   2.58708
O      13.20003   2.97141   0.79199
O      11.20295   2.16873   0.31776
O      12.36330  13.63813   1.58810
O      12.55472  14.95830   3.39032
O      20.56840   3.08056   4.11368
O      21.02976   4.58966   2.61069
C      15.27471   8.41979   8.04206
C      14.58279   9.35387   7.26655
H      13.91131   9.89161   7.67009
C      14.86253   9.50673   5.90767
C      15.81298   8.67601   5.31883
H      15.99056   8.75777   4.38958
C      16.50593   7.72694   6.06552
C      16.24870   7.62552   7.43126
H      16.74349   7.00695   7.95559
C      15.01103   8.26933   9.49290
C      13.71270   8.19232   9.98429
H      12.97903   8.28147   9.38584
C      13.47214   7.98785  11.32807
H      12.57943   7.90089  11.64102
C      14.53243   7.90692  12.22849
C      15.82998   8.02691  11.75220
H      16.55869   8.00173  12.36026
C      16.06941   8.18366  10.39607
H      16.96469   8.23365  10.08038
C      14.22066  10.59006   5.11568
C      13.96545  11.82488   5.70041
H      14.13035  11.95066   6.62691
C      13.47108  12.87725   4.94136
H      13.31713  13.71959   5.35177
C      13.19927  12.71385   3.59072
C      13.43565  11.47903   3.00599
H      13.24608  11.35046   2.08361
C      13.94917  10.42606   3.75955
H      14.11509   9.58744   3.34365
C      17.49951   6.82894   5.42314
C      18.28003   7.25544   4.35663
H      18.17293   8.13780   4.02035
C      19.21183   6.40949   3.77328
H      19.72840   6.71680   3.03756
C      19.39809   5.13010   4.24545
C      18.63496   4.69209   5.31196
H      18.75961   3.81319   5.65374
C      17.68441   5.53025   5.88983
H      17.15544   5.21261   6.61319
C      14.26413   7.71855  13.67796
C      12.64758  13.86063   2.78363
C      20.39560   4.20916   3.60719
Cd     23.96385  21.97245  24.86493
O      22.53623  21.57445  26.66001
O      24.53331  22.37712  27.13425
O      23.37296  10.90772  25.86390
O      23.18154   9.58756  24.06168
O      15.16787  21.46530  23.33832
O      14.70650  19.95619  24.84132
C      20.46155  16.12607  19.40994
C      21.15348  15.19198  20.18546
H      21.82495  14.65424  19.78191
C      20.87373  15.03912  21.54433
C      19.92328  15.86984  22.13318
H      19.74570  15.78808  23.06243
C      19.23033  16.81891  21.38648
C      19.48757  16.92033  20.02075
H      18.99278  17.53890  19.49641
C      20.72524  16.27653  17.95910
C      22.02357  16.35353  17.46771
H      22.75723  16.26438  18.06616
C      22.26412  16.55801  16.12393
H      23.15683  16.64497  15.81098
C      21.20383  16.63893  15.22351
C      19.90628  16.51895  15.69980
H      19.17757  16.54413  15.09174
C      19.66685  16.36219  17.05593
H      18.77158  16.31221  17.37163
C      21.51560  13.95579  22.33632
C      21.77081  12.72098  21.75159
H      21.60591  12.59519  20.82509
C      22.26518  11.66860  22.51064
H      22.41913  10.82626  22.10024
C      22.53699  11.83201  23.86128
C      22.30061  13.06682  24.44601
H      22.49018  13.19540  25.36840
C      21.78709  14.11979  23.69245
H      21.62117  14.95841  24.10835
C      18.23675  17.71692  22.02886
C      17.45623  17.29042  23.09537
H      17.56333  16.40805  23.43166
C      16.52443  18.13637  23.67873
H      16.00786  17.82906  24.41444
C      16.33817  19.41576  23.20655
C      17.10130  19.85377  22.14004
H      16.97665  20.73266  21.79826
C      18.05186  19.01560  21.56218
H      18.58082  19.33324  20.83882
C      21.47213  16.82730  13.77404
C      23.08868  10.68523  24.66837
C      15.34066  20.33669  23.84481
Cd     12.39264   5.08112  13.72600
Cd     13.70555   7.65453  16.31308
O      15.13317   8.05253  14.51799
O      13.13609   7.24985  14.04376
O      14.29645  18.71926  15.31410
O      14.48786  20.03942  17.11632
O      22.50154   8.16168  17.83968
O      22.96290   9.67078  16.33669
C      17.20786  13.50091  21.76807
C      16.51593  14.43500  20.99255
H      15.84445  14.97274  21.39609
C      16.79567  14.58786  19.63367
C      17.74612  13.75714  19.04483
H      17.92371  13.83890  18.11558
C      18.43907  12.80807  19.79152
C      18.18184  12.70665  21.15726
H      18.67663  12.08807  21.68159
C      16.94417  13.35045  23.21890
C      15.64584  13.27345  23.71030
H      14.91217  13.36260  23.11184
C      15.40528  13.06897  25.05407
H      14.51258  12.98201  25.36702
C      16.46557  12.98805  25.95450
C      17.76312  13.10803  25.47820
H      18.49183  13.08285  26.08627
C      18.00256  13.26479  24.12208
H      18.89783  13.31477  23.80638
C      16.15380  15.67119  18.84168
C      15.89859  16.90600  19.42641
H      16.06349  17.03179  20.35292
C      15.40422  17.95838  18.66736
H      15.25028  18.80072  19.07777
C      15.13241  17.79497  17.31672
C      15.36880  16.56016  16.73200
H      15.17922  16.43158  15.80961
C      15.88231  15.50719  17.48555
H      16.04823  14.66857  17.06966
C      19.43266  11.91006  19.14914
C      20.21317  12.33656  18.08263
H      20.10607  13.21893  17.74635
C      21.14497  11.49061  17.49928
H      21.66154  11.79792  16.76357
C      21.33123  10.21122  17.97145
C      20.56810   9.77321  19.03796
H      20.69276   8.89432  19.37974
C      19.61755  10.61138  19.61583
H      19.08859  10.29374  20.33919
C      16.19727  12.79968  27.40396
C      14.58072  18.94175  16.50963
C      22.32874   9.29029  17.33319
Cd     22.52219  31.27493  11.13892
O      21.09457  30.87693  12.93401
O      23.09165  31.67961  13.40824
O      21.93129  20.21020  12.13790
O      21.73988  18.89004  10.33568
O      13.72620  30.76778   9.61232
O      13.26484  29.25868  11.11532
C      19.01989  25.42855   5.68394
C      19.71181  24.49446   6.45946
H      20.38329  23.95672   6.05591
C      19.43207  24.34160   7.81833
C      18.48162  25.17232   8.40718
H      18.30404  25.09056   9.33643
C      17.78867  26.12139   7.66048
C      18.04590  26.22281   6.29474
H      17.55111  26.84139   5.77041
C      19.28357  25.57901   4.23310
C      20.58190  25.65601   3.74171
H      21.31557  25.56686   4.34016
C      20.82246  25.86049   2.39793
H      21.71516  25.94745   2.08498
C      19.76217  25.94141   1.49751
C      18.46462  25.82143   1.97380
H      17.73591  25.84661   1.36574
C      18.22519  25.66467   3.32993
H      17.32991  25.61469   3.64563
C      20.07394  23.25827   8.61032
C      20.32915  22.02346   8.02559
H      20.16425  21.89767   7.09909
C      20.82352  20.97108   8.78464
H      20.97746  20.12874   8.37423
C      21.09533  21.13449  10.13528
C      20.85895  22.36930  10.72001
H      21.04852  22.49788  11.64239
C      20.34543  23.42227   9.96645
H      20.17951  24.26089  10.38235
C      16.79509  27.01940   8.30286
C      16.01457  26.59290   9.36937
H      16.12167  25.71053   9.70566
C      15.08277  27.43885   9.95272
H      14.56620  27.13154  10.68844
C      14.89651  28.71824   9.48055
C      15.65964  29.15625   8.41404
H      15.53499  30.03514   8.07226
C      16.61019  28.31808   7.83617
H      17.13915  28.63572   7.11281
C      20.03047  26.12978   0.04804
C      21.64702  19.98771  10.94237
C      13.89900  29.63917  10.11881
Cd     10.95098  14.38361   0.00000
Cd     12.26389  16.95701   2.58708
O      13.69151  17.35501   0.79199
O      11.69443  16.55234   0.31776
O      12.85478  28.02174   1.58810
O      13.04620  29.34190   3.39032
O      21.05988  17.46416   4.11368
O      21.52124  18.97327   2.61069
C      15.76619  22.80339   8.04206
C      15.07426  23.73748   7.26655
H      14.40279  24.27522   7.67009
C      15.35401  23.89034   5.90767
C      16.30446  23.05962   5.31883
H      16.48204  23.14138   4.38958
C      16.99741  22.11055   6.06552
C      16.74018  22.00913   7.43126
H      17.23497  21.39056   7.95559
C      15.50250  22.65293   9.49290
C      14.20418  22.57593   9.98429
H      13.47051  22.66508   9.38584
C      13.96362  22.37145  11.32807
H      13.07091  22.28449  11.64102
C      15.02391  22.29053  12.22849
C      16.32146  22.41051  11.75220
H      17.05017  22.38533  12.36026
C      16.56089  22.56727  10.39607
H      17.45617  22.61725  10.08038
C      14.71214  24.97367   5.11568
C      14.45693  26.20848   5.70041
H      14.62183  26.33427   6.62691
C      13.96256  27.26086   4.94136
H      13.80861  28.10320   5.35177
C      13.69075  27.09745   3.59072
C      13.92713  25.86264   3.00599
H      13.73756  25.73406   2.08361
C      14.44065  24.80967   3.75955
H      14.60657  23.97105   3.34365
C      17.99099  21.21254   5.42314
C      18.77151  21.63904   4.35663
H      18.66441  22.52141   4.02035
C      19.70331  20.79309   3.77328
H      20.21988  21.10040   3.03756
C      19.88957  19.51370   4.24545
C      19.12644  19.07569   5.31196
H      19.25109  18.19680   5.65374
C      18.17589  19.91386   5.88983
H      17.64692  19.59622   6.61319
C      14.75561  22.10216  13.67796
C      13.13906  28.24423   2.78363
C      20.88708  18.59277   3.60719
Cd     24.45533  36.35606  24.86493
O      23.02771  35.95805  26.66001
O      25.02479  36.76073  27.13425
O      23.86444  25.29133  25.86390
O      23.67302  23.97116  24.06168
O      15.65934  35.84890  23.33832
O      15.19798  34.33980  24.84132
C      20.95303  30.50967  19.40994
C      21.64495  29.57559  20.18546
H      22.31643  29.03785  19.78191
C      21.36521  29.42273  21.54433
C      20.41476  30.25345  22.13318
H      20.23718  30.17169  23.06243
C      19.72181  31.20252  21.38648
C      19.97904  31.30394  20.02075
H      19.48425  31.92251  19.49641
C      21.21672  30.66013  17.95910
C      22.51504  30.73714  17.46771
H      23.24871  30.64799  18.06616
C      22.75560  30.94161  16.12393
H      23.64831  31.02857  15.81098
C      21.69531  31.02254  15.22351
C      20.39776  30.90255  15.69980
H      19.66905  30.92773  15.09174
C      20.15833  30.74580  17.05593
H      19.26305  30.69581  17.37163
C      22.00708  28.33940  22.33632
C      22.26229  27.10458  21.75159
H      22.09739  26.97880  20.82509
C      22.75666  26.05221  22.51064
H      22.91061  25.20987  22.10024
C      23.02847  26.21561  23.86128
C      22.79209  27.45043  24.44601
H      22.98166  27.57900  25.36840
C      22.27857  28.50340  23.69245
H      22.11265  29.34202  24.10835
C      18.72823  32.10052  22.02886
C      17.94771  31.67402  23.09537
H      18.05481  30.79166  23.43166
C      17.01591  32.51997  23.67873
H      16.49934  32.21266  24.41444
C      16.82965  33.79936  23.20655
C      17.59278  34.23737  22.14004
H      17.46813  35.11627  21.79826
C      18.54333  33.39921  21.56218
H      19.07230  33.71685  20.83882
C      21.96361  31.21091  13.77404
C      23.58016  25.06883  24.66837
C      15.83214  34.72030  23.84481
Cd     12.88412  19.46473  13.72600
Cd     14.19703  22.03813  16.31308
O      15.62465  22.43614  14.51799
O      13.62757  21.63346  14.04376
O      14.78792  33.10286  15.31410
O      14.97934  34.42303  17.11632
O      22.99302  22.54529  17.83968
O      23.45438  24.05439  16.33669
C      17.69933  27.88452  21.76807
C      17.00741  28.81860  20.99255
H      16.33593  29.35634  21.39609
C      17.28715  28.97146  19.63367
C      18.23760  28.14074  19.04483
H      18.41518  28.22250  18.11558
C      18.93055  27.19167  19.79152
C      18.67332  27.09025  21.15726
H      19.16811  26.47168  21.68159
C      17.43565  27.73406  23.21890
C      16.13732  27.65706  23.71030
H      15.40365  27.74620  23.11184
C      15.89676  27.45258  25.05407
H      15.00405  27.36562  25.36702
C      16.95705  27.37165  25.95450
C      18.25460  27.49164  25.47820
H      18.98331  27.46646  26.08627
C      18.49403  27.64839  24.12208
H      19.38931  27.69838  23.80638
C      16.64528  30.05479  18.84168
C      16.39007  31.28961  19.42641
H      16.55497  31.41539  20.35292
C      15.89570  32.34198  18.66736
H      15.74175  33.18432  19.07777
C      15.62389  32.17858  17.31672
C      15.86027  30.94376  16.73200
H      15.67070  30.81519  15.80961
C      16.37379  29.89079  17.48555
H      16.53971  29.05218  17.06966
C      19.92413  26.29367  19.14914
C      20.70465  26.72017  18.08263
H      20.59755  27.60253  17.74635
C      21.63645  25.87422  17.49928
H      22.15302  26.18153  16.76357
C      21.82271  24.59483  17.97145
C      21.05958  24.15682  19.03796
H      21.18423  23.27792  19.37974
C      20.10903  24.99498  19.61583
H      19.58007  24.67734  20.33919
C      16.68875  27.18328  27.40396
C      15.07220  33.32536  16.50963
C      22.82022  23.67389  17.33319

Results: Coordinates of rotated frame :
         792
Cd3BTB2                                
Cd      1.73145   0.22263  -3.46289
O       3.50202  -0.46644  -2.11786
O       1.89573   0.68229  -1.13919
O      10.40785   6.52764  -6.41963
O      10.84105   6.97009  -8.57464
O       6.82162  -6.59711  -6.20853
O       8.71237  -5.88587  -5.39094
C       6.12405   0.36472 -11.00531
C       6.65544   1.56057 -10.51517
H       6.49969   2.37023 -10.98751
C       7.40978   1.58291  -9.34102
C       7.58631   0.39697  -8.63209
H       8.07755   0.40937  -7.81953
C       7.05485  -0.80552  -9.09042
C       6.34862  -0.81544 -10.29160
H       6.01482  -1.63749 -10.63098
C       5.34876   0.32088 -12.26789
C       4.34434   1.24631 -12.52824
H       4.17983   1.94680 -11.90646
C       3.58154   1.16361 -13.67573
H       2.87516   1.78222 -13.81986
C       3.84134   0.17615 -14.62386
C       4.87096  -0.72447 -14.39224
H       5.07523  -1.38359 -15.04432
C       5.60304  -0.66823 -13.21670
H       6.28528  -1.31082 -13.05762
C       8.08443   2.83087  -8.89348
C       8.61630   3.71082  -9.82870
H       8.48039   3.55286 -10.75498
C       9.34529   4.81985  -9.42044
H       9.71612   5.40290 -10.07177
C       9.53902   5.08698  -8.07288
C       8.99588   4.22192  -7.13520
H       9.11358   4.39724  -6.20857
C       8.27984   3.09800  -7.54065
H       7.92078   2.50834  -6.88708
C       7.22748  -2.06009  -8.31421
C       8.37588  -2.30159  -7.57163
H       9.06561  -1.64824  -7.54863
C       8.52835  -3.48256  -6.86014
H       9.31692  -3.62398  -6.34952
C       7.55220  -4.45265  -6.88319
C       6.40591  -4.23184  -7.62408
H       5.72724  -4.89759  -7.65568
C       6.23854  -3.04011  -8.32535
H       5.43945  -2.89373  -8.81929
C       3.03646   0.11330 -15.87151
C      10.31861   6.30352  -7.64495
C       7.70921  -5.72460  -6.10343
Cd     16.91308   0.00000 -21.14774
Cd     15.18163  -0.22263 -17.68485
O      13.41106   0.46644 -19.02988
O      15.01735  -0.68229 -20.00855
O       6.50523  -6.52764 -14.72811
O       6.07203  -6.97009 -12.57310
O      10.09147   6.59711 -14.93921
O       8.20072   5.88587 -15.75679
C      10.78903  -0.36472 -10.14243
C      10.25764  -1.56057 -10.63257
H      10.41340  -2.37023 -10.16023
C       9.50330  -1.58291 -11.80672
C       9.32677  -0.39696 -12.51564
H       8.83553  -0.40937 -13.32820
C       9.85823   0.80552 -12.05733
C      10.56446   0.81544 -10.85614
H      10.89826   1.63749 -10.51676
C      11.56432  -0.32088  -8.87985
C      12.56874  -1.24631  -8.61950
H      12.73325  -1.94680  -9.24128
C      13.33154  -1.16361  -7.47202
H      14.03792  -1.78222  -7.32788
C      13.07174  -0.17615  -6.52389
C      12.04212   0.72447  -6.75551
H      11.83785   1.38359  -6.10342
C      11.31004   0.66823  -7.93104
H      10.62780   1.31082  -8.09012
C       8.82865  -2.83087 -12.25426
C       8.29678  -3.71082 -11.31905
H       8.43269  -3.55286 -10.39277
C       7.56779  -4.81985 -11.72730
H       7.19697  -5.40290 -11.07598
C       7.37407  -5.08698 -13.07486
C       7.91720  -4.22192 -14.01254
H       7.79950  -4.39724 -14.93918
C       8.63325  -3.09800 -13.60709
H       8.99230  -2.50834 -14.26067
C       9.68560   2.06009 -12.83353
C       8.53720   2.30159 -13.57611
H       7.84747   1.64824 -13.59910
C       8.38473   3.48256 -14.28761
H       7.59616   3.62398 -14.79822
C       9.36088   4.45265 -14.26455
C      10.50717   4.23184 -13.52366
H      11.18584   4.89759 -13.49207
C      10.67454   3.04011 -12.82239
H      11.47363   2.89373 -12.32845
C      13.87663  -0.11330  -5.27623
C       6.59447  -6.30352 -13.50279
C       9.20387   5.72460 -15.04431
Cd      1.73145   0.22263  11.30051
O       3.50201  -0.46644  12.64554
O       1.89574   0.68229  13.62421
O      10.40785   6.52764   8.34377
O      10.84105   6.97008   6.18876
O       6.82160  -6.59710   8.55487
O       8.71237  -5.88587   9.37246
C       6.12404   0.36471   3.75809
C       6.65544   1.56058   4.24823
H       6.49969   2.37023   3.77589
C       7.40978   1.58291   5.42238
C       7.58631   0.39697   6.13131
H       8.07755   0.40937   6.94387
C       7.05485  -0.80552   5.67298
C       6.34862  -0.81543   4.47181
H       6.01482  -1.63749   4.13242
C       5.34875   0.32088   2.49551
C       4.34434   1.24632   2.23516
H       4.17983   1.94680   2.85694
C       3.58154   1.16361   1.08767
H       2.87515   1.78222   0.94354
C       3.84134   0.17615   0.13954
C       4.87095  -0.72447   0.37117
H       5.07522  -1.38360  -0.28092
C       5.60304  -0.66823   1.54670
H       6.28527  -1.31082   1.70579
C       8.08443   2.83087   5.86991
C       8.61630   3.71081   4.93470
H       8.48039   3.55286   4.00842
C       9.34529   4.81985   5.34295
H       9.71612   5.40290   4.69164
C       9.53901   5.08697   6.69052
C       8.99588   4.22192   7.62819
H       9.11358   4.39724   8.55484
C       8.27984   3.09800   7.22274
H       7.92078   2.50834   7.87632
C       7.22748  -2.06010   6.44919
C       8.37587  -2.30159   7.19177
H       9.06561  -1.64824   7.21476
C       8.52835  -3.48257   7.90327
H       9.31691  -3.62399   8.41388
C       7.55220  -4.45266   7.88021
C       6.40591  -4.23184   7.13932
H       5.72724  -4.89759   7.10772
C       6.23854  -3.04011   6.43806
H       5.43945  -2.89373   5.94411
C       3.03646   0.11330  -1.10812
C      10.31860   6.30351   7.11845
C       7.70921  -5.72460   8.65996
Cd     16.91308   0.00000  -6.38435
Cd     15.18163  -0.22264  -2.92145
O      13.41106   0.46644  -4.26649
O      15.01735  -0.68229  -5.24515
O       6.50521  -6.52763   0.03529
O       6.07203  -6.97009   2.19029
O      10.09147   6.59711  -0.17582
O       8.20072   5.88587  -0.99340
C      10.78903  -0.36471   4.62097
C      10.25764  -1.56058   4.13083
H      10.41339  -2.37023   4.60317
C       9.50329  -1.58291   2.95668
C       9.32676  -0.39697   2.24776
H       8.83552  -0.40937   1.43520
C       9.85822   0.80551   2.70607
C      10.56445   0.81544   3.90726
H      10.89826   1.63749   4.24664
C      11.56432  -0.32088   5.88355
C      12.56873  -1.24631   6.14391
H      12.73324  -1.94680   5.52212
C      13.33154  -1.16361   7.29138
H      14.03791  -1.78222   7.43552
C      13.07174  -0.17616   8.23952
C      12.04212   0.72447   8.00789
H      11.83786   1.38359   8.65998
C      11.31004   0.66823   6.83237
H      10.62780   1.31082   6.67328
C       8.82865  -2.83088   2.50914
C       8.29678  -3.71082   3.44435
H       8.43269  -3.55286   4.37064
C       7.56778  -4.81985   3.03610
H       7.19695  -5.40289   3.68743
C       7.37407  -5.08698   1.68854
C       7.91719  -4.22191   0.75087
H       7.79950  -4.39724  -0.17578
C       8.63324  -3.09800   1.15631
H       8.99230  -2.50834   0.50274
C       9.68559   2.06010   1.92987
C       8.53720   2.30159   1.18729
H       7.84746   1.64824   1.16430
C       8.38473   3.48256   0.47579
H       7.59616   3.62399  -0.03482
C       9.36088   4.45265   0.49884
C      10.50717   4.23184   1.23974
H      11.18583   4.89759   1.27134
C      10.67454   3.04011   1.94101
H      11.47362   2.89373   2.43495
C      13.87662  -0.11331   9.48717
C       6.59447  -6.30352   1.26061
C       9.20386   5.72460  -0.28091
Cd     -8.92624  -8.04752   1.55187
O      -7.15567  -8.73659   2.89691
O      -8.76196  -7.58787   3.87557
O      -0.24983  -1.74252  -1.40487
O       0.18336  -1.30007  -3.55988
O      -3.83608 -14.86726  -1.19377
O      -1.94533 -14.15603  -0.37618
C      -4.53364  -7.90544  -5.99055
C      -4.00224  -6.70958  -5.50041
H      -4.15800  -5.89993  -5.97275
C      -3.24790  -6.68725  -4.32626
C      -3.07137  -7.87319  -3.61733
H      -2.58013  -7.86078  -2.80477
C      -3.60284  -9.07567  -4.07566
C      -4.30906  -9.08559  -5.27684
H      -4.64287  -9.90765  -5.61622
C      -5.30893  -7.94928  -7.25313
C      -6.31334  -7.02384  -7.51348
H      -6.47786  -6.32336  -6.89170
C      -7.07615  -7.10655  -8.66096
H      -7.78253  -6.48794  -8.80510
C      -6.81635  -8.09400  -9.60910
C      -5.78673  -8.99462  -9.37747
H      -5.58247  -9.65375 -10.02956
C      -5.05465  -8.93838  -8.20194
H      -4.37241  -9.58098  -8.04285
C      -2.57326  -5.43928  -3.87872
C      -2.04139  -4.55934  -4.81393
H      -2.17729  -4.71729  -5.74022
C      -1.31239  -3.45030  -4.40568
H      -0.94157  -2.86726  -5.05701
C      -1.11868  -3.18318  -3.05812
C      -1.66181  -4.04823  -2.12044
H      -1.54411  -3.87291  -1.19380
C      -2.37785  -5.17215  -2.52589
H      -2.73691  -5.76182  -1.87232
C      -3.43021 -10.33025  -3.29945
C      -2.28181 -10.57174  -2.55687
H      -1.59207  -9.91839  -2.53387
C      -2.12934 -11.75272  -1.84537
H      -1.34077 -11.89414  -1.33476
C      -3.10549 -12.72281  -1.86842
C      -4.25178 -12.50199  -2.60932
H      -4.93045 -13.16774  -2.64092
C      -4.41915 -11.31027  -3.31059
H      -5.21823 -11.16389  -3.80453
C      -7.62123  -8.15685 -10.85675
C      -0.33908  -1.96664  -2.63019
C      -2.94847 -13.99476  -1.08867
Cd      6.25539  -8.27016 -16.13298
Cd      4.52394  -8.49279 -12.67009
O       2.75338  -7.80372 -14.01512
O       4.35966  -8.95245 -14.99379
O      -4.15247 -14.79779  -9.71335
O      -4.58566 -15.24024  -7.55834
O      -0.56622  -1.67305  -9.92445
O      -2.45697  -2.38429 -10.74203
C       0.13135  -8.63487  -5.12767
C      -0.40004  -9.83074  -5.61781
H      -0.24430 -10.64038  -5.14547
C      -1.15440  -9.85306  -6.79196
C      -1.33092  -8.66712  -7.50088
H      -1.82216  -8.67953  -8.31344
C      -0.79946  -7.46464  -7.04256
C      -0.09323  -7.45471  -5.84138
H       0.24056  -6.63266  -5.50200
C       0.90664  -8.59104  -3.86509
C       1.91104  -9.51647  -3.60474
H       2.07556 -10.21695  -4.22652
C       2.67385  -9.43376  -2.45726
H       3.38023 -10.05238  -2.31312
C       2.41405  -8.44631  -1.50912
C       1.38443  -7.54569  -1.74075
H       1.18017  -6.88656  -1.08866
C       0.65235  -7.60193  -2.91628
H      -0.02988  -6.95933  -3.07536
C      -1.82904 -11.10103  -7.23949
C      -2.36091 -11.98097  -6.30428
H      -2.22500 -11.82302  -5.37800
C      -3.08991 -13.09000  -6.71253
H      -3.46073 -13.67305  -6.06121
C      -3.28362 -13.35713  -8.06010
C      -2.74049 -12.49207  -8.99777
H      -2.85819 -12.66739  -9.92442
C      -2.02445 -11.36816  -8.59232
H      -1.66539 -10.77849  -9.24590
C      -0.97209  -6.21006  -7.81877
C      -2.12049  -5.96857  -8.56135
H      -2.81022  -6.62192  -8.58434
C      -2.27296  -4.78759  -9.27285
H      -3.06152  -4.64617  -9.78346
C      -1.29681  -3.81750  -9.24979
C      -0.15052  -4.03832  -8.50890
H       0.52815  -3.37257  -8.47730
C       0.01685  -5.23004  -7.80763
H       0.81594  -5.37643  -7.31368
C       3.21893  -8.38346  -0.26147
C      -4.06321 -14.57367  -8.48803
C      -1.45382  -2.54555 -10.02955
Cd     -8.92624  -8.04752  16.31528
O      -7.15567  -8.73659  17.66030
O      -8.76196  -7.58787  18.63898
O      -0.24984  -1.74252  13.35853
O       0.18336  -1.30007  11.20352
O      -3.83608 -14.86726  13.56963
O      -1.94533 -14.15603  14.38722
C      -4.53364  -7.90544   8.77285
C      -4.00225  -6.70958   9.26300
H      -4.15801  -5.89993   8.79065
C      -3.24791  -6.68725  10.43714
C      -3.07138  -7.87319  11.14607
H      -2.58014  -7.86078  11.95863
C      -3.60284  -9.07567  10.68774
C      -4.30907  -9.08560   9.48657
H      -4.64287  -9.90765   9.14718
C      -5.30894  -7.94927   7.51027
C      -6.31335  -7.02385   7.24992
H      -6.47786  -6.32336   7.87170
C      -7.07615  -7.10655   6.10243
H      -7.78253  -6.48793   5.95830
C      -6.81635  -8.09400   5.15430
C      -5.78673  -8.99462   5.38593
H      -5.58247  -9.65375   4.73384
C      -5.05466  -8.93838   6.56146
H      -4.37241  -9.58098   6.72054
C      -2.57326  -5.43929  10.88468
C      -2.04139  -4.55934   9.94946
H      -2.17730  -4.71730   9.02319
C      -1.31240  -3.45031  10.35772
H      -0.94157  -2.86726   9.70640
C      -1.11868  -3.18318  11.70528
C      -1.66181  -4.04824  12.64296
H      -1.54411  -3.87291  13.56960
C      -2.37786  -5.17216  12.23751
H      -2.73691  -5.76182  12.89108
C      -3.43021 -10.33025  11.46395
C      -2.28181 -10.57174  12.20653
H      -1.59208  -9.91840  12.22953
C      -2.12934 -11.75272  12.91803
H      -1.34077 -11.89414  13.42864
C      -3.10549 -12.72281  12.89497
C      -4.25178 -12.50199  12.15408
H      -4.93045 -13.16774  12.12248
C      -4.41915 -11.31027  11.45282
H      -5.21824 -11.16388  10.95888
C      -7.62124  -8.15686   3.90665
C      -0.33908  -1.96664  12.13321
C      -2.94848 -13.99476  13.67473
Cd      6.25539  -8.27016  -1.36958
Cd      4.52394  -8.49279   2.09331
O       2.75337  -7.80372   0.74828
O       4.35966  -8.95245  -0.23039
O      -4.15247 -14.79779   5.05005
O      -4.58566 -15.24024   7.20506
O      -0.56623  -1.67305   4.83895
O      -2.45697  -2.38429   4.02137
C       0.13134  -8.63488   9.63574
C      -0.40005  -9.83073   9.14559
H      -0.24430 -10.64038   9.61793
C      -1.15440  -9.85306   7.97144
C      -1.33092  -8.66712   7.26252
H      -1.82216  -8.67953   6.44996
C      -0.79946  -7.46464   7.72084
C      -0.09323  -7.45471   8.92202
H       0.24056  -6.63266   9.26140
C       0.90662  -8.59104  10.89831
C       1.91104  -9.51647  11.15867
H       2.07556 -10.21695  10.53688
C       2.67385  -9.43377  12.30614
H       3.38023 -10.05238  12.45028
C       2.41405  -8.44631  13.25428
C       1.38443  -7.54569  13.02265
H       1.18016  -6.88656  13.67475
C       0.65235  -7.60193  11.84713
H      -0.02989  -6.95934  11.68804
C      -1.82904 -11.10103   7.52390
C      -2.36092 -11.98098   8.45912
H      -2.22500 -11.82302   9.38540
C      -3.08991 -13.09000   8.05086
H      -3.46073 -13.67305   8.70218
C      -3.28363 -13.35713   6.70330
C      -2.74049 -12.49207   5.76563
H      -2.85819 -12.66740   4.83898
C      -2.02445 -11.36816   6.17107
H      -1.66540 -10.77850   5.51751
C      -0.97210  -6.21007   6.94463
C      -2.12049  -5.96857   6.20205
H      -2.81022  -6.62192   6.17906
C      -2.27296  -4.78760   5.49055
H      -3.06153  -4.64617   4.97995
C      -1.29681  -3.81751   5.51361
C      -0.15052  -4.03832   6.25450
H       0.52815  -3.37257   6.28609
C       0.01685  -5.23004   6.95577
H       0.81593  -5.37642   7.44971
C       3.21893  -8.38346  14.50193
C      -4.06322 -14.57367   6.27537
C      -1.45382  -2.54555   4.73385
Cd     -4.52394   8.49279  -2.09331
O      -2.75337   7.80372  -0.74828
O      -4.35966   8.95245   0.23039
O       4.15247  14.79779  -5.05005
O       4.58566  15.24024  -7.20506
O       0.56623   1.67305  -4.83895
O       2.45698   2.38429  -4.02136
C      -0.13134   8.63488  -9.63573
C       0.40005   9.83073  -9.14558
H       0.24430  10.64038  -9.61793
C       1.15440   9.85306  -7.97144
C       1.33093   8.66712  -7.26251
H       1.82216   8.67953  -6.44995
C       0.79946   7.46464  -7.72084
C       0.09323   7.45471  -8.92202
H      -0.24056   6.63266  -9.26140
C      -0.90662   8.59104 -10.89831
C      -1.91104   9.51647 -11.15866
H      -2.07556  10.21695 -10.53688
C      -2.67385   9.43377 -12.30614
H      -3.38023  10.05238 -12.45028
C      -2.41405   8.44631 -13.25428
C      -1.38443   7.54569 -13.02265
H      -1.18016   6.88656 -13.67474
C      -0.65235   7.60193 -11.84712
H       0.02989   6.95934 -11.68803
C       1.82904  11.10103  -7.52390
C       2.36092  11.98098  -8.45912
H       2.22500  11.82302  -9.38539
C       3.08991  13.09000  -8.05086
H       3.46073  13.67305  -8.70218
C       3.28363  13.35713  -6.70330
C       2.74049  12.49207  -5.76562
H       2.85819  12.66740  -4.83898
C       2.02445  11.36816  -6.17107
H       1.66539  10.77849  -5.51749
C       0.97210   6.21007  -6.94463
C       2.12049   5.96857  -6.20205
H       2.81023   6.62192  -6.17905
C       2.27296   4.78760  -5.49055
H       3.06153   4.64617  -4.97994
C       1.29681   3.81751  -5.51361
C       0.15052   4.03832  -6.25450
H      -0.52815   3.37257  -6.28609
C      -0.01685   5.23004  -6.95577
H      -0.81594   5.37643  -7.44971
C      -3.21893   8.38346 -14.50193
C       4.06322  14.57367  -6.27537
C       1.45382   2.54555  -4.73385
Cd     10.65769   8.27016 -19.77816
Cd      8.92624   8.04752 -16.31527
O       7.15567   8.73659 -17.66030
O       8.76196   7.58787 -18.63897
O       0.24984   1.74252 -13.35853
O      -0.18336   1.30007 -11.20352
O       3.83608  14.86726 -13.56963
O       1.94533  14.15603 -14.38721
C       4.53364   7.90544  -8.77285
C       4.00225   6.70958  -9.26299
H       4.15801   5.89993  -8.79065
C       3.24791   6.68725 -10.43714
C       3.07138   7.87319 -11.14606
H       2.58015   7.86078 -11.95862
C       3.60284   9.07567 -10.68774
C       4.30907   9.08560  -9.48656
H       4.64287   9.90765  -9.14718
C       5.30893   7.94928  -7.51027
C       6.31335   7.02385  -7.24992
H       6.47786   6.32336  -7.87170
C       7.07615   7.10655  -6.10243
H       7.78253   6.48793  -5.95830
C       6.81635   8.09400  -5.15430
C       5.78673   8.99462  -5.38593
H       5.58247   9.65375  -4.73384
C       5.05466   8.93838  -6.56146
H       4.37242   9.58098  -6.72054
C       2.57326   5.43929 -10.88468
C       2.04139   4.55934  -9.94946
H       2.17730   4.71730  -9.02319
C       1.31240   3.45031 -10.35772
H       0.94158   2.86726  -9.70639
C       1.11868   3.18318 -11.70528
C       1.66181   4.04824 -12.64296
H       1.54411   3.87291 -13.56959
C       2.37786   5.17216 -12.23751
H       2.73691   5.76182 -12.89108
C       3.43021  10.33025 -11.46395
C       2.28181  10.57174 -12.20653
H       1.59208   9.91840 -12.22952
C       2.12934  11.75272 -12.91802
H       1.34077  11.89414 -13.42864
C       3.10549  12.72281 -12.89497
C       4.25178  12.50199 -12.15408
H       4.93045  13.16774 -12.12248
C       4.41916  11.31027 -11.45281
H       5.21824  11.16388 -10.95887
C       7.62124   8.15686  -3.90665
C       0.33908   1.96664 -12.13321
C       2.94848  13.99476 -13.67473
Cd     -4.52394   8.49279  12.67010
O      -2.75338   7.80372  14.01512
O      -4.35965   8.95245  14.99380
O       4.15247  14.79779   9.71335
O       4.58566  15.24024   7.55834
O       0.56621   1.67305   9.92445
O       2.45698   2.38429  10.74204
C      -0.13135   8.63487   5.12767
C       0.40005   9.83074   5.61781
H       0.24430  10.64038   5.14547
C       1.15440   9.85306   6.79196
C       1.33093   8.66712   7.50089
H       1.82216   8.67953   8.31345
C       0.79946   7.46464   7.04256
C       0.09323   7.45472   5.84139
H      -0.24057   6.63267   5.50200
C      -0.90664   8.59104   3.86509
C      -1.91105   9.51647   3.60474
H      -2.07556  10.21695   4.22652
C      -2.67385   9.43376   2.45726
H      -3.38023  10.05238   2.31312
C      -2.41405   8.44631   1.50912
C      -1.38443   7.54569   1.74075
H      -1.18017   6.88656   1.08866
C      -0.65235   7.60193   2.91628
H       0.02988   6.95934   3.07537
C       1.82904  11.10103   7.23949
C       2.36091  11.98097   6.30428
H       2.22500  11.82302   5.37800
C       3.08991  13.09000   6.71253
H       3.46073  13.67305   6.06122
C       3.28362  13.35713   8.06010
C       2.74049  12.49207   8.99777
H       2.85819  12.66740   9.92442
C       2.02445  11.36816   8.59232
H       1.66539  10.77849   9.24590
C       0.97209   6.21006   7.81877
C       2.12049   5.96857   8.56135
H       2.81023   6.62192   8.58435
C       2.27296   4.78759   9.27286
H       3.06152   4.64617   9.78346
C       1.29681   3.81750   9.24979
C       0.15052   4.03832   8.50890
H      -0.52815   3.37257   8.47730
C      -0.01685   5.23005   7.80764
H      -0.81594   5.37643   7.31369
C      -3.21893   8.38346   0.26147
C       4.06321  14.57367   8.48803
C       1.45382   2.54555  10.02955
Cd     10.65769   8.27016  -5.01476
Cd      8.92624   8.04752  -1.55187
O       7.15567   8.73659  -2.89691
O       8.76196   7.58787  -3.87557
O       0.24983   1.74252   1.40487
O      -0.18336   1.30007   3.55988
O       3.83608  14.86726   1.19377
O       1.94533  14.15603   0.37619
C       4.53364   7.90545   5.99056
C       4.00225   6.70958   5.50041
H       4.15800   5.89993   5.97275
C       3.24790   6.68725   4.32626
C       3.07138   7.87319   3.61734
H       2.58013   7.86079   2.80478
C       3.60284   9.07567   4.07566
C       4.30906   9.08559   5.27684
H       4.64287   9.90765   5.61622
C       5.30893   7.94928   7.25313
C       6.31335   7.02384   7.51349
H       6.47786   6.32336   6.89170
C       7.07615   7.10655   8.66096
H       7.78253   6.48794   8.80510
C       6.81635   8.09400   9.60911
C       5.78673   8.99462   9.37747
H       5.58247   9.65375  10.02957
C       5.05465   8.93839   8.20195
H       4.37242   9.58098   8.04286
C       2.57326   5.43928   3.87872
C       2.04139   4.55934   4.81393
H       2.17730   4.71729   5.74022
C       1.31239   3.45030   4.40568
H       0.94157   2.86726   5.05701
C       1.11868   3.18318   3.05812
C       1.66180   4.04824   2.12046
H       1.54411   3.87291   1.19380
C       2.37785   5.17215   2.52589
H       2.73691   5.76182   1.87233
C       3.43020  10.33026   3.29945
C       2.28181  10.57174   2.55687
H       1.59208   9.91839   2.53388
C       2.12934  11.75272   1.84537
H       1.34078  11.89414   1.33477
C       3.10549  12.72281   1.86842
C       4.25178  12.50199   2.60932
H       4.93044  13.16775   2.64092
C       4.41915  11.31027   3.31059
H       5.21823  11.16389   3.80453
C       7.62123   8.15685  10.85675
C       0.33908   1.96664   2.63019
C       2.94847  13.99476   1.08867
Cd    -15.18163   0.22264   2.92145
O     -13.41106  -0.46644   4.26649
O     -15.01735   0.68229   5.24515
O      -6.50521   6.52763  -0.03529
O      -6.07203   6.97009  -2.19029
O     -10.09147  -6.59711   0.17582
O      -8.20072  -5.88587   0.99340
C     -10.78903   0.36472  -4.62096
C     -10.25763   1.56058  -4.13082
H     -10.41339   2.37023  -4.60317
C      -9.50329   1.58291  -2.95668
C      -9.32676   0.39697  -2.24775
H      -8.83552   0.40938  -1.43519
C      -9.85822  -0.80551  -2.70607
C     -10.56445  -0.81544  -3.90726
H     -10.89826  -1.63749  -4.24664
C     -11.56432   0.32088  -5.88355
C     -12.56873   1.24631  -6.14390
H     -12.73324   1.94680  -5.52212
C     -13.33154   1.16361  -7.29138
H     -14.03791   1.78222  -7.43552
C     -13.07174   0.17616  -8.23952
C     -12.04212  -0.72447  -8.00789
H     -11.83785  -1.38359  -8.65997
C     -11.31004  -0.66822  -6.83236
H     -10.62780  -1.31082  -6.67327
C      -8.82865   2.83088  -2.50914
C      -8.29678   3.71082  -3.44435
H      -8.43268   3.55287  -4.37063
C      -7.56778   4.81985  -3.03610
H      -7.19695   5.40289  -3.68743
C      -7.37407   5.08698  -1.68854
C      -7.91720   4.22192  -0.75086
H      -7.79950   4.39724   0.17578
C      -8.63324   3.09800  -1.15631
H      -8.99229   2.50834  -0.50273
C      -9.68560  -2.06009  -1.92987
C      -8.53720  -2.30159  -1.18729
H      -7.84746  -1.64824  -1.16429
C      -8.38473  -3.48256  -0.47579
H      -7.59616  -3.62398   0.03482
C      -9.36088  -4.45265  -0.49884
C     -10.50717  -4.23184  -1.23974
H     -11.18583  -4.89758  -1.27133
C     -10.67454  -3.04011  -1.94101
H     -11.47362  -2.89373  -2.43495
C     -13.87662   0.11331  -9.48717
C      -6.59447   6.30352  -1.26061
C      -9.20386  -5.72460   0.28091
Cd      0.00000   0.00000 -14.76340
Cd     -1.73145  -0.22263 -11.30050
O      -3.50201   0.46644 -12.64554
O      -1.89573  -0.68229 -13.62420
O     -10.40785  -6.52764  -8.34377
O     -10.84105  -6.97008  -6.18876
O      -6.82161   6.59711  -8.55487
O      -8.71236   5.88587  -9.37245
C      -6.12404  -0.36471  -3.75809
C      -6.65543  -1.56058  -4.24822
H      -6.49969  -2.37023  -3.77589
C      -7.40978  -1.58291  -5.42238
C      -7.58631  -0.39696  -6.13130
H      -8.07755  -0.40937  -6.94386
C      -7.05485   0.80552  -5.67298
C      -6.34862   0.81544  -4.47180
H      -6.01482   1.63749  -4.13241
C      -5.34875  -0.32088  -2.49551
C      -4.34434  -1.24631  -2.23515
H      -4.17983  -1.94680  -2.85694
C      -3.58154  -1.16361  -1.08767
H      -2.87515  -1.78222  -0.94354
C      -3.84134  -0.17615  -0.13954
C      -4.87095   0.72447  -0.37117
H      -5.07522   1.38360   0.28092
C      -5.60304   0.66823  -1.54670
H      -6.28527   1.31083  -1.70578
C      -8.08443  -2.83087  -5.86991
C      -8.61630  -3.71081  -4.93470
H      -8.48039  -3.55286  -4.00842
C      -9.34529  -4.81985  -5.34295
H      -9.71612  -5.40290  -4.69163
C      -9.53901  -5.08697  -6.69052
C      -8.99588  -4.22192  -7.62819
H      -9.11357  -4.39724  -8.55483
C      -8.27984  -3.09800  -7.22274
H      -7.92078  -2.50834  -7.87632
C      -7.22748   2.06010  -6.44919
C      -8.37587   2.30159  -7.19177
H      -9.06561   1.64824  -7.21475
C      -8.52835   3.48257  -7.90326
H      -9.31691   3.62399  -8.41388
C      -7.55220   4.45266  -7.88021
C      -6.40591   4.23184  -7.13932
H      -5.72724   4.89759  -7.10772
C      -6.23854   3.04011  -6.43805
H      -5.43945   2.89373  -5.94410
C      -3.03646  -0.11330   1.10812
C     -10.31860  -6.30351  -7.11845
C      -7.70921   5.72460  -8.65996
Cd    -15.18163   0.22263  17.68486
O     -13.41106  -0.46644  19.02988
O     -15.01735   0.68229  20.00856
O      -6.50523   6.52764  14.72811
O      -6.07203   6.97009  12.57310
O     -10.09147  -6.59711  14.93921
O      -8.20072  -5.88587  15.75680
C     -10.78903   0.36472  10.14243
C     -10.25764   1.56057  10.63258
H     -10.41340   2.37023  10.16023
C      -9.50330   1.58291  11.80672
C      -9.32677   0.39697  12.51565
H      -8.83553   0.40937  13.32821
C      -9.85823  -0.80552  12.05733
C     -10.56446  -0.81544  10.85615
H     -10.89826  -1.63749  10.51676
C     -11.56432   0.32089   8.87985
C     -12.56874   1.24631   8.61950
H     -12.73325   1.94680   9.24128
C     -13.33154   1.16361   7.47202
H     -14.03792   1.78222   7.32788
C     -13.07174   0.17615   6.52389
C     -12.04212  -0.72447   6.75551
H     -11.83785  -1.38359   6.10342
C     -11.31004  -0.66823   7.93104
H     -10.62780  -1.31082   8.09013
C      -8.82865   2.83087  12.25426
C      -8.29678   3.71082  11.31905
H      -8.43269   3.55286  10.39277
C      -7.56779   4.81985  11.72730
H      -7.19696   5.40290  11.07599
C      -7.37407   5.08698  13.07486
C      -7.91720   4.22192  14.01254
H      -7.79950   4.39724  14.93919
C      -8.63325   3.09800  13.60709
H      -8.99230   2.50834  14.26067
C      -9.68560  -2.06009  12.83353
C      -8.53720  -2.30159  13.57611
H      -7.84747  -1.64824  13.59911
C      -8.38473  -3.48256  14.28762
H      -7.59616  -3.62398  14.79822
C      -9.36088  -4.45265  14.26455
C     -10.50717  -4.23184  13.52366
H     -11.18584  -4.89759  13.49207
C     -10.67454  -3.04011  12.82240
H     -11.47363  -2.89373  12.32846
C     -13.87663   0.11330   5.27623
C      -6.59447   6.30352  13.50279
C      -9.20387  -5.72460  15.04431
Cd      0.00000   0.00000   0.00000
Cd     -1.73145  -0.22263   3.46289
O      -3.50202   0.46644   2.11786
O      -1.89573  -0.68229   1.13919
O     -10.40785  -6.52764   6.41963
O     -10.84105  -6.97009   8.57464
O      -6.82162   6.59711   6.20853
O      -8.71236   5.88587   5.39095
C      -6.12405  -0.36472  11.00532
C      -6.65544  -1.56057  10.51517
H      -6.49969  -2.37023  10.98751
C      -7.40978  -1.58291   9.34102
C      -7.58631  -0.39696   8.63210
H      -8.07755  -0.40937   7.81954
C      -7.05485   0.80552   9.09042
C      -6.34862   0.81544  10.29160
H      -6.01482   1.63749  10.63098
C      -5.34876  -0.32088  12.26789
C      -4.34435  -1.24631  12.52826
H      -4.17983  -1.94680  11.90646
C      -3.58154  -1.16361  13.67573
H      -2.87516  -1.78222  13.81986
C      -3.84134  -0.17615  14.62387
C      -4.87096   0.72447  14.39224
H      -5.07522   1.38359  15.04433
C      -5.60303   0.66823  13.21671
H      -6.28528   1.31082  13.05763
C      -8.08443  -2.83087   8.89348
C      -8.61630  -3.71082   9.82870
H      -8.48039  -3.55286  10.75498
C      -9.34529  -4.81985   9.42044
H      -9.71612  -5.40290  10.07177
C      -9.53902  -5.08698   8.07288
C      -8.99588  -4.22192   7.13521
H      -9.11358  -4.39724   6.20857
C      -8.27984  -3.09800   7.54065
H      -7.92078  -2.50834   6.88709
C      -7.22748   2.06009   8.31421
C      -8.37588   2.30159   7.57163
H      -9.06561   1.64824   7.54864
C      -8.52835   3.48256   6.86014
H      -9.31692   3.62399   6.34953
C      -7.55220   4.45265   6.88319
C      -6.40591   4.23184   7.62408
H      -5.72724   4.89759   7.65568
C      -6.23854   3.04011   8.32535
H      -5.43945   2.89374   8.81929
C      -3.03646  -0.11330  15.87151
C     -10.31861  -6.30352   7.64495
C      -7.70921   5.72460   6.10343

Results : Volumes in Angs^3

       N of voxels examined :          179579
       Volume of voxel      :       0.0010000


   V Free    V Buried   V Total   V Exact
      55.9     123.5     179.4     179.6

    Buried volume =     123.53 Angs^3

   %V Free   %V Buried  % V Tot/V Ex
      31.2      68.8      99.9

    The %V Bur of the molecule is:     68.8

                 Quadrants analysis
 Quadrant     V f     V b     V t    %V f    %V b
 SW           7.6    37.2    44.9    17.0    83.0
 NW          20.3    24.5    44.9    45.3    54.7
 NE           7.6    37.2    44.9    17.0    83.0
 SE          20.3    24.5    44.9    45.3    54.7

                   Octants analysis
 Octant       V f      V b    V t    %V f    %V b
 SW-z         1.8    20.6    22.4     8.2    91.8
 NW-z        16.3     6.1    22.4    72.8    27.2
 NE-z         5.8    16.6    22.4    25.8    74.2
 SE-z         4.0    18.4    22.4    17.9    82.1
 SW+z         5.8    16.6    22.4    25.8    74.2
 NW+z         4.0    18.4    22.4    17.9    82.1
 NE+z         1.8    20.6    22.4     8.2    91.8
 SE+z        16.3     6.1    22.4    72.8    27.2

  No. of frames analyzed :            1

 Normal termination
