
 ---------------------------------------------------
 |                                                 |
 |              S A M B V C A  2.1                 |
 |                                                 |
 |              Release 29-06-2019                 |
 |                                                 |
 |       Molecular Buried Volume Calculator        |
 |                                                 |
 |  http://www.molnac.unisa.it/OM-tools/SambVca    |
 |                                                 |
 |  L. Cavallo & Z. Cao  Email: lcavallo@unisa.it  |
 |                                                 |
 ---------------------------------------------------

Checking: No. of atoms to be removed :                     0
Checking: No. of atoms defining the sphere center :        1
Checking: Atoms defining the sphere center :
  162
Checking : No. of atoms defining the Z-axis :              1
   66
Checking : No. of atoms defining the XZ-plane :            1
  171
 Checking: Vbur sphere radius :            3.500
 Checking: Displacement from origin :      0.000
 Checking: Bin width :                     0.100
 Checking: Removing H atoms
 Checking: Outputting steric map
 Checking: No. of atom types in your database :         103
 Checking: Atom labels and radius in the database :
H    1.280
HE   1.640
LI   2.130
BE   1.790
B    2.250
C    1.990
N    1.810
O    1.780
F    1.720
NE   1.800
NA   2.660
MG   2.020
AL   2.150
SI   2.460
P    2.110
S    2.110
CL   2.050
AR   2.200
K    3.220
CA   2.700
SC   2.520
TI   2.470
V    2.420
CR   2.410
MN   2.400
FE   2.390
CO   2.340
NI   1.910
CU   1.640
ZN   1.630
GA   2.190
GE   2.470
AS   2.160
SE   2.220
BR   2.160
KR   2.360
RB   3.550
SR   2.910
Y    2.710
ZR   2.610
NB   2.550
MO   2.540
TC   2.530
RU   2.490
RH   2.460
PD   1.910
AG   2.010
CD   1.850
IN   2.260
SN   2.540
SB   2.410
TE   2.410
I    2.320
XE   2.530
CS   4.010
BA   3.140
LA   2.840
CE   2.830
PR   2.810
ND   2.800
PM   2.780
SM   2.760
EU   2.750
GD   2.740
TB   2.730
DY   2.700
HO   2.690
ER   2.680
TM   2.660
YB   2.640
LU   2.620
HF   2.610
TA   2.600
W    2.550
RE   2.530
OS   2.530
IR   2.490
PT   2.010
AU   1.940
HG   1.810
TL   2.290
PB   2.360
BI   2.420
PO   2.300
AT   2.360
RN   2.570
FR   4.070
RA   3.310
AC   2.890
TH   2.870
PA   2.840
U    2.180
NP   2.800
PU   2.840
AM   2.850
CM   2.870
BK   2.850
CF   2.870
ES   2.870
FM   2.870
M    2.880
NO   2.880
LR   2.880

Checking: No. of atoms of input frame :                  192

Checking: Coordinates of input frame :
C      -3.71738  12.01291   1.71028
C      -4.92692  11.34670   1.71028
C      -6.17048  12.02692   1.71028
H      -3.73567  13.15282   1.71028
H      -6.19697  13.16683   1.71028
C       2.53666   9.96783   1.71028
C       3.71838   9.25344   1.71028
C       3.75107   7.83638   1.71028
H       1.55861   9.38204   1.71028
H       2.77712   7.24349   1.71028
C       1.18073  16.40653   1.71028
C       1.20854  17.78712   1.71028
C       2.41941  18.52397   1.71028
H       2.17706  15.85241   1.71028
H       3.41985  17.97695   1.71028
C      14.79883   7.18072   1.71028
C      16.00837   7.84693   1.71028
C      17.25193   7.16671   1.71028
H      14.81712   6.04081   1.71028
H      17.27842   6.02680   1.71028
C       8.54480   9.22580   1.71028
C       7.36307   9.94019   1.71028
C       7.33038  11.35726   1.71028
H       9.52284   9.81159   1.71028
H       8.30433  11.95015   1.71028
C       9.90072   2.78711   1.71028
C       9.87291   1.40651   1.71028
C       8.66204   0.66967   1.71028
H       8.90439   3.34123   1.71028
H       7.66160   1.21668   1.71028
C      12.26218   2.78711   1.71028
C      12.28999   1.40651   1.71028
C      13.50086   0.66967   1.71028
H      13.25851   3.34123   1.71028
H      14.50130   1.21668   1.71028
C       7.36407   7.18072   1.71028
C       6.15453   7.84693   1.71028
C       4.91097   7.16671   1.71028
H       7.34578   6.04081   1.71028
H       4.88448   6.02680   1.71028
C      13.61810   9.22580   1.71028
C      14.79983   9.94019   1.71028
C      14.83252  11.35726   1.71028
H      12.64006   9.81159   1.71028
H      13.85857  11.95015   1.71028
C      -1.18073  16.40653   1.71028
C      -1.20854  17.78712   1.71028
C      -2.41941  18.52397   1.71028
H      -2.17706  15.85241   1.71028
H      -3.41985  17.97695   1.71028
C       3.71738  12.01291   1.71028
C       4.92692  11.34670   1.71028
C       6.17048  12.02692   1.71028
H       3.73567  13.15282   1.71028
H       6.19697  13.16683   1.71028
C      -2.53666   9.96783   1.71028
C      -3.71838   9.25344   1.71028
C      -3.75107   7.83638   1.71028
H      -1.55861   9.38204   1.71028
H      -2.77712   7.24349   1.71028
C      -2.51449  11.34401   1.71028
C      -4.93402   9.94710   1.71028
B      -1.18959  12.10907   1.71028
C       2.51449  11.34401   1.71028
C       4.93402   9.94710   1.71028
B       1.18959  12.10907   1.71028
C       0.00000  15.69924   1.71028
C       0.00000  18.49307   1.71028
B       0.00011  14.16932   1.71028
C      13.59594   7.84962   1.71028
C      16.01547   9.24653   1.71028
B      12.27093   7.08475   1.71028
C       8.56696   7.84962   1.71028
C       6.14743   9.24653   1.71028
B       9.89197   7.08475   1.71028
C      11.08145   3.49439   1.71028
C      11.08145   0.70057   1.71028
B      11.08156   5.02432   1.71028
O       0.00011  11.43576   1.71028
O       1.17774  13.47585   1.71028
O      -1.17774  13.47585   1.71028
O      11.08156   7.75788   1.71028
O       9.90360   5.71798   1.71028
O      12.25930   5.71798   1.71028
C      15.99242  12.02692   1.71028
C      13.50086  -0.66967   1.71028
C      -4.91097   7.16671   1.71028
C      -2.41941  19.86330   1.71028
C       2.41941  19.86330   1.71028
C      -7.33038  11.35726   1.71028
C       8.66204  -0.66967   1.71028
C      18.41183   7.83638   1.71028
C      17.22888   9.94710   1.71028
C      11.08145  -0.70057   1.71028
C      -6.14743   9.24653   1.71028
C       0.00000  19.89420   1.71028
C      -3.71738  12.01291   5.13098
C      -4.92692  11.34670   5.13098
C      -6.17048  12.02692   5.13098
H      -3.73567  13.15282   5.13098
H      -6.19697  13.16683   5.13098
C       2.53666   9.96783   5.13098
C       3.71838   9.25344   5.13098
C       3.75107   7.83638   5.13098
H       1.55861   9.38204   5.13098
H       2.77712   7.24349   5.13098
C       1.18073  16.40653   5.13098
C       1.20854  17.78712   5.13098
C       2.41941  18.52397   5.13098
H       2.17706  15.85241   5.13098
H       3.41985  17.97695   5.13098
C      14.79883   7.18072   5.13098
C      16.00837   7.84693   5.13098
C      17.25193   7.16671   5.13098
H      14.81712   6.04081   5.13098
H      17.27842   6.02680   5.13098
C       8.54480   9.22580   5.13098
C       7.36307   9.94019   5.13098
C       7.33038  11.35726   5.13098
H       9.52284   9.81159   5.13098
H       8.30433  11.95015   5.13098
C       9.90072   2.78711   5.13098
C       9.87291   1.40651   5.13098
C       8.66204   0.66967   5.13098
H       8.90439   3.34123   5.13098
H       7.66160   1.21668   5.13098
C      12.26218   2.78711   5.13098
C      12.28999   1.40651   5.13098
C      13.50086   0.66967   5.13098
H      13.25851   3.34123   5.13098
H      14.50130   1.21668   5.13098
C       7.36407   7.18072   5.13098
C       6.15453   7.84693   5.13098
C       4.91097   7.16671   5.13098
H       7.34578   6.04081   5.13098
H       4.88448   6.02680   5.13098
C      13.61810   9.22580   5.13098
C      14.79983   9.94019   5.13098
C      14.83252  11.35726   5.13098
H      12.64006   9.81159   5.13098
H      13.85857  11.95015   5.13098
C      -1.18073  16.40653   5.13098
C      -1.20854  17.78712   5.13098
C      -2.41941  18.52397   5.13098
H      -2.17706  15.85241   5.13098
H      -3.41985  17.97695   5.13098
C       3.71738  12.01291   5.13098
C       4.92692  11.34670   5.13098
C       6.17048  12.02692   5.13098
H       3.73567  13.15282   5.13098
H       6.19697  13.16683   5.13098
C      -2.53666   9.96783   5.13098
C      -3.71838   9.25344   5.13098
C      -3.75107   7.83638   5.13098
H      -1.55861   9.38204   5.13098
H      -2.77712   7.24349   5.13098
C      -2.51449  11.34401   5.13098
C      -4.93402   9.94710   5.13098
B      -1.18959  12.10907   5.13098
C       2.51449  11.34401   5.13098
C       4.93402   9.94710   5.13098
B       1.18959  12.10907   5.13098
C       0.00000  15.69924   5.13098
C       0.00000  18.49307   5.13098
B       0.00011  14.16932   5.13098
C      13.59594   7.84962   5.13098
C      16.01547   9.24653   5.13098
B      12.27093   7.08475   5.13098
C       8.56696   7.84962   5.13098
C       6.14743   9.24653   5.13098
B       9.89197   7.08475   5.13098
C      11.08145   3.49439   5.13098
C      11.08145   0.70057   5.13098
B      11.08156   5.02432   5.13098
O       0.00011  11.43576   5.13098
O       1.17774  13.47585   5.13098
O      -1.17774  13.47585   5.13098
O      11.08156   7.75788   5.13098
O       9.90360   5.71798   5.13098
O      12.25930   5.71798   5.13098
C      15.99242  12.02692   5.13098
C      13.50086  -0.66967   5.13098
C      -4.91097   7.16671   5.13098
C      -2.41941  19.86330   5.13098
C       2.41941  19.86330   5.13098
C      -7.33038  11.35726   5.13098
C       8.66204  -0.66967   5.13098
C      18.41183   7.83638   5.13098
C      17.22888   9.94710   5.13098
C      11.08145  -0.70057   5.13098
C      -6.14743   9.24653   5.13098
C       0.00000  19.89420   5.13098

Results: Coordinates of rotated frame :
         192
crystal                                
C      -4.20149  -2.53677  -3.42070
C      -4.91587  -3.71849  -3.42070
C      -6.33294  -3.75118  -3.42070
H      -4.78728  -1.55872  -3.42070
H      -6.92583  -2.77723  -3.42070
C       2.23721  -1.18084  -3.42070
C       3.61781  -1.20865  -3.42070
C       4.35465  -2.41952  -3.42070
H       1.68309  -2.17717  -3.42070
H       3.80763  -3.41996  -3.42070
C      -2.15641   3.71727  -3.42070
C      -2.82262   4.92681  -3.42070
C      -2.14239   6.17037  -3.42070
H      -1.01650   3.73556  -3.42070
H      -1.00248   6.19686  -3.42070
C      14.25012   2.53654  -3.42070
C      14.96451   3.71827  -3.42070
C      16.38157   3.75096  -3.42070
H      14.83591   1.55850  -3.42070
H      16.97447   2.77701  -3.42070
C       7.81142   1.18062  -3.42070
C       6.43083   1.20843  -3.42070
C       5.69398   2.41930  -3.42070
H       8.36555   2.17695  -3.42070
H       6.24100   3.41974  -3.42070
C      12.20504  -3.71749  -3.42070
C      12.87125  -4.92703  -3.42070
C      12.19103  -6.17059  -3.42070
H      11.06513  -3.73578  -3.42070
H      11.05112  -6.19708  -3.42070
C      14.25012  -2.53676  -3.42070
C      14.96451  -3.71849  -3.42070
C      16.38157  -3.75118  -3.42070
H      14.83591  -1.55872  -3.42070
H      16.97447  -2.77723  -3.42070
C       7.81143  -1.18084  -3.42070
C       6.43083  -1.20865  -3.42070
C       5.69398  -2.41952  -3.42070
H       8.36554  -2.17717  -3.42070
H       6.24100  -3.41996  -3.42070
C      12.20504   3.71727  -3.42070
C      12.87125   4.92681  -3.42070
C      12.19103   6.17037  -3.42070
H      11.06513   3.73556  -3.42070
H      11.05112   6.19686  -3.42070
C      -4.20149   2.53654  -3.42070
C      -4.91587   3.71827  -3.42070
C      -6.33294   3.75096  -3.42070
H      -4.78728   1.55849  -3.42070
H      -6.92583   2.77701  -3.42070
C       2.23721   1.18062  -3.42070
C       3.61781   1.20843  -3.42070
C       4.35465   2.41930  -3.42070
H       1.68309   2.17695  -3.42070
H       3.80763   3.41974  -3.42070
C      -2.15641  -3.71749  -3.42070
C      -2.82262  -4.92703  -3.42070
C      -2.14239  -6.17060  -3.42070
H      -1.01649  -3.73578  -3.42070
H      -1.00248  -6.19708  -3.42070
C      -2.82530  -2.51460  -3.42070
C      -4.22222  -4.93413  -3.42070
B      -2.06044  -1.18959  -3.42070
C       1.52992  -0.00011  -3.42070
C       4.32375  -0.00011  -3.42070
B       0.00000   0.00000  -3.42070
C      -2.82530   2.51438  -3.42070
C      -4.22222   4.93390  -3.42070
B      -2.06025   1.18948  -3.42070
C      12.87394   2.51438  -3.42070
C      14.27085   4.93391  -3.42070
B      12.10888   1.18948  -3.42070
C       8.51871  -0.00011  -3.42070
C       5.72488  -0.00011  -3.42070
B      10.04864   0.00000  -3.42070
C      12.87394  -2.51460  -3.42070
C      14.27085  -4.93413  -3.42070
B      12.10907  -1.18959  -3.42070
O      -0.69347  -1.17785  -3.42070
O      -0.69366   1.17774  -3.42070
O      -2.73356  -0.00000  -3.42070
O      10.74229   1.17774  -3.42070
O      10.74210  -1.17785  -3.42070
O      12.78219   0.00000  -3.42070
C      12.86069   7.33027  -3.42070
C      17.05124  -4.91108  -3.42070
C      -2.81206  -7.33049  -3.42070
C      -7.00261   4.91085  -3.42070
C      -2.81206   7.33027  -3.42070
C      -7.00261  -4.91108  -3.42070
C      12.86069  -7.33049  -3.42070
C      17.05124   4.91086  -3.42070
C      14.97142   6.14732  -3.42070
C      14.97142  -6.14754  -3.42070
C      -4.92278  -6.14755  -3.42070
C      -4.92278   6.14732  -3.42070
C      -4.20149  -2.53677   0.00000
C      -4.91587  -3.71849  -0.00000
C      -6.33294  -3.75118  -0.00000
H      -4.78728  -1.55872  -0.00000
H      -6.92583  -2.77723  -0.00000
C       2.23721  -1.18084  -0.00000
C       3.61781  -1.20865  -0.00000
C       4.35465  -2.41952   0.00000
H       1.68309  -2.17717  -0.00000
H       3.80763  -3.41996  -0.00000
C      -2.15641   3.71727  -0.00000
C      -2.82262   4.92681  -0.00000
C      -2.14239   6.17037  -0.00000
H      -1.01650   3.73556  -0.00000
H      -1.00248   6.19686  -0.00000
C      14.25012   2.53654   0.00000
C      14.96451   3.71827  -0.00000
C      16.38157   3.75096  -0.00000
H      14.83591   1.55850   0.00000
H      16.97447   2.77701  -0.00000
C       7.81142   1.18062   0.00000
C       6.43083   1.20843  -0.00000
C       5.69398   2.41930   0.00000
H       8.36555   2.17695  -0.00000
H       6.24100   3.41974  -0.00000
C      12.20504  -3.71749   0.00000
C      12.87125  -4.92703   0.00000
C      12.19103  -6.17059  -0.00000
H      11.06513  -3.73578  -0.00000
H      11.05112  -6.19708  -0.00000
C      14.25012  -2.53676  -0.00000
C      14.96451  -3.71849  -0.00000
C      16.38157  -3.75118  -0.00000
H      14.83591  -1.55872  -0.00000
H      16.97447  -2.77723  -0.00000
C       7.81143  -1.18084  -0.00000
C       6.43083  -1.20865  -0.00000
C       5.69398  -2.41952  -0.00000
H       8.36554  -2.17717  -0.00000
H       6.24100  -3.41996   0.00000
C      12.20504   3.71727  -0.00000
C      12.87125   4.92681  -0.00000
C      12.19103   6.17037  -0.00000
H      11.06513   3.73556  -0.00000
H      11.05112   6.19686   0.00000
C      -4.20149   2.53654  -0.00000
C      -4.91587   3.71827  -0.00000
C      -6.33294   3.75096  -0.00000
H      -4.78728   1.55849  -0.00000
H      -6.92583   2.77701   0.00000
C       2.23721   1.18062  -0.00000
C       3.61781   1.20843  -0.00000
C       4.35465   2.41930  -0.00000
H       1.68309   2.17695  -0.00000
H       3.80763   3.41974  -0.00000
C      -2.15641  -3.71749  -0.00000
C      -2.82262  -4.92703  -0.00000
C      -2.14239  -6.17060   0.00000
H      -1.01649  -3.73578  -0.00000
H      -1.00248  -6.19708  -0.00000
C      -2.82530  -2.51460  -0.00000
C      -4.22222  -4.93413  -0.00000
B      -2.06044  -1.18959  -0.00000
C       1.52992  -0.00011  -0.00000
C       4.32375  -0.00011  -0.00000
B       0.00000   0.00000   0.00000
C      -2.82530   2.51438   0.00000
C      -4.22222   4.93390   0.00000
B      -2.06025   1.18948  -0.00000
C      12.87394   2.51438  -0.00000
C      14.27085   4.93391  -0.00000
B      12.10888   1.18948  -0.00000
C       8.51871  -0.00011  -0.00000
C       5.72488  -0.00011  -0.00000
B      10.04864   0.00000  -0.00000
C      12.87394  -2.51460  -0.00000
C      14.27085  -4.93413  -0.00000
B      12.10907  -1.18959  -0.00000
O      -0.69347  -1.17785  -0.00000
O      -0.69366   1.17774   0.00000
O      -2.73356  -0.00000   0.00000
O      10.74229   1.17774  -0.00000
O      10.74210  -1.17785  -0.00000
O      12.78219   0.00000  -0.00000
C      12.86069   7.33027  -0.00000
C      17.05124  -4.91108  -0.00000
C      -2.81206  -7.33049  -0.00000
C      -7.00261   4.91085  -0.00000
C      -2.81206   7.33027  -0.00000
C      -7.00261  -4.91108  -0.00000
C      12.86069  -7.33049  -0.00000
C      17.05124   4.91086  -0.00000
C      14.97142   6.14732  -0.00000
C      14.97142  -6.14754  -0.00000
C      -4.92278  -6.14755  -0.00000
C      -4.92278   6.14732  -0.00000

Results : Volumes in Angs^3

       N of voxels examined :          179579
       Volume of voxel      :       0.0010000


   V Free    V Buried   V Total   V Exact
      39.6     139.8     179.4     179.6

    Buried volume =     139.81 Angs^3

   %V Free   %V Buried  % V Tot/V Ex
      22.1      77.9      99.9

    The %V Bur of the molecule is:     77.9

                 Quadrants analysis
 Quadrant     V f     V b     V t    %V f    %V b
 SW           7.6    37.3    44.9    16.9    83.1
 NW           7.6    37.3    44.9    16.9    83.1
 NE          12.2    32.6    44.9    27.3    72.7
 SE          12.2    32.6    44.9    27.3    72.7

                   Octants analysis
 Octant       V f      V b    V t    %V f    %V b
 SW-z         1.3    21.2    22.4     5.6    94.4
 NW-z         1.3    21.2    22.4     5.6    94.4
 NE-z         3.4    19.0    22.4    15.2    84.8
 SE-z         3.4    19.0    22.4    15.2    84.8
 SW+z         6.3    16.1    22.4    28.2    71.8
 NW+z         6.3    16.1    22.4    28.2    71.8
 NE+z         8.8    13.6    22.4    39.4    60.6
 SE+z         8.8    13.6    22.4    39.4    60.6

  No. of frames analyzed :            1

 Normal termination
