
 ---------------------------------------------------
 |                                                 |
 |              S A M B V C A  2.1                 |
 |                                                 |
 |              Release 29-06-2019                 |
 |                                                 |
 |       Molecular Buried Volume Calculator        |
 |                                                 |
 |  http://www.molnac.unisa.it/OM-tools/SambVca    |
 |                                                 |
 |  L. Cavallo & Z. Cao  Email: lcavallo@unisa.it  |
 |                                                 |
 ---------------------------------------------------

Checking: No. of atoms to be removed :                     0
Checking: No. of atoms defining the sphere center :        1
Checking: Atoms defining the sphere center :
   99
Checking : No. of atoms defining the Z-axis :              1
   15
Checking : No. of atoms defining the XZ-plane :            1
   75
 Checking: Molecule will be aligned along the Z+ direction
 Checking: Vbur sphere radius :            3.500
 Checking: Displacement from origin :      0.000
 Checking: Bin width :                     0.100
 Checking: Removing H atoms
 Checking: Outputting steric map
 Checking: No. of atom types in your database :         103
 Checking: Atom labels and radius in the database :
H    1.280
HE   1.640
LI   2.130
BE   1.790
B    2.250
C    1.990
N    1.810
O    1.780
F    1.720
NE   1.800
NA   2.660
MG   2.020
AL   2.150
SI   2.460
P    2.110
S    2.110
CL   2.050
AR   2.200
K    3.220
CA   2.700
SC   2.520
TI   2.470
V    2.420
CR   2.410
MN   2.400
FE   2.390
CO   2.340
NI   1.910
CU   1.640
ZN   1.630
GA   2.190
GE   2.470
AS   2.160
SE   2.220
BR   2.160
KR   2.360
RB   3.550
SR   2.910
Y    2.710
ZR   2.610
NB   2.550
MO   2.540
TC   2.530
RU   2.490
RH   2.460
PD   1.910
AG   2.010
CD   1.850
IN   2.260
SN   2.540
SB   2.410
TE   2.410
I    2.320
XE   2.530
CS   4.010
BA   3.140
LA   2.840
CE   2.830
PR   2.810
ND   2.800
PM   2.780
SM   2.760
EU   2.750
GD   2.740
TB   2.730
DY   2.700
HO   2.690
ER   2.680
TM   2.660
YB   2.640
LU   2.620
HF   2.610
TA   2.600
W    2.550
RE   2.530
OS   2.530
IR   2.490
PT   2.010
AU   1.940
HG   1.810
TL   2.290
PB   2.360
BI   2.420
PO   2.300
AT   2.360
RN   2.570
FR   4.070
RA   3.310
AC   2.890
TH   2.870
PA   2.840
U    2.180
NP   2.800
PU   2.840
AM   2.850
CM   2.870
BK   2.850
CF   2.870
ES   2.870
FM   2.870
M    2.880
NO   2.880
LR   2.880

Checking: No. of atoms of input frame :                  192

Checking: Coordinates of input frame :
C      -3.71738  12.01291   1.71028
C      -4.92692  11.34670   1.71028
C      -6.17048  12.02692   1.71028
H      -3.73567  13.15282   1.71028
H      -6.19697  13.16683   1.71028
C       2.53666   9.96783   1.71028
C       3.71838   9.25344   1.71028
C       3.75107   7.83638   1.71028
H       1.55861   9.38204   1.71028
H       2.77712   7.24349   1.71028
C       1.18073  16.40653   1.71028
C       1.20854  17.78712   1.71028
C       2.41941  18.52397   1.71028
H       2.17706  15.85241   1.71028
H       3.41985  17.97695   1.71028
C      14.79883   7.18072   1.71028
C      16.00837   7.84693   1.71028
C      17.25193   7.16671   1.71028
H      14.81712   6.04081   1.71028
H      17.27842   6.02680   1.71028
C       8.54480   9.22580   1.71028
C       7.36307   9.94019   1.71028
C       7.33038  11.35726   1.71028
H       9.52284   9.81159   1.71028
H       8.30433  11.95015   1.71028
C       9.90072   2.78711   1.71028
C       9.87291   1.40651   1.71028
C       8.66204   0.66967   1.71028
H       8.90439   3.34123   1.71028
H       7.66160   1.21668   1.71028
C      12.26218   2.78711   1.71028
C      12.28999   1.40651   1.71028
C      13.50086   0.66967   1.71028
H      13.25851   3.34123   1.71028
H      14.50130   1.21668   1.71028
C       7.36407   7.18072   1.71028
C       6.15453   7.84693   1.71028
C       4.91097   7.16671   1.71028
H       7.34578   6.04081   1.71028
H       4.88448   6.02680   1.71028
C      13.61810   9.22580   1.71028
C      14.79983   9.94019   1.71028
C      14.83252  11.35726   1.71028
H      12.64006   9.81159   1.71028
H      13.85857  11.95015   1.71028
C      -1.18073  16.40653   1.71028
C      -1.20854  17.78712   1.71028
C      -2.41941  18.52397   1.71028
H      -2.17706  15.85241   1.71028
H      -3.41985  17.97695   1.71028
C       3.71738  12.01291   1.71028
C       4.92692  11.34670   1.71028
C       6.17048  12.02692   1.71028
H       3.73567  13.15282   1.71028
H       6.19697  13.16683   1.71028
C      -2.53666   9.96783   1.71028
C      -3.71838   9.25344   1.71028
C      -3.75107   7.83638   1.71028
H      -1.55861   9.38204   1.71028
H      -2.77712   7.24349   1.71028
C      -2.51449  11.34401   1.71028
C      -4.93402   9.94710   1.71028
B      -1.18959  12.10907   1.71028
C       2.51449  11.34401   1.71028
C       4.93402   9.94710   1.71028
B       1.18959  12.10907   1.71028
C       0.00000  15.69924   1.71028
C       0.00000  18.49307   1.71028
B       0.00011  14.16932   1.71028
C      13.59594   7.84962   1.71028
C      16.01547   9.24653   1.71028
B      12.27093   7.08475   1.71028
C       8.56696   7.84962   1.71028
C       6.14743   9.24653   1.71028
B       9.89197   7.08475   1.71028
C      11.08145   3.49439   1.71028
C      11.08145   0.70057   1.71028
B      11.08156   5.02432   1.71028
O       0.00011  11.43576   1.71028
O       1.17774  13.47585   1.71028
O      -1.17774  13.47585   1.71028
O      11.08156   7.75788   1.71028
O       9.90360   5.71798   1.71028
O      12.25930   5.71798   1.71028
C      15.99242  12.02692   1.71028
C      13.50086  -0.66967   1.71028
C      -4.91097   7.16671   1.71028
C      -2.41941  19.86330   1.71028
C       2.41941  19.86330   1.71028
C      -7.33038  11.35726   1.71028
C       8.66204  -0.66967   1.71028
C      18.41183   7.83638   1.71028
C      17.22888   9.94710   1.71028
C      11.08145  -0.70057   1.71028
C      -6.14743   9.24653   1.71028
C       0.00000  19.89420   1.71028
C      -3.71738  12.01291   5.13098
C      -4.92692  11.34670   5.13098
C      -6.17048  12.02692   5.13098
H      -3.73567  13.15282   5.13098
H      -6.19697  13.16683   5.13098
C       2.53666   9.96783   5.13098
C       3.71838   9.25344   5.13098
C       3.75107   7.83638   5.13098
H       1.55861   9.38204   5.13098
H       2.77712   7.24349   5.13098
C       1.18073  16.40653   5.13098
C       1.20854  17.78712   5.13098
C       2.41941  18.52397   5.13098
H       2.17706  15.85241   5.13098
H       3.41985  17.97695   5.13098
C      14.79883   7.18072   5.13098
C      16.00837   7.84693   5.13098
C      17.25193   7.16671   5.13098
H      14.81712   6.04081   5.13098
H      17.27842   6.02680   5.13098
C       8.54480   9.22580   5.13098
C       7.36307   9.94019   5.13098
C       7.33038  11.35726   5.13098
H       9.52284   9.81159   5.13098
H       8.30433  11.95015   5.13098
C       9.90072   2.78711   5.13098
C       9.87291   1.40651   5.13098
C       8.66204   0.66967   5.13098
H       8.90439   3.34123   5.13098
H       7.66160   1.21668   5.13098
C      12.26218   2.78711   5.13098
C      12.28999   1.40651   5.13098
C      13.50086   0.66967   5.13098
H      13.25851   3.34123   5.13098
H      14.50130   1.21668   5.13098
C       7.36407   7.18072   5.13098
C       6.15453   7.84693   5.13098
C       4.91097   7.16671   5.13098
H       7.34578   6.04081   5.13098
H       4.88448   6.02680   5.13098
C      13.61810   9.22580   5.13098
C      14.79983   9.94019   5.13098
C      14.83252  11.35726   5.13098
H      12.64006   9.81159   5.13098
H      13.85857  11.95015   5.13098
C      -1.18073  16.40653   5.13098
C      -1.20854  17.78712   5.13098
C      -2.41941  18.52397   5.13098
H      -2.17706  15.85241   5.13098
H      -3.41985  17.97695   5.13098
C       3.71738  12.01291   5.13098
C       4.92692  11.34670   5.13098
C       6.17048  12.02692   5.13098
H       3.73567  13.15282   5.13098
H       6.19697  13.16683   5.13098
C      -2.53666   9.96783   5.13098
C      -3.71838   9.25344   5.13098
C      -3.75107   7.83638   5.13098
H      -1.55861   9.38204   5.13098
H      -2.77712   7.24349   5.13098
C      -2.51449  11.34401   5.13098
C      -4.93402   9.94710   5.13098
B      -1.18959  12.10907   5.13098
C       2.51449  11.34401   5.13098
C       4.93402   9.94710   5.13098
B       1.18959  12.10907   5.13098
C       0.00000  15.69924   5.13098
C       0.00000  18.49307   5.13098
B       0.00011  14.16932   5.13098
C      13.59594   7.84962   5.13098
C      16.01547   9.24653   5.13098
B      12.27093   7.08475   5.13098
C       8.56696   7.84962   5.13098
C       6.14743   9.24653   5.13098
B       9.89197   7.08475   5.13098
C      11.08145   3.49439   5.13098
C      11.08145   0.70057   5.13098
B      11.08156   5.02432   5.13098
O       0.00011  11.43576   5.13098
O       1.17774  13.47585   5.13098
O      -1.17774  13.47585   5.13098
O      11.08156   7.75788   5.13098
O       9.90360   5.71798   5.13098
O      12.25930   5.71798   5.13098
C      15.99242  12.02692   5.13098
C      13.50086  -0.66967   5.13098
C      -4.91097   7.16671   5.13098
C      -2.41941  19.86330   5.13098
C       2.41941  19.86330   5.13098
C      -7.33038  11.35726   5.13098
C       8.66204  -0.66967   5.13098
C      18.41183   7.83638   5.13098
C      17.22888   9.94710   5.13098
C      11.08145  -0.70057   5.13098
C      -6.14743   9.24653   5.13098
C       0.00000  19.89420   5.13098

Results: Coordinates of rotated frame :
         192
crystal                                
C       1.32000   2.66386   2.98002
C       1.25066   3.06425   1.66029
C       0.01819   3.27359   0.99220
H       0.34080   2.49949   3.54028
H      -0.96532   3.11127   1.54579
C       6.34800   1.40717   7.03407
C       7.57701   1.21831   7.63463
C       8.79953   1.42016   6.94626
H       6.33198   1.73790   5.94316
H       8.79171   1.75092   5.85510
C       0.15840   0.79116   9.17995
C      -1.00128   0.57963   9.89912
C      -0.99133   0.16844  11.25558
H       1.15361   0.62479   9.71060
H       0.00000   0.00000  11.79315
C      15.16634  -1.23800  15.59963
C      15.23568  -1.63839  16.91937
C      16.46815  -1.84773  17.58745
H      16.14554  -1.07363  15.03938
H      17.45166  -1.68540  17.03387
C      10.13834   0.01870  11.54558
C       8.90933   0.20755  10.94502
C       7.68681   0.00571  11.63339
H      10.15436  -0.31204  12.63650
H       7.69463  -0.32506  12.72455
C      16.32794   0.63470   9.39971
C      17.48762   0.84623   8.68053
C      17.47767   1.25742   7.32408
H      15.33273   0.80107   8.86905
H      16.48634   1.42586   6.78650
C      17.56964   0.04575  11.32007
C      18.75857   0.24341  10.64614
C      20.02202   0.05061  11.25907
H      17.62221  -0.28485  12.40988
H      20.08278  -0.27996  12.34862
C      11.25700   0.61624   9.55359
C      10.05433   0.81917   8.90611
C       9.97903   1.23012   7.55163
H      12.21697   0.78973   8.96360
H      10.93469   1.40565   6.95497
C      12.80599  -1.24659  15.67126
C      12.81972  -1.64718  16.99268
C      11.63158  -1.86533  17.73422
H      11.79345  -1.08948  15.17145
H      10.61516  -1.71029  17.24133
C      -1.08330   1.38011   7.25958
C      -2.27223   1.18245   7.93352
C      -3.53568   1.37525   7.32059
H      -1.13587   1.71072   6.16978
H      -3.59644   1.70582   6.23103
C       5.22934   0.80963   9.02606
C       6.43201   0.60669   9.67355
C       6.50731   0.19574  11.02802
H       4.26937   0.63614   9.61605
H       5.55165   0.02021  11.62468
C       3.68035   2.67245   2.90840
C       3.66662   3.07305   1.58697
C       4.85476   3.29120   0.84543
H       4.69289   2.51534   3.40821
H       5.87118   3.13616   1.33833
C       2.52145   2.46299   3.62075
C       2.43740   3.27343   0.94837
B       2.56737   2.01918   5.08417
C       5.16579   1.20875   7.71038
C       7.62621   0.81234   8.97317
B       3.81839   1.42581   7.01895
C       0.13915   1.19045   7.86292
C      -2.23722   0.77643   9.27249
B       1.44053   1.41715   7.09111
C      13.96489  -1.03712  14.95891
C      14.04894  -1.84757  17.63128
B      13.91875  -0.59332  13.49549
C      11.32055   0.21711  10.86928
C       8.86013   0.61353   9.60648
B      12.66785   0.00000  11.56089
C      16.34719   0.23541  10.71674
C      18.72356   0.64944   9.30716
B      15.04592   0.00866  11.48873
O       3.76564   1.82225   5.71194
O       2.64960   1.22622   7.69889
O       1.41105   1.81367   5.78339
O      12.72082  -0.39644  12.86789
O      13.83652   0.19965  10.88077
O      15.07519  -0.38787  12.79645
C      11.67187  -2.25385  19.01533
C      21.16123   0.24909  10.58333
C       4.81447   3.67972  -0.43568
C      -4.67489   1.17677   7.99632
C      -2.13054  -0.03004  11.93131
C      -0.02210   3.66211  -0.28891
C      18.61688   1.45590   6.64834
C      16.50844  -2.23625  18.86856
C      14.09108  -2.25401  18.97151
C      19.91534   0.85708   8.60025
C       2.39526   3.67988  -0.39185
C      -3.42900   0.56879   9.97941
C       1.30181  -0.60973   1.98782
C       1.23247  -0.20934   0.66808
C       0.00000   0.00000   0.00000
H       0.32261  -0.77410   2.54807
H      -0.98351  -0.16232   0.55358
C       6.32980  -1.86642   6.04187
C       7.55882  -2.05528   6.64243
C       8.78134  -1.85343   5.95406
H       6.31379  -1.53569   4.95096
H       8.77352  -1.52267   4.86290
C       0.14021  -2.48243   8.18774
C      -1.01948  -2.69396   8.90692
C      -1.00952  -3.10515  10.26338
H       1.13542  -2.64880   8.71840
H      -0.01819  -3.27359  10.80095
C      15.14815  -4.51159  14.60743
C      15.21748  -4.91198  15.92717
C      16.44996  -5.12132  16.59525
H      16.12735  -4.34722  14.04718
H      17.43347  -4.95899  16.04167
C      10.12015  -3.25489  10.55338
C       8.89113  -3.06604   9.95282
C       7.66862  -3.26789  10.64119
H      10.13617  -3.58563  11.64429
H       7.67644  -3.59865  11.73235
C      16.30975  -2.63889   8.40751
C      17.46943  -2.42736   7.68833
C      17.45948  -2.01617   6.33188
H      15.31453  -2.47252   7.87685
H      16.46815  -1.84773   5.79430
C      17.55145  -3.22784  10.32787
C      18.74038  -3.03018   9.65393
C      20.00383  -3.22298  10.26687
H      17.60402  -3.55844  11.41767
H      20.06459  -3.55355  11.35642
C      11.23881  -2.65735   8.56139
C      10.03614  -2.45442   7.91390
C       9.96084  -2.04347   6.55943
H      12.19878  -2.48386   7.97140
H      10.91650  -1.86794   5.96277
C      12.78780  -4.52018  14.67906
C      12.80153  -4.92077  16.00048
C      11.61339  -5.13892  16.74202
H      11.77526  -4.36307  14.17925
H      10.59697  -4.98388  16.24913
C      -1.10149  -1.89348   6.26738
C      -2.29043  -2.09114   6.94132
C      -3.55387  -1.89834   6.32839
H      -1.15406  -1.56287   5.17758
H      -3.61463  -1.56777   5.23883
C       5.21115  -2.46396   8.03386
C       6.41381  -2.66690   8.68135
C       6.48912  -3.07785  10.03582
H       4.25118  -2.63745   8.62385
H       5.53346  -3.25338  10.63248
C       3.66216  -0.60114   1.91619
C       3.64843  -0.20054   0.59477
C       4.83657   0.01761  -0.14677
H       4.67470  -0.75825   2.41600
H       5.85299  -0.13743   0.34612
C       2.50326  -0.81060   2.62855
C       2.41921  -0.00016  -0.04383
B       2.54917  -1.25441   4.09197
C       5.14760  -2.06484   6.71817
C       7.60801  -2.46125   7.98097
B       3.80020  -1.84778   6.02675
C       0.12096  -2.08314   6.87071
C      -2.25541  -2.49716   8.28029
B       1.42234  -1.85644   6.09891
C      13.94670  -4.31071  13.96671
C      14.03074  -5.12116  16.63908
B      13.90056  -3.86691  12.50329
C      11.30236  -3.05648   9.87708
C       8.84194  -2.66006   8.61428
B      12.64965  -3.27359  10.56869
C      16.32900  -3.03818   9.72454
C      18.70537  -2.62415   8.31496
B      15.02773  -3.26493  10.49652
O       3.74745  -1.45134   4.71974
O       2.63141  -2.04737   6.70669
O       1.39285  -1.45992   4.79119
O      12.70262  -3.67003  11.87569
O      13.81833  -3.07394   9.88857
O      15.05700  -3.66146  11.80425
C      11.65368  -5.52744  18.02313
C      21.14303  -3.02450   9.59113
C       4.79628   0.40613  -1.42788
C      -4.69308  -2.09682   7.00412
C      -2.14873  -3.30363  10.93911
C      -0.04029   0.38852  -1.28111
C      18.59869  -1.81769   5.65614
C      16.49025  -5.50984  17.87636
C      14.07289  -5.52760  17.97930
C      19.89714  -2.41651   7.60804
C       2.37706   0.40629  -1.38405
C      -3.44719  -2.70480   8.98721

Results : Volumes in Angs^3

       N of voxels examined :          179579
       Volume of voxel      :       0.0010000


   V Free    V Buried   V Total   V Exact
      70.8     108.7     179.4     179.6

    Buried volume =     108.65 Angs^3

   %V Free   %V Buried  % V Tot/V Ex
      39.5      60.5      99.9

    The %V Bur of the molecule is:     60.5

                 Quadrants analysis
 Quadrant     V f     V b     V t    %V f    %V b
 SW          32.8    12.1    44.9    73.1    26.9
 NW          22.3    22.6    44.9    49.7    50.3
 NE           2.1    42.7    44.9     4.7    95.3
 SE          13.6    31.3    44.9    30.3    69.7

                   Octants analysis
 Octant       V f      V b    V t    %V f    %V b
 SW-z        15.9     6.6    22.4    70.7    29.3
 NW-z         9.6    12.9    22.4    42.6    57.4
 NE-z         1.8    20.6    22.4     8.0    92.0
 SE-z         9.6    12.8    22.4    42.8    57.2
 SW+z        16.9     5.5    22.4    75.5    24.5
 NW+z        12.8     9.7    22.4    56.8    43.2
 NE+z         0.3    22.1    22.4     1.4    98.6
 SE+z         4.0    18.4    22.4    17.8    82.2

  No. of frames analyzed :            1

 Normal termination
