
 ---------------------------------------------------
 |                                                 |
 |              S A M B V C A  2.1                 |
 |                                                 |
 |              Release 29-06-2019                 |
 |                                                 |
 |       Molecular Buried Volume Calculator        |
 |                                                 |
 |  http://www.molnac.unisa.it/OM-tools/SambVca    |
 |                                                 |
 |  L. Cavallo & Z. Cao  Email: lcavallo@unisa.it  |
 |                                                 |
 ---------------------------------------------------

Checking: No. of atoms to be removed :                     3
Checking: Atoms to be removed : 
    4   13   35
Checking: No. of atoms defining the sphere center :        1
Checking: Atoms defining the sphere center :
   13
Checking : No. of atoms defining the Z-axis :              2
    4   35
Checking : No. of atoms defining the XZ-plane :            1
    1
 Checking: Vbur sphere radius :            3.500
 Checking: Displacement from origin :      0.000
 Checking: Bin width :                     0.100
 Checking: Removing H atoms
 Checking: Outputting steric map
 Checking: No. of atom types in your database :         103
 Checking: Atom labels and radius in the database :
H    1.280
HE   1.640
LI   2.130
BE   1.790
B    2.250
C    1.990
N    1.810
O    1.780
F    1.720
NE   1.800
NA   2.660
MG   2.020
AL   2.150
SI   2.460
P    2.110
S    2.110
CL   2.050
AR   2.200
K    3.220
CA   2.700
SC   2.520
TI   2.470
V    2.420
CR   2.410
MN   2.400
FE   2.390
CO   2.340
NI   1.910
CU   1.640
ZN   1.630
GA   2.190
GE   2.470
AS   2.160
SE   2.220
BR   2.160
KR   2.360
RB   3.550
SR   2.910
Y    2.710
ZR   2.610
NB   2.550
MO   2.540
TC   2.530
RU   2.490
RH   2.460
PD   1.910
AG   2.010
CD   1.850
IN   2.260
SN   2.540
SB   2.410
TE   2.410
I    2.320
XE   2.530
CS   4.010
BA   3.140
LA   2.840
CE   2.830
PR   2.810
ND   2.800
PM   2.780
SM   2.760
EU   2.750
GD   2.740
TB   2.730
DY   2.700
HO   2.690
ER   2.680
TM   2.660
YB   2.640
LU   2.620
HF   2.610
TA   2.600
W    2.550
RE   2.530
OS   2.530
IR   2.490
PT   2.010
AU   1.940
HG   1.810
TL   2.290
PB   2.360
BI   2.420
PO   2.300
AT   2.360
RN   2.570
FR   4.070
RA   3.310
AC   2.890
TH   2.870
PA   2.840
U    2.180
NP   2.800
PU   2.840
AM   2.850
CM   2.870
BK   2.850
CF   2.870
ES   2.870
FM   2.870
M    2.880
NO   2.880
LR   2.880

Checking: No. of atoms of input frame :                   66

Checking: Coordinates of input frame :
O       1.38735  -1.00263  -0.90213
O       1.08871   1.80877   1.40810
C      -0.03549   2.16435   2.23249
Cl      0.31475  -0.79210  -4.01467
C       1.86514  -0.08838   0.10186
C       0.67296   0.89873   0.38910
H       0.45947   1.43558  -0.55423
C       0.41397   2.16412   3.68869
H      -0.43912   2.39210   4.34299
H       1.18945   2.92738   3.84490
H       0.82012   1.17923   3.95257
C       2.26533  -0.88639   1.35110
TI      0.04157  -1.51623  -1.92228
C       1.84325  -2.21156   1.53857
H       1.24730  -2.70813   0.77171
C       2.20676  -2.91651   2.69258
H       1.87533  -3.94976   2.81696
C       2.99392  -2.30661   3.67278
H       3.28090  -2.85858   4.57057
C       3.42325  -0.98683   3.48896
H       4.04846  -0.50396   4.24353
C       3.06604  -0.28253   2.33613
H       3.41381   0.74078   2.19221
C       3.08212   0.62211  -0.51878
C       3.14642   2.00553  -0.73641
H       2.33394   2.65485  -0.41074
C       4.27450   2.57552  -1.34154
H       4.31074   3.65594  -1.49855
C       5.34434   1.77265  -1.74231
H       6.22064   2.21972  -2.21681
C       5.28557   0.38935  -1.53047
H       6.11566  -0.24920  -1.84063
C       4.16645  -0.17869  -0.92121
H       4.12571  -1.25773  -0.75826
Cl     -0.22953  -3.72456  -1.76922
O      -1.29974  -0.65668  -1.16693
O      -1.00506   1.10265   2.04473
C      -1.83067   0.08399  -0.05291
C      -0.62676   0.25771   0.95538
H      -0.40581  -0.75090   1.34836
C      -0.61862   3.50649   1.79097
H       0.12254   4.30276   1.95247
H      -1.51943   3.73919   2.37610
H      -0.89433   3.48381   0.72866
C      -2.38028   1.41763  -0.57668
C      -1.91881   1.96802  -1.78358
H      -1.18756   1.42762  -2.38643
C      -2.42130   3.19060  -2.24469
H      -2.05727   3.59910  -3.19001
C      -3.39355   3.87586  -1.51008
H      -3.79081   4.82554  -1.87513
C      -3.86550   3.32776  -0.31199
H      -4.63387   3.84847   0.26396
C      -3.36490   2.10752   0.15043
H      -3.74355   1.68046   1.07997
C      -2.95549  -0.78071   0.54607
C      -3.04374  -1.08923   1.91120
H      -2.31452  -0.68805   2.61564
C      -4.08988  -1.89010   2.38903
H      -4.14516  -2.11987   3.45554
C      -5.05253  -2.39463   1.51229
H      -5.86348  -3.02309   1.88690
C      -4.97062  -2.08834   0.14807
H      -5.71708  -2.47796  -0.54766
C      -3.93376  -1.28587  -0.32917
H      -3.87428  -1.05126  -1.39370

Results: Coordinates of rotated frame :
          66
Ti-taddol                              
O       1.36335  -0.00000   1.12112
O       0.94241   0.77246   4.66463
C      -0.13333   0.38167   5.53636
Cl     -0.01852   1.86656  -1.22177
C       1.81843   0.18896   2.47364
C       0.54667   0.60547   3.30269
H       0.17988   1.55966   2.88002
C       0.44936  -0.42265   6.69225
H      -0.35908  -0.76928   7.35112
H       1.13635   0.20304   7.27950
H       0.99689  -1.29053   6.30288
C       2.43092  -1.12469   2.98036
TI      0.00000   0.00000   0.00000
C       2.19490  -2.34253   2.32422
H       1.59428  -2.36453   1.41395
C       2.75063  -3.53172   2.81190
H       2.56222  -4.46856   2.28299
C       3.54650  -3.51911   3.96030
H       3.98341  -4.44640   4.33755
C       3.79070  -2.30656   4.61606
H       4.42074  -2.28338   5.50821
C       3.24138  -1.11761   4.12891
H       3.44529  -0.17429   4.63624
C       2.87406   1.30826   2.41153
C       2.74662   2.53424   3.07944
H       1.89516   2.72175   3.73338
C       3.73320   3.52017   2.94434
H       3.62109   4.46768   3.47625
C       4.85063   3.29731   2.13721
H       5.61605   4.06922   2.03135
C       4.98296   2.07576   1.46478
H       5.85198   1.89014   0.82969
C       4.00540   1.09028   1.60434
H       4.11345   0.13959   1.07799
Cl      0.01852  -1.86656  -1.22034
O      -1.35880   0.01225   1.12338
O      -0.97833  -0.48943   4.74283
C      -1.86831  -0.15797   2.45865
C      -0.60442  -0.43958   3.36392
H      -0.22462  -1.43237   3.06281
C      -0.91656   1.60891   6.00193
H      -0.26703   2.25200   6.61349
H      -1.77931   1.30009   6.60879
H      -1.28729   2.18587   5.14477
C      -2.62521   1.11720   2.85371
C      -2.35203   2.34523   2.22938
H      -1.62060   2.39690   1.42160
C      -3.04275   3.50298   2.60667
H      -2.82345   4.44753   2.10392
C      -4.01752   3.44836   3.60733
H      -4.56157   4.35073   3.89496
C      -4.30217   2.22578   4.22607
H      -5.07041   2.16903   5.00056
C      -3.61349   1.06878   3.85125
H      -3.84645   0.11687   4.33020
C      -2.81598  -1.37091   2.40976
C      -2.73518  -2.44610   3.30641
H      -1.99713  -2.44074   4.10902
C      -3.62453  -3.52400   3.20003
H      -3.54930  -4.35303   3.90738
C      -4.59687  -3.54335   2.19799
H      -5.28494  -4.38744   2.11422
C      -4.68357  -2.47144   1.30070
H      -5.43925  -2.47565   0.51205
C      -3.80353  -1.39408   1.40853
H      -3.87503  -0.56179   0.70569

Results : Volumes in Angs^3

       N of voxels examined :          179579
       Volume of voxel      :       0.0010000


   V Free    V Buried   V Total   V Exact
     107.3      72.1     179.4     179.6

    Buried volume =      72.10 Angs^3

   %V Free   %V Buried  % V Tot/V Ex
      59.8      40.2      99.9

    The %V Bur of the molecule is:     40.2

                 Quadrants analysis
 Quadrant     V f     V b     V t    %V f    %V b
 SW          27.2    17.7    44.9    60.5    39.5
 NW          26.3    18.6    44.9    58.6    41.4
 NE          27.5    17.3    44.9    61.4    38.6
 SE          26.4    18.5    44.9    58.8    41.2

                   Octants analysis
 Octant       V f      V b    V t    %V f    %V b
 SW-z        21.1     1.4    22.4    93.9     6.1
 NW-z        21.4     1.1    22.4    95.2     4.8
 NE-z        21.3     1.1    22.4    94.9     5.1
 SE-z        21.4     1.1    22.4    95.3     4.7
 SW+z         6.1    16.3    22.4    27.2    72.8
 NW+z         4.9    17.5    22.4    22.0    78.0
 NE+z         6.3    16.2    22.4    27.9    72.1
 SE+z         5.0    17.4    22.4    22.3    77.7

Checking: No. of atoms of input frame :                   66

Checking: Coordinates of input frame :
O       1.38735  -1.00263  -0.90213
O       1.08871   1.80877   1.40810
C      -0.03549   2.16435   2.23249
Cl      0.31475  -0.89210  -4.21467
C       1.86514  -0.08838   0.10186
C       0.67296   0.89873   0.38910
H       0.45947   1.43558  -0.55423
C       0.41397   2.16412   3.68869
H      -0.43912   2.39210   4.34299
H       1.18945   2.92738   3.84490
H       0.82012   1.17923   3.95257
C       2.26533  -0.88639   1.35110
TI      0.14157  -1.41623  -1.82228
C       1.84325  -2.21156   1.53857
H       1.24730  -2.70813   0.77171
C       2.20676  -2.91651   2.69258
H       1.87533  -3.94976   2.81696
C       2.99392  -2.30661   3.67278
H       3.28090  -2.85858   4.57057
C       3.42325  -0.98683   3.48896
H       4.04846  -0.50396   4.24353
C       3.06604  -0.28253   2.33613
H       3.41381   0.74078   2.19221
C       3.08212   0.62211  -0.51878
C       3.14642   2.00553  -0.73641
H       2.33394   2.65485  -0.41074
C       4.27450   2.57552  -1.34154
H       4.31074   3.65594  -1.49855
C       5.34434   1.77265  -1.74231
H       6.22064   2.21972  -2.21681
C       5.28557   0.38935  -1.53047
H       6.11566  -0.24920  -1.84063
C       4.16645  -0.17869  -0.92121
H       4.12571  -1.25773  -0.75826
Cl     -0.22953  -3.72456  -1.76922
O      -1.29974  -0.65668  -1.16693
O      -1.00506   1.10265   2.04473
C      -1.83067   0.08399  -0.05291
C      -0.62676   0.25771   0.95538
H      -0.40581  -0.75090   1.34836
C      -0.61862   3.50649   1.79097
H       0.12254   4.30276   1.95247
H      -1.51943   3.73919   2.37610
H      -0.89433   3.48381   0.72866
C      -2.38028   1.41763  -0.57668
C      -1.91881   1.96802  -1.78358
H      -1.18756   1.42762  -2.38643
C      -2.42130   3.19060  -2.24469
H      -2.05727   3.59910  -3.19001
C      -3.39355   3.87586  -1.51008
H      -3.79081   4.82554  -1.87513
C      -3.86550   3.32776  -0.31199
H      -4.63387   3.84847   0.26396
C      -3.36490   2.10752   0.15043
H      -3.74355   1.68046   1.07997
C      -2.95549  -0.78071   0.54607
C      -3.04374  -1.08923   1.91120
H      -2.31452  -0.68805   2.61564
C      -4.08988  -1.89010   2.38903
H      -4.14516  -2.11987   3.45554
C      -5.05253  -2.39463   1.51229
H      -5.86348  -3.02309   1.88690
C      -4.97062  -2.08834   0.14807
H      -5.71708  -2.47796  -0.54766
C      -3.93376  -1.28587  -0.32917
H      -3.87428  -1.05126  -1.39370

Results: Coordinates of rotated frame :
          66
Ti-taddol                              
O       1.19913  -0.00000   1.06386
O       0.51386   0.71666   4.57771
C      -0.60301   0.27794   5.37142
Cl     -0.08290   1.88652  -1.56922
C       1.55537   0.18966   2.44561
C       0.21662   0.55118   3.19076
H      -0.15539   1.49645   2.75288
C      -0.07032  -0.51822   6.55671
H      -0.90799  -0.90087   7.15647
H       0.55261   0.12482   7.19451
H       0.53321  -1.36157   6.19738
C       2.17978  -1.10703   2.98069
TI      0.00000   0.00000   0.00000
C       2.03260  -2.32497   2.29927
H       1.49555  -2.35799   1.35043
C       2.59718  -3.49909   2.81263
H       2.47876  -4.43597   2.26387
C       3.31329  -3.47121   4.01213
H       3.75728  -4.38658   4.40966
C       3.46883  -2.25826   4.69368
H       4.03639  -2.22281   5.62644
C       2.91063  -1.08416   4.18127
H       3.04571  -0.14001   4.70961
C       2.57148   1.34646   2.46482
C       2.35515   2.55945   3.13355
H       1.45553   2.70909   3.73028
C       3.31215   3.58135   3.07408
H       3.13034   4.51816   3.60568
C       4.48852   3.40760   2.34214
H       5.23081   4.20742   2.29503
C       4.70986   2.19926   1.66926
H       5.62567   2.05192   1.09255
C       3.76155   1.17807   1.73379
H       3.93906   0.23789   1.20743
Cl      0.08290  -1.88652  -1.37952
O      -1.51569  -0.08469   0.88276
O      -1.36075  -0.61361   4.51499
C      -2.10706  -0.28810   2.17907
C      -0.89730  -0.53481   3.16491
H      -0.46241  -1.50996   2.88122
C      -1.45969   1.47115   5.79410
H      -0.87638   2.12996   6.45378
H      -2.34941   1.12493   6.33865
H      -1.79283   2.04425   4.91910
C      -2.93450   0.95474   2.53361
C      -2.66481   2.19874   1.94013
H      -1.88324   2.28559   1.18397
C      -3.42082   3.32680   2.28034
H      -3.20274   4.28421   1.80199
C      -4.45785   3.22615   3.21251
H      -5.05234   4.10525   3.47087
C      -4.73880   1.98725   3.79968
H      -5.55466   1.89439   4.52010
C      -3.98502   0.85984   3.46180
H      -4.21487  -0.10514   3.91543
C      -3.00468  -1.53338   2.05557
C      -2.94521  -2.61513   2.94597
H      -2.26330  -2.59262   3.79652
C      -3.78574  -3.72273   2.77026
H      -3.72806  -4.55654   3.47362
C      -4.68737  -3.76529   1.70482
H      -5.33720  -4.63233   1.56732
C      -4.75256  -2.68702   0.81335
H      -5.45303  -2.70916  -0.02444
C      -3.92140  -1.58031   0.98989
H      -3.97577  -0.74315   0.29130

Results : Volumes in Angs^3

       N of voxels examined :          179579
       Volume of voxel      :       0.0010000


   V Free    V Buried   V Total   V Exact
     102.7      76.8     179.4     179.6

    Buried volume =      76.76 Angs^3

   %V Free   %V Buried  % V Tot/V Ex
      57.2      42.8      99.9

    The %V Bur of the molecule is:     42.8

                 Quadrants analysis
 Quadrant     V f     V b     V t    %V f    %V b
 SW          25.0    19.9    44.9    55.7    44.3
 NW          25.3    19.5    44.9    56.4    43.6
 NE          26.7    18.1    44.9    59.6    40.4
 SE          25.7    19.2    44.9    57.2    42.8

                   Octants analysis
 Octant       V f      V b    V t    %V f    %V b
 SW-z        19.7     2.8    22.4    87.7    12.3
 NW-z        20.7     1.7    22.4    92.3     7.7
 NE-z        21.1     1.3    22.4    94.2     5.8
 SE-z        21.2     1.2    22.4    94.5     5.5
 SW+z         5.3    17.1    22.4    23.6    76.4
 NW+z         4.6    17.8    22.4    20.6    79.4
 NE+z         5.6    16.8    22.4    25.0    75.0
 SE+z         4.5    18.0    22.4    19.9    80.1

Checking: No. of atoms of input frame :                   66

Checking: Coordinates of input frame :
O       1.38735  -1.00263  -0.90213
O       1.08871   1.80877   1.40810
C      -0.03549   2.16435   2.23249
Cl      0.71475  -0.29210  -4.21467
C       1.86514  -0.08838   0.10186
C       0.67296   0.89873   0.38910
H       0.45947   1.43558  -0.55423
C       0.61397   2.16412   3.68869
H      -0.43912   2.39210   4.34299
H       1.18945   2.92738   3.84490
H       0.82012   1.17923   3.95257
C       2.26533  -0.88639   1.35110
TI      0.14157  -1.41623  -1.32228
C       1.84325  -2.21156   1.53857
H       1.24730  -2.70813   0.77171
C       2.20676  -2.91651   2.69258
H       1.87533  -3.94976   2.81696
C       2.99392  -2.30661   3.67278
H       3.28090  -2.85858   4.57057
C       3.42325  -0.88683   3.48896
H       4.04846  -0.50396   4.24353
C       3.06604  -0.28253   2.33613
H       3.41381   0.74078   2.19221
C       3.08212   0.62211  -0.51878
C       3.14642   2.10553  -0.73641
H       2.33394   2.65485  -0.41074
C       4.27450   2.57552  -1.34154
H       4.31074   3.65594  -1.49855
C       5.34434   1.77265  -1.74231
H       6.22064   2.21972  -2.21681
C       5.28557   0.58935  -1.53047
H       6.11566  -0.24920  -1.84063
C       4.16645  -0.17869  -0.92121
H       4.12571  -1.25773  -0.75826
Cl     -0.22953  -3.72456  -1.76922
O      -1.29974  -0.65668  -1.16693
O      -1.00506   1.10265   2.64473
C      -1.83067   0.08399  -0.05291
C      -0.62676   0.25771   0.95538
H      -0.40581  -0.75090   1.54836
C      -0.61862   3.50649   1.79097
H       0.12254   4.30276   1.95247
H      -1.51943   3.73919   2.37610
H      -0.89433   3.48381   0.72866
C      -2.38028   1.41763  -0.57668
C      -1.91881   1.96802  -1.78358
H      -1.18756   1.42762  -2.38643
C      -2.42130   3.19060  -2.24469
H      -2.05727   3.59910  -3.19001
C      -3.39355   3.87586  -1.51008
H      -3.79081   4.82554  -1.87513
C      -3.86550   3.32776  -0.31199
H      -4.63387   3.84847   0.26396
C      -3.36490   2.10752   0.15043
H      -3.74355   1.68046   1.07997
C      -2.95549  -0.78071   0.54607
C      -3.04374  -1.08923   1.91120
H      -2.31452  -0.68805   2.61564
C      -4.08988  -1.89010   2.38903
H      -4.14516  -2.11987   3.45554
C      -5.05253  -2.39463   1.51229
H      -5.86348  -3.02309   1.88690
C      -4.97062  -2.08834   0.14807
H      -5.71708  -2.47796  -0.54766
C      -3.93376  -1.28587  -0.32917
H      -3.87428  -1.05126  -1.39370

Results: Coordinates of rotated frame :
          66
Ti-taddol                              
O       1.29836   0.00000   0.46242
O       1.54060   1.86580   3.59139
C       0.50064   2.13007   4.54977
Cl      0.81945   1.90426  -2.37917
C       1.93750   0.41099   1.68499
C       0.96325   1.45186   2.35256
H       0.87217   2.30653   1.65621
C       1.12013   1.51266   5.88295
H       0.12632   1.70329   6.63466
H       1.83461   2.05263   6.25185
H       1.12238   0.47649   5.79087
C       2.15584  -0.82358   2.57141
TI      0.00000   0.00000   0.00000
C       1.47547  -2.02692   2.32967
H       0.80123  -2.11068   1.47631
C       1.67754  -3.13651   3.15961
H       1.14501  -4.06694   2.95074
C       2.55929  -3.05718   4.24064
H       2.71988  -3.92448   4.88490
C       3.26561  -1.76930   4.51698
H       3.94595  -1.79175   5.31915
C       3.04960  -0.75405   3.65419
H       3.59637   0.17071   3.84043
C       3.27894   1.04214   1.26877
C       3.64070   2.47010   1.55533
H       2.95061   3.02181   2.09134
C       4.84683   2.89148   1.07851
H       5.09992   3.93303   1.28923
C       5.73931   2.08223   0.37258
H       6.69266   2.48659   0.02537
C       5.44296   0.93167   0.18040
H       6.09239   0.10488  -0.43852
C       4.18606   0.23258   0.56115
H       3.92877  -0.80883   0.35673
Cl     -0.81945  -1.90426  -1.16968
O      -1.26227   0.92360   0.48170
O      -0.66612   1.19841   4.63862
C      -1.64739   1.33091   1.80734
C      -0.44474   0.91896   2.74552
H      -0.43653  -0.25324   2.95435
C       0.20243   3.62776   4.61538
H       1.08578   4.16459   4.99085
H      -0.64045   3.81694   5.29491
H      -0.05999   4.01914   3.62391
C      -1.91350   2.84217   1.79080
C      -1.33752   3.66905   0.81253
H      -0.72203   3.23490   0.02331
C      -1.58037   5.04776   0.81522
H      -1.13123   5.67410   0.04129
C      -2.40458   5.61700   1.79048
H      -2.59994   6.69162   1.78650
C      -2.99027   4.79722   2.76182
H      -3.64575   5.22944   3.52128
C      -2.74883   3.42059   2.76126
H      -3.21583   2.78529   3.51499
C      -2.92907   0.54733   2.14647
C      -3.09289  -0.18182   3.33308
H      -2.30641  -0.19038   4.08828
C      -4.28334  -0.88068   3.57504
H      -4.39569  -1.44258   4.50507
C      -5.31718  -0.86428   2.63653
H      -6.24158  -1.41449   2.82550
C      -5.16003  -0.13627   1.45038
H      -5.96119  -0.11670   0.70823
C      -3.97836   0.56565   1.21005
H      -3.86096   1.13053   0.28326

Results : Volumes in Angs^3

       N of voxels examined :          179579
       Volume of voxel      :       0.0010000


   V Free    V Buried   V Total   V Exact
      89.4      90.0     179.4     179.6

    Buried volume =      90.04 Angs^3

   %V Free   %V Buried  % V Tot/V Ex
      49.8      50.2      99.9

    The %V Bur of the molecule is:     50.2

                 Quadrants analysis
 Quadrant     V f     V b     V t    %V f    %V b
 SW          34.2    10.6    44.9    76.3    23.7
 NW          14.6    30.2    44.9    32.6    67.4
 NE          19.4    25.5    44.9    43.2    56.8
 SE          21.1    23.7    44.9    47.1    52.9

                   Octants analysis
 Octant       V f      V b    V t    %V f    %V b
 SW-z        21.3     1.1    22.4    95.1     4.9
 NW-z        14.6     7.8    22.4    65.1    34.9
 NE-z        17.6     4.9    22.4    78.3    21.7
 SE-z        18.3     4.1    22.4    81.7    18.3
 SW+z        12.9     9.5    22.4    57.6    42.4
 NW+z         0.0    22.4    22.4     0.1    99.9
 NE+z         1.8    20.6    22.4     8.2    91.8
 SE+z         2.8    19.6    22.4    12.5    87.5

  No. of frames analyzed :            3

 Normal termination
