
 ---------------------------------------------------
 |                                                 |
 |              S A M B V C A  2.1                 |
 |                                                 |
 |              Release 29-06-2019                 |
 |                                                 |
 |       Molecular Buried Volume Calculator        |
 |                                                 |
 |  http://www.molnac.unisa.it/OM-tools/SambVca    |
 |                                                 |
 |  L. Cavallo & Z. Cao  Email: lcavallo@unisa.it  |
 |                                                 |
 ---------------------------------------------------

Checking: No. of atoms to be removed :                     0
Checking: No. of atoms defining the sphere center :        1
Checking: Atoms defining the sphere center :
  130
Checking : No. of atoms defining the Z-axis :              1
  123
Checking : No. of atoms defining the XZ-plane :            1
   57
 Checking: Molecule will be aligned along the Z+ direction
 Checking: Vbur sphere radius :            3.500
 Checking: Displacement from origin :      0.000
 Checking: Bin width :                     0.100
 Checking: Removing H atoms
 Checking: Outputting steric map
 Checking: No. of atom types in your database :         103
 Checking: Atom labels and radius in the database :
H    1.280
HE   1.640
LI   2.130
BE   1.790
B    2.250
C    1.990
N    1.810
O    1.780
F    1.720
NE   1.800
NA   2.660
MG   2.020
AL   2.150
SI   2.460
P    2.110
S    2.110
CL   2.050
AR   2.200
K    3.220
CA   2.700
SC   2.520
TI   2.470
V    2.420
CR   2.410
MN   2.400
FE   2.390
CO   2.340
NI   1.910
CU   1.640
ZN   1.630
GA   2.190
GE   2.470
AS   2.160
SE   2.220
BR   2.160
KR   2.360
RB   3.550
SR   2.910
Y    2.710
ZR   2.610
NB   2.550
MO   2.540
TC   2.530
RU   2.490
RH   2.460
PD   1.910
AG   2.010
CD   1.850
IN   2.260
SN   2.540
SB   2.410
TE   2.410
I    2.320
XE   2.530
CS   4.010
BA   3.140
LA   2.840
CE   2.830
PR   2.810
ND   2.800
PM   2.780
SM   2.760
EU   2.750
GD   2.740
TB   2.730
DY   2.700
HO   2.690
ER   2.680
TM   2.660
YB   2.640
LU   2.620
HF   2.610
TA   2.600
W    2.550
RE   2.530
OS   2.530
IR   2.490
PT   2.010
AU   1.940
HG   1.810
TL   2.290
PB   2.360
BI   2.420
PO   2.300
AT   2.360
RN   2.570
FR   4.070
RA   3.310
AC   2.890
TH   2.870
PA   2.840
U    2.180
NP   2.800
PU   2.840
AM   2.850
CM   2.870
BK   2.850
CF   2.870
ES   2.870
FM   2.870
M    2.880
NO   2.880
LR   2.880

Checking: No. of atoms of input frame :                  720

Checking: Coordinates of input frame :
Cu      5.68469   0.00000  20.61871
O       4.12437   0.00000  22.17903
Cu      7.46701   0.00000  18.83639
O       4.94057   1.28992  19.51791
O       6.78549   1.28992  21.36283
Cu      5.68469  20.61871   0.00000
O       4.12437  22.17903   0.00000
Cu      7.46701  18.83639   0.00000
O       6.78549  21.36283   1.28992
O       4.94057  19.51791   1.28992
Cu      5.68469  20.61871  26.30340
O       4.94057  19.51791  25.01348
O       4.12437  22.17903  26.30340
C       5.37668  18.52838  24.46427
C       4.76407  17.91577  23.24642
C       5.33328  16.77762  22.67748
H       6.07635  16.40630  23.04880
O       1.28992  18.09227  19.93719
C       1.83913  18.52838  20.92672
C       3.05698  17.91577  21.53933
C       3.62592  18.48498  22.67748
H       3.25460  19.22805  23.04880
O       4.94057  14.44162  19.93719
C       5.37668  14.99083  20.92672
C       4.76407  16.20868  21.53933
O       6.36621  14.44162  21.36283
C       3.62592  16.77762  20.97012
H       3.25460  16.40630  20.22705
O       6.36621  18.09227  25.01348
O       1.28992  19.51791  21.36283
Cu      0.00000  20.61871  20.61871
O       1.28992  21.36283  19.51791
O       0.00000  22.17903  22.17903
C       1.83913  20.92672  18.52838
C       3.05698  21.53933  17.91577
C       3.62592  20.97012  16.77762
H       3.25460  20.22705  16.40630
O       6.36621  25.01348  18.09227
C       5.37668  24.46427  18.52838
C       4.76407  23.24642  17.91577
C       3.62592  22.67748  18.48498
H       3.25460  23.04880  19.22805
O       6.36621  21.36283  14.44162
C       5.37668  20.92672  14.99083
C       4.76407  21.53933  16.20868
O       4.94057  19.93719  14.44162
C       5.33328  22.67748  16.77762
H       6.07635  23.04880  16.40630
O       1.28992  19.93719  18.09227
O       4.94057  25.01348  19.51791
Cu      5.68469  26.30340  20.61871
O       4.12437  26.30340  22.17903
Cu      5.68469  18.83639  13.15170
Cu      0.00000  18.83639  18.83639
Cu      5.68469  13.15170  18.83639
Cu      7.46701  20.61871  13.15170
Cu      7.46701  26.30340  18.83639
Cu      7.46701  18.83639  26.30340
Cu      7.46701  13.15170  20.61871
O       6.78549  25.01348  21.36283
O       6.78549  21.36283  25.01348
Cu     26.30340  20.61871  20.61871
O      26.30340  22.17903  22.17903
Cu     26.30340  18.83639  18.83639
O      25.01348  19.51791  21.36283
O      25.01348  21.36283  19.51791
Cu      0.00000   5.68469  20.61871
O       0.00000   4.12437  22.17903
Cu      0.00000   7.46701  18.83639
O       1.28992   6.78549  21.36283
O       1.28992   4.94057  19.51791
Cu     20.61871   5.68469   0.00000
O      22.17903   4.12437   0.00000
Cu     18.83639   7.46701   0.00000
O      19.51791   4.94057   1.28992
O      21.36283   6.78549   1.28992
Cu     20.61871   5.68469  26.30340
O      21.36283   6.78549  25.01348
O      22.17903   4.12437  26.30340
C      20.92672   7.77502  24.46427
C      21.53933   8.38763  23.24642
C      20.97012   9.52578  22.67748
H      20.22705   9.89710  23.04880
O      25.01348   8.21113  19.93719
C      24.46427   7.77502  20.92672
C      23.24642   8.38763  21.53933
C      22.67748   7.81842  22.67748
H      23.04880   7.07535  23.04880
O      21.36283  11.86178  19.93719
C      20.92672  11.31257  20.92672
C      21.53933  10.09472  21.53933
O      19.93719  11.86178  21.36283
C      22.67748   9.52578  20.97012
H      23.04880   9.89710  20.22705
O      19.93719   8.21113  25.01348
O      25.01348   6.78549  21.36283
Cu     26.30340   5.68469  20.61871
O      25.01348   4.94057  19.51791
O      26.30340   4.12437  22.17903
C      24.46427   5.37668  18.52838
C      23.24642   4.76407  17.91577
C      22.67748   5.33328  16.77762
H      23.04880   6.07635  16.40630
O      19.93719   1.28992  18.09227
C      20.92672   1.83913  18.52838
C      21.53933   3.05698  17.91577
C      22.67748   3.62592  18.48498
H      23.04880   3.25460  19.22805
O      19.93719   4.94057  14.44162
C      20.92672   5.37668  14.99083
C      21.53933   4.76407  16.20868
O      21.36283   6.36621  14.44162
C      20.97012   3.62592  16.77762
H      20.22705   3.25460  16.40630
O      25.01348   6.36621  18.09227
O      21.36283   1.28992  19.51791
Cu     20.61871   0.00000  20.61871
O      22.17903   0.00000  22.17903
Cu     20.61871   7.46701  13.15170
Cu     26.30340   7.46701  18.83639
Cu     20.61871  13.15170  18.83639
Cu     18.83639   5.68469  13.15170
Cu     18.83639   0.00000  18.83639
Cu     18.83639   7.46701  26.30340
Cu     18.83639  13.15170  20.61871
O      19.51791   1.28992  21.36283
O      19.51791   4.94057  25.01348
Cu     20.61871  26.30340  20.61871
O      22.17903  26.30340  22.17903
Cu     18.83639  26.30340  18.83639
O      21.36283  25.01348  19.51791
O      19.51791  25.01348  21.36283
Cu      0.00000  20.61871   5.68469
O       0.00000  22.17903   4.12437
Cu      0.00000  18.83639   7.46701
O       1.28992  19.51791   4.94057
O       1.28992  21.36283   6.78549
Cu     20.61871   0.00000   5.68469
O      22.17903   0.00000   4.12437
Cu     18.83639   0.00000   7.46701
O      21.36283   1.28992   6.78549
O      19.51791   1.28992   4.94057
Cu     20.61871  20.61871   0.00000
O      21.36283  19.51791   1.28992
O      22.17903  22.17903   0.00000
C      20.92672  18.52838   1.83913
C      21.53933  17.91577   3.05698
C      20.97012  16.77762   3.62592
H      20.22705  16.40630   3.25460
O      25.01348  18.09227   6.36621
C      24.46427  18.52838   5.37668
C      23.24642  17.91577   4.76407
C      22.67748  18.48498   3.62592
H      23.04880  19.22805   3.25460
O      21.36283  14.44162   6.36621
C      20.92672  14.99083   5.37668
C      21.53933  16.20868   4.76407
O      19.93719  14.44162   4.94057
C      22.67748  16.77762   5.33328
H      23.04880  16.40630   6.07635
O      19.93719  18.09227   1.28992
O      25.01348  19.51791   4.94057
Cu     26.30340  20.61871   5.68469
O      25.01348  21.36283   6.78549
O      26.30340  22.17903   4.12437
C      24.46427  20.92672   7.77502
C      23.24642  21.53933   8.38763
C      22.67748  20.97012   9.52578
H      23.04880  20.22705   9.89710
O      19.93719  25.01348   8.21113
C      20.92672  24.46427   7.77502
C      21.53933  23.24642   8.38763
C      22.67748  22.67748   7.81842
H      23.04880  23.04880   7.07535
O      19.93719  21.36283  11.86178
C      20.92672  20.92672  11.31257
C      21.53933  21.53933  10.09472
O      21.36283  19.93719  11.86178
C      20.97012  22.67748   9.52578
H      20.22705  23.04880   9.89710
O      25.01348  19.93719   8.21113
O      21.36283  25.01348   6.78549
Cu     20.61871  26.30340   5.68469
O      22.17903  26.30340   4.12437
Cu     20.61871  18.83639  13.15170
Cu     26.30340  18.83639   7.46701
Cu     20.61871  13.15170   7.46701
Cu     18.83639  20.61871  13.15170
Cu     18.83639  26.30340   7.46701
Cu     18.83639  18.83639   0.00000
Cu     18.83639  13.15170   5.68469
O      19.51791  25.01348   4.94057
O      19.51791  21.36283   1.28992
Cu     20.61871  20.61871  26.30340
O      22.17903  22.17903  26.30340
Cu     18.83639  18.83639  26.30340
O      19.51791  21.36283  25.01348
O      21.36283  19.51791  25.01348
Cu      5.68469   5.68469   0.00000
O       4.94057   6.78549   1.28992
O       4.12437   4.12437   0.00000
C       5.37668   7.77502   1.83913
C       4.76407   8.38763   3.05698
C       5.33328   9.52578   3.62592
H       6.07635   9.89710   3.25460
O       1.28992   8.21113   6.36621
C       1.83913   7.77502   5.37668
C       3.05698   8.38763   4.76407
C       3.62592   7.81842   3.62592
H       3.25460   7.07535   3.25460
O       4.94057  11.86178   6.36621
C       5.37668  11.31257   5.37668
C       4.76407  10.09472   4.76407
O       6.36621  11.86178   4.94057
C       3.62592   9.52578   5.33328
H       3.25460   9.89710   6.07635
O       6.36621   8.21113   1.28992
O       1.28992   6.78549   4.94057
Cu      0.00000   5.68469   5.68469
O       1.28992   4.94057   6.78549
O       0.00000   4.12437   4.12437
C       1.83913   5.37668   7.77502
C       3.05698   4.76407   8.38763
C       3.62592   5.33328   9.52578
H       3.25460   6.07635   9.89710
O       6.36621   1.28992   8.21113
C       5.37668   1.83913   7.77502
C       4.76407   3.05698   8.38763
C       3.62592   3.62592   7.81842
H       3.25460   3.25460   7.07535
O       6.36621   4.94057  11.86178
C       5.37668   5.37668  11.31257
C       4.76407   4.76407  10.09472
O       4.94057   6.36621  11.86178
C       5.33328   3.62592   9.52578
H       6.07635   3.25460   9.89710
O       1.28992   6.36621   8.21113
O       4.94057   1.28992   6.78549
Cu      5.68469   0.00000   5.68469
O       4.12437   0.00000   4.12437
Cu      5.68469   7.46701  13.15170
Cu      0.00000   7.46701   7.46701
Cu      5.68469  13.15170   7.46701
Cu      7.46701   5.68469  13.15170
Cu      7.46701   0.00000   7.46701
Cu      7.46701   7.46701   0.00000
Cu      7.46701  13.15170   5.68469
O       6.78549   1.28992   4.94057
O       6.78549   4.94057   1.28992
Cu      5.68469   5.68469  26.30340
O       4.12437   4.12437  26.30340
Cu      7.46701   7.46701  26.30340
O       6.78549   4.94057  25.01348
O       4.94057   6.78549  25.01348
Cu      5.68469  26.30340   5.68469
O       4.12437  26.30340   4.12437
Cu      7.46701  26.30340   7.46701
O       4.94057  25.01348   6.78549
O       6.78549  25.01348   4.94057
Cu     26.30340   5.68469   5.68469
O      26.30340   4.12437   4.12437
Cu     26.30340   7.46701   7.46701
O      25.01348   6.78549   4.94057
O      25.01348   4.94057   6.78549
C      18.52838   1.83913  20.92672
C      17.91577   3.05698  21.53933
C      16.77762   3.62592  20.97012
H      16.40630   3.25460  20.22705
O      18.09227   6.36621  25.01348
C      18.52838   5.37668  24.46427
C      17.91577   4.76407  23.24642
C      18.48498   3.62592  22.67748
H      19.22805   3.25460  23.04880
O      14.44162   6.36621  21.36283
C      14.99083   5.37668  20.92672
C      16.20868   4.76407  21.53933
O      14.44162   4.94057  19.93719
C      16.77762   5.33328  22.67748
H      16.40630   6.07635  23.04880
O      18.09227   1.28992  19.93719
Cu     13.15170   5.68469  18.83639
Cu     13.15170   7.46701  20.61871
C      18.52838  24.46427   5.37668
C      17.91577  23.24642   4.76407
C      16.77762  22.67748   5.33328
H      16.40630  23.04880   6.07635
O      18.09227  19.93719   1.28992
C      18.52838  20.92672   1.83913
C      17.91577  21.53933   3.05698
C      18.48498  22.67748   3.62592
H      19.22805  23.04880   3.25460
O      14.44162  19.93719   4.94057
C      14.99083  20.92672   5.37668
C      16.20868  21.53933   4.76407
O      14.44162  21.36283   6.36621
C      16.77762  20.97012   3.62592
H      16.40630  20.22705   3.25460
O      18.09227  25.01348   6.36621
Cu     13.15170  20.61871   7.46701
Cu     13.15170  18.83639   5.68469
C       7.77502  24.46427  20.92672
C       8.38763  23.24642  21.53933
C       9.52578  22.67748  20.97012
H       9.89710  23.04880  20.22705
O       8.21113  19.93719  25.01348
C       7.77502  20.92672  24.46427
C       8.38763  21.53933  23.24642
C       7.81842  22.67748  22.67748
H       7.07535  23.04880  23.04880
O      11.86178  19.93719  21.36283
C      11.31257  20.92672  20.92672
C      10.09472  21.53933  21.53933
O      11.86178  21.36283  19.93719
C       9.52578  20.97012  22.67748
H       9.89710  20.22705  23.04880
O       8.21113  25.01348  19.93719
Cu     13.15170  20.61871  18.83639
Cu     13.15170  18.83639  20.61871
C       7.77502   1.83913   5.37668
C       8.38763   3.05698   4.76407
C       9.52578   3.62592   5.33328
H       9.89710   3.25460   6.07635
O       8.21113   6.36621   1.28992
C       7.77502   5.37668   1.83913
C       8.38763   4.76407   3.05698
C       7.81842   3.62592   3.62592
H       7.07535   3.25460   3.25460
O      11.86178   6.36621   4.94057
C      11.31257   5.37668   5.37668
C      10.09472   4.76407   4.76407
O      11.86178   4.94057   6.36621
C       9.52578   5.33328   3.62592
H       9.89710   6.07635   3.25460
O       8.21113   1.28992   6.36621
Cu     13.15170   5.68469   7.46701
Cu     13.15170   7.46701   5.68469
C      18.52838   5.37668   1.83913
C      17.91577   4.76407   3.05698
C      16.77762   5.33328   3.62592
H      16.40630   6.07635   3.25460
O      18.09227   1.28992   6.36621
C      18.52838   1.83913   5.37668
C      17.91577   3.05698   4.76407
C      18.48498   3.62592   3.62592
H      19.22805   3.25460   3.25460
O      14.44162   4.94057   6.36621
C      14.99083   5.37668   5.37668
C      16.20868   4.76407   4.76407
O      14.44162   6.36621   4.94057
C      16.77762   3.62592   5.33328
H      16.40630   3.25460   6.07635
O      18.09227   6.36621   1.28992
C      20.92672   1.83913   7.77502
C      21.53933   3.05698   8.38763
C      20.97012   3.62592   9.52578
H      20.22705   3.25460   9.89710
O      25.01348   6.36621   8.21113
C      24.46427   5.37668   7.77502
C      23.24642   4.76407   8.38763
C      22.67748   3.62592   7.81842
H      23.04880   3.25460   7.07535
O      21.36283   6.36621  11.86178
C      20.92672   5.37668  11.31257
C      21.53933   4.76407  10.09472
O      19.93719   4.94057  11.86178
C      22.67748   5.33328   9.52578
H      23.04880   6.07635   9.89710
O      19.93719   1.28992   8.21113
C       7.77502  20.92672   1.83913
C       8.38763  21.53933   3.05698
C       9.52578  20.97012   3.62592
H       9.89710  20.22705   3.25460
O       8.21113  25.01348   6.36621
C       7.77502  24.46427   5.37668
C       8.38763  23.24642   4.76407
C       7.81842  22.67748   3.62592
H       7.07535  23.04880   3.25460
O      11.86178  21.36283   6.36621
C      11.31257  20.92672   5.37668
C      10.09472  21.53933   4.76407
O      11.86178  19.93719   4.94057
C       9.52578  22.67748   5.33328
H       9.89710  23.04880   6.07635
O       8.21113  19.93719   1.28992
C       5.37668  24.46427   7.77502
C       4.76407  23.24642   8.38763
C       5.33328  22.67748   9.52578
H       6.07635  23.04880   9.89710
O       1.28992  19.93719   8.21113
C       1.83913  20.92672   7.77502
C       3.05698  21.53933   8.38763
C       3.62592  22.67748   7.81842
H       3.25460  23.04880   7.07535
O       4.94057  19.93719  11.86178
C       5.37668  20.92672  11.31257
C       4.76407  21.53933  10.09472
O       6.36621  21.36283  11.86178
C       3.62592  20.97012   9.52578
H       3.25460  20.22705   9.89710
O       6.36621  25.01348   8.21113
C      18.52838  20.92672  24.46427
C      17.91577  21.53933  23.24642
C      16.77762  20.97012  22.67748
H      16.40630  20.22705  23.04880
O      18.09227  25.01348  19.93719
C      18.52838  24.46427  20.92672
C      17.91577  23.24642  21.53933
C      18.48498  22.67748  22.67748
H      19.22805  23.04880  23.04880
O      14.44162  21.36283  19.93719
C      14.99083  20.92672  20.92672
C      16.20868  21.53933  21.53933
O      14.44162  19.93719  21.36283
C      16.77762  22.67748  20.97012
H      16.40630  23.04880  20.22705
O      18.09227  19.93719  25.01348
C      20.92672  24.46427  18.52838
C      21.53933  23.24642  17.91577
C      20.97012  22.67748  16.77762
H      20.22705  23.04880  16.40630
O      25.01348  19.93719  18.09227
C      24.46427  20.92672  18.52838
C      23.24642  21.53933  17.91577
C      22.67748  22.67748  18.48498
H      23.04880  23.04880  19.22805
O      21.36283  19.93719  14.44162
C      20.92672  20.92672  14.99083
C      21.53933  21.53933  16.20868
O      19.93719  21.36283  14.44162
C      22.67748  20.97012  16.77762
H      23.04880  20.22705  16.40630
O      19.93719  25.01348  18.09227
C       7.77502   5.37668  24.46427
C       8.38763   4.76407  23.24642
C       9.52578   5.33328  22.67748
H       9.89710   6.07635  23.04880
O       8.21113   1.28992  19.93719
C       7.77502   1.83913  20.92672
C       8.38763   3.05698  21.53933
C       7.81842   3.62592  22.67748
H       7.07535   3.25460  23.04880
O      11.86178   4.94057  19.93719
C      11.31257   5.37668  20.92672
C      10.09472   4.76407  21.53933
O      11.86178   6.36621  21.36283
C       9.52578   3.62592  20.97012
H       9.89710   3.25460  20.22705
O       8.21113   6.36621  25.01348
C       5.37668   1.83913  18.52838
C       4.76407   3.05698  17.91577
C       5.33328   3.62592  16.77762
H       6.07635   3.25460  16.40630
O       1.28992   6.36621  18.09227
C       1.83913   5.37668  18.52838
C       3.05698   4.76407  17.91577
C       3.62592   3.62592  18.48498
H       3.25460   3.25460  19.22805
O       4.94057   6.36621  14.44162
C       5.37668   5.37668  14.99083
C       4.76407   4.76407  16.20868
O       6.36621   4.94057  14.44162
C       3.62592   5.33328  16.77762
H       3.25460   6.07635  16.40630
O       6.36621   1.28992  18.09227
C       1.83913  18.52838   5.37668
C       3.05698  17.91577   4.76407
C       3.62592  16.77762   5.33328
H       3.25460  16.40630   6.07635
O       6.36621  18.09227   1.28992
C       5.37668  18.52838   1.83913
C       4.76407  17.91577   3.05698
C       3.62592  18.48498   3.62592
H       3.25460  19.22805   3.25460
O       6.36621  14.44162   4.94057
C       5.37668  14.99083   5.37668
C       4.76407  16.20868   4.76407
O       4.94057  14.44162   6.36621
C       5.33328  16.77762   3.62592
H       6.07635  16.40630   3.25460
O       1.28992  18.09227   6.36621
C      24.46427  18.52838  20.92672
C      23.24642  17.91577  21.53933
C      22.67748  16.77762  20.97012
H      23.04880  16.40630  20.22705
O      19.93719  18.09227  25.01348
C      20.92672  18.52838  24.46427
C      21.53933  17.91577  23.24642
C      22.67748  18.48498  22.67748
H      23.04880  19.22805  23.04880
O      19.93719  14.44162  21.36283
C      20.92672  14.99083  20.92672
C      21.53933  16.20868  21.53933
O      21.36283  14.44162  19.93719
C      20.97012  16.77762  22.67748
H      20.22705  16.40630  23.04880
O      25.01348  18.09227  19.93719
C      24.46427   7.77502   5.37668
C      23.24642   8.38763   4.76407
C      22.67748   9.52578   5.33328
H      23.04880   9.89710   6.07635
O      19.93719   8.21113   1.28992
C      20.92672   7.77502   1.83913
C      21.53933   8.38763   3.05698
C      22.67748   7.81842   3.62592
H      23.04880   7.07535   3.25460
O      19.93719  11.86178   4.94057
C      20.92672  11.31257   5.37668
C      21.53933  10.09472   4.76407
O      21.36283  11.86178   6.36621
C      20.97012   9.52578   3.62592
H      20.22705   9.89710   3.25460
O      25.01348   8.21113   6.36621
C       1.83913   7.77502  20.92672
C       3.05698   8.38763  21.53933
C       3.62592   9.52578  20.97012
H       3.25460   9.89710  20.22705
O       6.36621   8.21113  25.01348
C       5.37668   7.77502  24.46427
C       4.76407   8.38763  23.24642
C       3.62592   7.81842  22.67748
H       3.25460   7.07535  23.04880
O       6.36621  11.86178  21.36283
C       5.37668  11.31257  20.92672
C       4.76407  10.09472  21.53933
O       4.94057  11.86178  19.93719
C       5.33328   9.52578  22.67748
H       6.07635   9.89710  23.04880
O       1.28992   8.21113  19.93719
O       4.12437   9.02733  13.15170
O       0.00000   9.02733   9.02733
O       4.12437  13.15170   9.02733
O       6.78549  11.86178   8.21113
O       6.78549   8.21113  14.44162
O       6.78549  14.44162   8.21113
O       6.78549   8.21113  11.86178
O      26.30340   9.02733   9.02733
O       0.00000  17.27607   9.02733
O      22.17903  17.27607  13.15170
O      26.30340  17.27607   9.02733
O      22.17903  13.15170   9.02733
O      19.51791  14.44162   8.21113
O      19.51791  18.09227  14.44162
O      19.51791  11.86178   8.21113
O      19.51791  18.09227  11.86178
O       0.00000   9.02733  17.27607
O      22.17903   9.02733  13.15170
O      26.30340   9.02733  17.27607
O      22.17903  13.15170  17.27607
O      19.51791  11.86178  18.09227
O      19.51791   8.21113  11.86178
O      19.51791  14.44162  18.09227
O      19.51791   8.21113  14.44162
O       4.12437  17.27607  13.15170
O       0.00000  17.27607  17.27607
O       4.12437  13.15170  17.27607
O       6.78549  14.44162  18.09227
O       6.78549  18.09227  11.86178
O       6.78549  11.86178  18.09227
O       6.78549  18.09227  14.44162
O      26.30340  17.27607  17.27607
C      18.52838  14.99083   7.77502
C      17.91577  16.20868   8.38763
C      16.77762  16.77762   7.81842
H      16.40630  16.40630   7.07535
O      18.09227  19.51791  11.86178
C      18.52838  18.52838  11.31257
C      17.91577  17.91577  10.09472
C      18.48498  16.77762   9.52578
H      19.22805  16.40630   9.89710
O      14.44162  19.51791   8.21113
C      14.99083  18.52838   7.77502
C      16.20868  17.91577   8.38763
O      14.44162  18.09227   6.78549
C      16.77762  18.48498   9.52578
H      16.40630  19.22805   9.89710
O      18.09227  14.44162   6.78549
C      18.52838  11.31257  18.52838
C      17.91577  10.09472  17.91577
C      16.77762   9.52578  18.48498
H      16.40630   9.89710  19.22805
O      18.09227   6.78549  14.44162
C      18.52838   7.77502  14.99083
C      17.91577   8.38763  16.20868
C      18.48498   9.52578  16.77762
H      19.22805   9.89710  16.40630
O      14.44162   6.78549  18.09227
C      14.99083   7.77502  18.52838
C      16.20868   8.38763  17.91577
O      14.44162   8.21113  19.51791
C      16.77762   7.81842  16.77762
H      16.40630   7.07535  16.40630
O      18.09227  11.86178  19.51791
C       7.77502  11.31257   7.77502
C       8.38763  10.09472   8.38763
C       9.52578   9.52578   7.81842
H       9.89710   9.89710   7.07535
O       8.21113   6.78549  11.86178
C       7.77502   7.77502  11.31257
C       8.38763   8.38763  10.09472
C       7.81842   9.52578   9.52578
H       7.07535   9.89710   9.89710
O      11.86178   6.78549   8.21113
C      11.31257   7.77502   7.77502
C      10.09472   8.38763   8.38763
O      11.86178   8.21113   6.78549
C       9.52578   7.81842   9.52578
H       9.89710   7.07535   9.89710
O       8.21113  11.86178   6.78549
C       7.77502  14.99083  18.52838
C       8.38763  16.20868  17.91577
C       9.52578  16.77762  18.48498
H       9.89710  16.40630  19.22805
O       8.21113  19.51791  14.44162
C       7.77502  18.52838  14.99083
C       8.38763  17.91577  16.20868
C       7.81842  16.77762  16.77762
H       7.07535  16.40630  16.40630
O      11.86178  19.51791  18.09227
C      11.31257  18.52838  18.52838
C      10.09472  17.91577  17.91577
O      11.86178  18.09227  19.51791
C       9.52578  18.48498  16.77762
H       9.89710  19.22805  16.40630
O       8.21113  14.44162  19.51791
C      18.52838  18.52838  14.99083
C      17.91577  17.91577  16.20868
C      16.77762  18.48498  16.77762
H      16.40630  19.22805  16.40630
O      18.09227  14.44162  19.51791
C      18.52838  14.99083  18.52838
C      17.91577  16.20868  17.91577
C      18.48498  16.77762  16.77762
H      19.22805  16.40630  16.40630
O      14.44162  18.09227  19.51791
C      14.99083  18.52838  18.52838
C      16.20868  17.91577  17.91577
O      14.44162  19.51791  18.09227
C      16.77762  16.77762  18.48498
H      16.40630  16.40630  19.22805
O      18.09227  19.51791  14.44162
C       7.77502   7.77502  14.99083
C       8.38763   8.38763  16.20868
C       9.52578   7.81842  16.77762
H       9.89710   7.07535  16.40630
O       8.21113  11.86178  19.51791
C       7.77502  11.31257  18.52838
C       8.38763  10.09472  17.91577
C       7.81842   9.52578  16.77762
H       7.07535   9.89710  16.40630
O      11.86178   8.21113  19.51791
C      11.31257   7.77502  18.52838
C      10.09472   8.38763  17.91577
O      11.86178   6.78549  18.09227
C       9.52578   9.52578  18.48498
H       9.89710   9.89710  19.22805
O       8.21113   6.78549  14.44162
C      18.52838   7.77502  11.31257
C      17.91577   8.38763  10.09472
C      16.77762   7.81842   9.52578
H      16.40630   7.07535   9.89710
O      18.09227  11.86178   6.78549
C      18.52838  11.31257   7.77502
C      17.91577  10.09472   8.38763
C      18.48498   9.52578   9.52578
H      19.22805   9.89710   9.89710
O      14.44162   8.21113   6.78549
C      14.99083   7.77502   7.77502
C      16.20868   8.38763   8.38763
O      14.44162   6.78549   8.21113
C      16.77762   9.52578   7.81842
H      16.40630   9.89710   7.07535
O      18.09227   6.78549  11.86178
C       7.77502  18.52838  11.31257
C       8.38763  17.91577  10.09472
C       9.52578  18.48498   9.52578
H       9.89710  19.22805   9.89710
O       8.21113  14.44162   6.78549
C       7.77502  14.99083   7.77502
C       8.38763  16.20868   8.38763
C       7.81842  16.77762   9.52578
H       7.07535  16.40630   9.89710
O      11.86178  18.09227   6.78549
C      11.31257  18.52838   7.77502
C      10.09472  17.91577   8.38763
O      11.86178  19.51791   8.21113
C       9.52578  16.77762   7.81842
H       9.89710  16.40630   7.07535
O       8.21113  19.51791  11.86178
O      17.27607   0.00000   9.02733
O      17.27607  22.17903  13.15170
O      13.15170  22.17903   9.02733
O      17.27607  26.30340   9.02733
O       9.02733   4.12437  13.15170
O      13.15170   4.12437   9.02733
O       9.02733   0.00000   9.02733
O       9.02733  26.30340   9.02733
O       9.02733   0.00000  17.27607
O       9.02733  22.17903  13.15170
O      13.15170  22.17903  17.27607
O       9.02733  26.30340  17.27607
O      17.27607   4.12437  13.15170
O      13.15170   4.12437  17.27607
O      17.27607   0.00000  17.27607
O      17.27607  26.30340  17.27607
O      17.27607   9.02733   0.00000
O      17.27607   9.02733  26.30340
O      13.15170   9.02733  22.17903
O      17.27607  13.15170  22.17903
O       9.02733  17.27607   0.00000
O       9.02733  17.27607  26.30340
O      13.15170  17.27607  22.17903
O       9.02733  13.15170  22.17903
O       9.02733   9.02733   0.00000
O      13.15170   9.02733   4.12437
O       9.02733  13.15170   4.12437
O       9.02733   9.02733  26.30340
O      17.27607  17.27607   0.00000
O      13.15170  17.27607   4.12437
O      17.27607  13.15170   4.12437
O      17.27607  17.27607  26.30340

Results: Coordinates of rotated frame :
         720
2300380                                
Cu     13.15170  -1.78232  26.30340
O      14.71202  -3.34264  26.30340
Cu     11.36938   0.00000  26.30340
O      13.89582  -0.68152  25.01348
O      12.05090  -2.52644  25.01348
Cu     13.15170  18.83639   5.68469
O      14.71202  18.83639   4.12437
Cu     11.36938  18.83639   7.46701
O      12.05090  17.54647   4.94057
O      13.89582  17.54647   6.78549
Cu     13.15170  -7.46701   5.68469
O      13.89582  -6.17709   6.78549
O      14.71202  -7.46701   4.12437
C      13.45971  -5.62787   7.77502
C      14.07232  -4.41003   8.38763
C      13.50311  -3.84108   9.52578
H      12.76004  -4.21241   9.89710
O      17.54647  -1.10080   8.21113
C      16.99726  -2.09033   7.77502
C      15.77941  -2.70294   8.38763
C      15.21047  -3.84108   7.81842
H      15.58179  -4.21241   7.07535
O      13.89582  -1.10080  11.86178
C      13.45971  -2.09033  11.31257
C      14.07232  -2.70294  10.09472
O      12.47018  -2.52644  11.86178
C      15.21047  -2.13373   9.52578
H      15.58179  -1.39066   9.89710
O      12.47018  -6.17709   8.21113
O      17.54647  -2.52644   6.78549
Cu     18.83639  -1.78232   5.68469
O      17.54647  -0.68152   4.94057
O      18.83639  -3.34264   4.12437
C      16.99726   0.30801   5.37668
C      15.77941   0.92062   4.76407
C      15.21047   2.05877   5.33328
H      15.58179   2.43009   6.07635
O      12.47018   0.74412   1.28992
C      13.45971   0.30801   1.83913
C      14.07232   0.92062   3.05698
C      15.21047   0.35141   3.62592
H      15.58179  -0.39166   3.25460
O      12.47018   4.39477   4.94057
C      13.45971   3.84556   5.37668
C      14.07232   2.62771   4.76407
O      13.89582   4.39477   6.36621
C      13.50311   2.05877   3.62592
H      12.76004   2.43009   3.25460
O      17.54647   0.74412   6.36621
O      13.89582  -0.68152   1.28992
Cu     13.15170  -1.78232  -0.00000
O      14.71202  -3.34264  -0.00000
Cu     13.15170   5.68469   7.46701
Cu     18.83639   0.00000   7.46701
Cu     13.15170   0.00000  13.15170
Cu     11.36938   5.68469   5.68469
Cu     11.36938   0.00000   0.00000
Cu     11.36938  -7.46701   7.46701
Cu     11.36938  -1.78232  13.15170
O      12.05090  -2.52644   1.28992
O      12.05090  -6.17709   4.94057
Cu     -7.46701  -1.78232   5.68469
O      -7.46701  -3.34264   4.12437
Cu     -7.46701   0.00000   7.46701
O      -6.17709  -2.52644   6.78549
O      -6.17709  -0.68152   4.94057
Cu     18.83639  -1.78232  20.61871
O      18.83639  -3.34264  22.17903
Cu     18.83639   0.00000  18.83639
O      17.54647  -2.52644  19.51791
O      17.54647  -0.68152  21.36283
Cu     -1.78232  18.83639  20.61871
O      -3.34264  18.83639  22.17903
Cu      0.00000  18.83639  18.83639
O      -0.68152  17.54647  21.36283
O      -2.52644  17.54647  19.51791
Cu     -1.78232  -7.46701  20.61871
O      -2.52644  -6.17709  19.51791
O      -3.34264  -7.46701  22.17903
C      -2.09033  -5.62787  18.52838
C      -2.70294  -4.41003  17.91577
C      -2.13373  -3.84108  16.77762
H      -1.39066  -4.21241  16.40630
O      -6.17709  -1.10080  18.09227
C      -5.62787  -2.09033  18.52838
C      -4.41003  -2.70294  17.91577
C      -3.84108  -3.84108  18.48498
H      -4.21241  -4.21241  19.22805
O      -2.52644  -1.10080  14.44162
C      -2.09033  -2.09033  14.99083
C      -2.70294  -2.70294  16.20868
O      -1.10080  -2.52644  14.44162
C      -3.84108  -2.13373  16.77762
H      -4.21241  -1.39066  16.40630
O      -1.10080  -6.17709  18.09227
O      -6.17709  -2.52644  19.51791
Cu     -7.46701  -1.78232  20.61871
O      -6.17709  -0.68152  21.36283
O      -7.46701  -3.34264  22.17903
C      -5.62788   0.30801  20.92672
C      -4.41003   0.92062  21.53933
C      -3.84108   2.05877  20.97012
H      -4.21241   2.43009  20.22705
O      -1.10080   0.74412  25.01348
C      -2.09033   0.30801  24.46427
C      -2.70294   0.92062  23.24642
C      -3.84108   0.35141  22.67748
H      -4.21241  -0.39166  23.04880
O      -1.10080   4.39477  21.36283
C      -2.09033   3.84556  20.92672
C      -2.70294   2.62771  21.53933
O      -2.52644   4.39477  19.93719
C      -2.13373   2.05877  22.67748
H      -1.39066   2.43009  23.04880
O      -6.17709   0.74412  19.93719
O      -2.52644  -0.68152  25.01348
Cu     -1.78232  -1.78232  26.30340
O      -3.34264  -3.34264  26.30340
Cu     -1.78232   5.68469  18.83639
Cu     -7.46701   0.00000  18.83639
Cu     -1.78232   0.00000  13.15170
Cu      0.00000   5.68469  20.61871
Cu      0.00000   0.00000  26.30340
Cu      0.00000  -7.46701  18.83639
Cu      0.00000  -1.78232  13.15170
O      -0.68152  -2.52644  25.01348
O      -0.68152  -6.17709  21.36283
Cu     -1.78232  -1.78232   0.00000
O      -3.34264  -3.34264   0.00000
Cu      0.00000   0.00000   0.00000
O      -2.52644  -0.68152   1.28992
O      -0.68152  -2.52644   1.28992
Cu     18.83639  13.15170   5.68469
O      18.83639  14.71202   4.12437
Cu     18.83639  11.36938   7.46701
O      17.54647  13.89582   6.78549
O      17.54647  12.05090   4.94057
Cu     -1.78232  13.15170  26.30340
O      -3.34264  14.71202  26.30340
Cu      0.00000  11.36938  26.30340
O      -2.52644  12.05090  25.01348
O      -0.68152  13.89582  25.01348
Cu     -1.78232  18.83639   5.68469
O      -2.52644  17.54647   6.78549
O      -3.34264  18.83639   4.12437
C      -2.09033  16.99726   7.77502
C      -2.70294  15.77941   8.38763
C      -2.13373  15.21047   9.52578
H      -1.39066  15.58179   9.89710
O      -6.17709  12.47018   8.21113
C      -5.62787  13.45971   7.77502
C      -4.41003  14.07232   8.38763
C      -3.84108  15.21047   7.81842
H      -4.21241  15.58179   7.07535
O      -2.52644  12.47018  11.86178
C      -2.09033  13.45971  11.31257
C      -2.70294  14.07232  10.09472
O      -1.10080  13.89582  11.86178
C      -3.84108  13.50311   9.52578
H      -4.21241  12.76004   9.89710
O      -1.10080  17.54647   8.21113
O      -6.17709  13.89582   6.78549
Cu     -7.46701  13.15170   5.68469
O      -6.17709  12.05090   4.94057
O      -7.46701  14.71202   4.12437
C      -5.62787  11.06137   5.37668
C      -4.41003  10.44876   4.76407
C      -3.84108   9.31061   5.33328
H      -4.21241   8.93929   6.07635
O      -1.10080  10.62526   1.28992
C      -2.09033  11.06137   1.83913
C      -2.70294  10.44876   3.05698
C      -3.84108  11.01797   3.62592
H      -4.21241  11.76104   3.25460
O      -1.10080   6.97461   4.94057
C      -2.09033   7.52382   5.37668
C      -2.70294   8.74167   4.76407
O      -2.52644   6.97461   6.36621
C      -2.13373   9.31061   3.62592
H      -1.39066   8.93929   3.25460
O      -6.17709  10.62526   6.36621
O      -2.52644  12.05090   1.28992
Cu     -1.78232  13.15170   0.00000
O      -3.34264  14.71202   0.00000
Cu     -1.78232   5.68469   7.46701
Cu     -7.46701  11.36938   7.46701
Cu     -1.78232  11.36938  13.15170
Cu      0.00000   5.68469   5.68469
Cu      0.00000  11.36938   0.00000
Cu      0.00000  18.83639   7.46701
Cu      0.00000  13.15170  13.15170
O      -0.68152  13.89582   1.28992
O      -0.68152  17.54647   4.94057
Cu     -1.78232  -7.46701   5.68469
O      -3.34264  -7.46701   4.12437
Cu      0.00000  -7.46701   7.46701
O      -0.68152  -6.17709   4.94057
O      -2.52644  -6.17709   6.78549
Cu     13.15170  18.83639  20.61871
O      13.89582  17.54647  19.51791
O      14.71202  18.83639  22.17903
C      13.45971  16.99726  18.52838
C      14.07232  15.77941  17.91577
C      13.50311  15.21047  16.77762
H      12.76004  15.58179  16.40630
O      17.54647  12.47018  18.09227
C      16.99726  13.45971  18.52838
C      15.77941  14.07232  17.91577
C      15.21047  15.21047  18.48498
H      15.58179  15.58179  19.22805
O      13.89582  12.47018  14.44162
C      13.45971  13.45971  14.99083
C      14.07232  14.07232  16.20868
O      12.47018  13.89582  14.44162
C      15.21047  13.50311  16.77762
H      15.58179  12.76004  16.40630
O      12.47018  17.54647  18.09227
O      17.54647  13.89582  19.51791
Cu     18.83639  13.15170  20.61871
O      17.54647  12.05090  21.36283
O      18.83639  14.71202  22.17903
C      16.99726  11.06137  20.92672
C      15.77941  10.44876  21.53933
C      15.21047   9.31061  20.97012
H      15.58179   8.93929  20.22705
O      12.47018  10.62526  25.01348
C      13.45971  11.06137  24.46427
C      14.07232  10.44876  23.24642
C      15.21047  11.01797  22.67748
H      15.58179  11.76104  23.04880
O      12.47018   6.97461  21.36283
C      13.45971   7.52382  20.92672
C      14.07232   8.74167  21.53933
O      13.89582   6.97461  19.93719
C      13.50311   9.31061  22.67748
H      12.76004   8.93929  23.04880
O      17.54647  10.62526  19.93719
O      13.89582  12.05090  25.01348
Cu     13.15170  13.15170  26.30340
O      14.71202  14.71202  26.30340
Cu     13.15170   5.68469  18.83639
Cu     18.83639  11.36938  18.83639
Cu     13.15170  11.36938  13.15170
Cu     11.36938   5.68469  20.61871
Cu     11.36938  11.36938  26.30340
Cu     11.36938  18.83639  18.83639
Cu     11.36938  13.15170  13.15170
O      12.05090  13.89582  25.01348
O      12.05090  17.54647  21.36283
Cu     13.15170  -7.46701  20.61871
O      14.71202  -7.46701  22.17903
Cu     11.36938  -7.46701  18.83639
O      12.05090  -6.17709  21.36283
O      13.89582  -6.17709  19.51791
Cu     13.15170  13.15170  -0.00000
O      14.71202  14.71202   0.00000
Cu     11.36938  11.36938   0.00000
O      13.89582  12.05090   1.28992
O      12.05090  13.89582   1.28992
Cu     -7.46701  13.15170  20.61871
O      -7.46701  14.71202  22.17903
Cu     -7.46701  11.36938  18.83639
O      -6.17709  13.89582  19.51791
O      -6.17709  12.05090  21.36283
C       0.30801  -2.09033  24.46427
C       0.92062  -2.70294  23.24642
C       2.05877  -2.13373  22.67748
H       2.43009  -1.39066  23.04880
O       0.74412  -6.17709  19.93719
C       0.30801  -5.62787  20.92672
C       0.92062  -4.41003  21.53933
C       0.35141  -3.84108  22.67748
H      -0.39166  -4.21241  23.04880
O       4.39477  -2.52644  19.93719
C       3.84556  -2.09033  20.92672
C       2.62771  -2.70294  21.53933
O       4.39477  -1.10080  21.36283
C       2.05877  -3.84108  20.97012
H       2.43009  -4.21241  20.22705
O       0.74412  -1.10080  25.01348
Cu      5.68469   0.00000  20.61871
Cu      5.68469  -1.78232  18.83639
C       0.30801  13.45971   1.83913
C       0.92062  14.07232   3.05698
C       2.05877  13.50311   3.62592
H       2.43009  12.76004   3.25460
O       0.74412  17.54647   6.36621
C       0.30801  16.99726   5.37668
C       0.92062  15.77941   4.76407
C       0.35141  15.21047   3.62592
H      -0.39166  15.58179   3.25460
O       4.39477  13.89582   6.36621
C       3.84556  13.45971   5.37668
C       2.62771  14.07232   4.76407
O       4.39477  12.47018   4.94057
C       2.05877  15.21047   5.33328
H       2.43009  15.58179   6.07635
O       0.74412  12.47018   1.28992
Cu      5.68469  11.36938   5.68469
Cu      5.68469  13.15170   7.46701
C      11.06137  -2.09033   1.83913
C      10.44876  -2.70294   3.05698
C       9.31062  -2.13373   3.62592
H       8.93929  -1.39066   3.25460
O      10.62526  -6.17709   6.36621
C      11.06137  -5.62787   5.37668
C      10.44876  -4.41003   4.76407
C      11.01797  -3.84108   3.62592
H      11.76104  -4.21241   3.25460
O       6.97461  -2.52644   6.36621
C       7.52383  -2.09033   5.37668
C       8.74167  -2.70294   4.76407
O       6.97461  -1.10080   4.94057
C       9.31062  -3.84108   5.33328
H       8.93929  -4.21241   6.07635
O      10.62526  -1.10080   1.28992
Cu      5.68469   0.00000   5.68469
Cu      5.68469  -1.78232   7.46701
C      11.06137  13.45971  24.46427
C      10.44876  14.07232  23.24642
C       9.31062  13.50311  22.67748
H       8.93929  12.76004  23.04880
O      10.62526  17.54647  19.93719
C      11.06137  16.99726  20.92672
C      10.44876  15.77941  21.53933
C      11.01797  15.21047  22.67748
H      11.76104  15.58179  23.04880
O       6.97461  13.89582  19.93719
C       7.52383  13.45971  20.92672
C       8.74167  14.07232  21.53933
O       6.97461  12.47018  21.36283
C       9.31062  15.21047  20.97012
H       8.93929  15.58179  20.22705
O      10.62526  12.47018  25.01348
Cu      5.68469  11.36938  20.61871
Cu      5.68469  13.15170  18.83639
C       0.30801  16.99726  20.92672
C       0.92062  15.77941  21.53933
C       2.05877  15.21047  20.97012
H       2.43009  15.58179  20.22705
O       0.74412  12.47018  25.01348
C       0.30801  13.45971  24.46427
C       0.92062  14.07232  23.24642
C       0.35141  15.21047  22.67748
H      -0.39166  15.58179  23.04880
O       4.39477  12.47018  21.36283
C       3.84556  13.45971  20.92672
C       2.62771  14.07232  21.53933
O       4.39477  13.89582  19.93719
C       2.05877  13.50311  22.67748
H       2.43009  12.76004  23.04880
O       0.74412  17.54647  19.93719
C      -2.09033  11.06137  24.46427
C      -2.70294  10.44876  23.24642
C      -2.13373   9.31061  22.67748
H      -1.39066   8.93929  23.04880
O      -6.17709  10.62526  19.93719
C      -5.62787  11.06137  20.92672
C      -4.41003  10.44876  21.53933
C      -3.84108  11.01797  22.67748
H      -4.21241  11.76104  23.04880
O      -2.52644   6.97461  19.93719
C      -2.09033   7.52382  20.92672
C      -2.70294   8.74167  21.53933
O      -1.10080   6.97461  21.36283
C      -3.84108   9.31061  20.97012
H      -4.21241   8.93929  20.22705
O      -1.10080  10.62526  25.01348
C      11.06137  16.99726   5.37668
C      10.44876  15.77941   4.76407
C       9.31062  15.21047   5.33328
H       8.93929  15.58179   6.07635
O      10.62526  12.47018   1.28992
C      11.06137  13.45971   1.83913
C      10.44876  14.07232   3.05698
C      11.01797  15.21047   3.62592
H      11.76104  15.58179   3.25460
O       6.97461  12.47018   4.94057
C       7.52383  13.45971   5.37668
C       8.74167  14.07232   4.76407
O       6.97461  13.89582   6.36621
C       9.31062  13.50311   3.62592
H       8.93929  12.76004   3.25460
O      10.62526  17.54647   6.36621
C      13.45971  11.06137   1.83913
C      14.07232  10.44876   3.05698
C      13.50311   9.31061   3.62592
H      12.76004   8.93929   3.25460
O      17.54647  10.62526   6.36621
C      16.99726  11.06137   5.37668
C      15.77941  10.44876   4.76407
C      15.21047  11.01797   3.62592
H      15.58179  11.76104   3.25460
O      13.89582   6.97461   6.36621
C      13.45971   7.52382   5.37668
C      14.07232   8.74167   4.76407
O      12.47018   6.97461   4.94057
C      15.21047   9.31061   5.33328
H      15.58179   8.93929   6.07635
O      12.47018  10.62526   1.28992
C       0.30801  -5.62787   5.37668
C       0.92062  -4.41003   4.76407
C       2.05877  -3.84108   5.33328
H       2.43009  -4.21241   6.07635
O       0.74412  -1.10080   1.28992
C       0.30801  -2.09033   1.83913
C       0.92062  -2.70294   3.05698
C       0.35141  -3.84108   3.62592
H      -0.39166  -4.21241   3.25460
O       4.39477  -1.10080   4.94057
C       3.84556  -2.09033   5.37668
C       2.62771  -2.70294   4.76407
O       4.39477  -2.52644   6.36621
C       2.05877  -2.13373   3.62592
H       2.43009  -1.39066   3.25460
O       0.74412  -6.17709   6.36621
C      -2.09033   0.30801   1.83913
C      -2.70294   0.92062   3.05698
C      -2.13373   2.05877   3.62592
H      -1.39066   2.43009   3.25460
O      -6.17709   0.74412   6.36621
C      -5.62787   0.30801   5.37668
C      -4.41003   0.92062   4.76407
C      -3.84108   0.35141   3.62592
H      -4.21241  -0.39166   3.25460
O      -2.52644   4.39477   6.36621
C      -2.09033   3.84556   5.37668
C      -2.70294   2.62771   4.76407
O      -1.10080   4.39477   4.94057
C      -3.84108   2.05877   5.33328
H      -4.21241   2.43009   6.07635
O      -1.10080   0.74412   1.28992
C      11.06137  -5.62787  20.92672
C      10.44876  -4.41003  21.53933
C       9.31062  -3.84108  20.97012
H       8.93929  -4.21241  20.22705
O      10.62526  -1.10080  25.01348
C      11.06137  -2.09033  24.46427
C      10.44876  -2.70294  23.24642
C      11.01797  -3.84108  22.67748
H      11.76104  -4.21241  23.04880
O       6.97461  -1.10080  21.36283
C       7.52383  -2.09033  20.92672
C       8.74167  -2.70294  21.53933
O       6.97461  -2.52644  19.93719
C       9.31062  -2.13373  22.67748
H       8.93929  -1.39066  23.04880
O      10.62526  -6.17709  19.93719
C      13.45971   0.30801  24.46427
C      14.07232   0.92062  23.24642
C      13.50311   2.05877  22.67748
H      12.76004   2.43009  23.04880
O      17.54647   0.74412  19.93719
C      16.99726   0.30801  20.92672
C      15.77941   0.92062  21.53933
C      15.21047   0.35141  22.67748
H      15.58179  -0.39166  23.04880
O      13.89582   4.39477  19.93719
C      13.45971   3.84556  20.92672
C      14.07232   2.62771  21.53933
O      12.47018   4.39477  21.36283
C      15.21047   2.05877  20.97012
H      15.58179   2.43009  20.22705
O      12.47018   0.74412  25.01348
C      16.99726  13.45971   7.77502
C      15.77941  14.07232   8.38763
C      15.21047  13.50311   9.52578
H      15.58179  12.76004   9.89710
O      12.47018  17.54647   8.21113
C      13.45971  16.99726   7.77502
C      14.07232  15.77941   8.38763
C      15.21047  15.21047   7.81842
H      15.58179  15.58179   7.07535
O      12.47018  13.89582  11.86178
C      13.45971  13.45971  11.31257
C      14.07232  14.07232  10.09472
O      13.89582  12.47018  11.86178
C      13.50311  15.21047   9.52578
H      12.76004  15.58179   9.89710
O      17.54647  12.47018   8.21113
C      -5.62787  -2.09033   7.77502
C      -4.41003  -2.70294   8.38763
C      -3.84108  -2.13373   9.52578
H      -4.21241  -1.39066   9.89710
O      -1.10080  -6.17709   8.21113
C      -2.09033  -5.62787   7.77502
C      -2.70294  -4.41003   8.38763
C      -3.84108  -3.84108   7.81842
H      -4.21241  -4.21241   7.07535
O      -1.10080  -2.52644  11.86178
C      -2.09033  -2.09033  11.31257
C      -2.70294  -2.70294  10.09472
O      -2.52644  -1.10080  11.86178
C      -2.13373  -3.84108   9.52578
H      -1.39066  -4.21241   9.89710
O      -6.17709  -1.10080   8.21113
C      -5.62787  13.45971  18.52838
C      -4.41003  14.07232  17.91577
C      -3.84108  13.50311  16.77762
H      -4.21241  12.76004  16.40630
O      -1.10080  17.54647  18.09227
C      -2.09033  16.99726  18.52838
C      -2.70294  15.77941  17.91577
C      -3.84108  15.21047  18.48498
H      -4.21241  15.58179  19.22805
O      -1.10080  13.89582  14.44162
C      -2.09033  13.45971  14.99083
C      -2.70294  14.07232  16.20868
O      -2.52644  12.47018  14.44162
C      -2.13373  15.21047  16.77762
H      -1.39066  15.58179  16.40630
O      -6.17709  12.47018  18.09227
C      16.99726  -2.09033  18.52838
C      15.77941  -2.70294  17.91577
C      15.21047  -2.13373  16.77762
H      15.58179  -1.39066  16.40630
O      12.47018  -6.17709  18.09227
C      13.45971  -5.62787  18.52838
C      14.07232  -4.41003  17.91577
C      15.21047  -3.84108  18.48498
H      15.58179  -4.21241  19.22805
O      12.47018  -2.52644  14.44162
C      13.45971  -2.09033  14.99083
C      14.07232  -2.70294  16.20868
O      13.89582  -1.10080  14.44162
C      13.50311  -3.84108  16.77762
H      12.76004  -4.21241  16.40630
O      17.54647  -1.10080  18.09227
O      14.71202   5.68469  17.27607
O      18.83639   9.80906  17.27607
O      14.71202   9.80906  13.15170
O      12.05090  10.62526  14.44162
O      12.05090   4.39477  18.09227
O      12.05090  10.62526  11.86178
O      12.05090   6.97461  18.09227
O      -7.46701   9.80906  17.27607
O      18.83639   9.80906   9.02733
O      -3.34264   5.68469   9.02733
O      -7.46701   9.80906   9.02733
O      -3.34264   9.80906  13.15170
O      -0.68152  10.62526  11.86178
O      -0.68152   4.39477   8.21113
O      -0.68152  10.62526  14.44162
O      -0.68152   6.97461   8.21113
O      18.83639   1.56032  17.27607
O      -3.34264   5.68469  17.27607
O      -7.46701   1.56032  17.27607
O      -3.34264   1.56032  13.15170
O      -0.68152   0.74412  14.44162
O      -0.68152   6.97461  18.09227
O      -0.68152   0.74412  11.86178
O      -0.68152   4.39477  18.09227
O      14.71202   5.68469   9.02733
O      18.83639   1.56032   9.02733
O      14.71202   1.56032  13.15170
O      12.05090   0.74412  11.86178
O      12.05090   6.97461   8.21113
O      12.05090   0.74412  14.44162
O      12.05090   4.39477   8.21113
O      -7.46701   1.56032   9.02733
C       0.30801  11.06137  11.31257
C       0.92062  10.44876  10.09472
C       2.05877  11.01797   9.52578
H       2.43009  11.76104   9.89710
O       0.74412   6.97461   6.78549
C       0.30801   7.52382   7.77502
C       0.92062   8.74167   8.38763
C       0.35141   9.31061   9.52578
H      -0.39166   8.93929   9.89710
O       4.39477  10.62526   6.78549
C       3.84556  11.06137   7.77502
C       2.62771  10.44876   8.38763
O       4.39477  12.05090   8.21113
C       2.05877   9.31061   7.81842
H       2.43009   8.93929   7.07535
O       0.74412  12.05090  11.86178
C       0.30801   0.30801  14.99083
C       0.92062   0.92062  16.20868
C       2.05877   0.35141  16.77762
H       2.43009  -0.39166  16.40630
O       0.74412   4.39477  19.51791
C       0.30801   3.84556  18.52838
C       0.92062   2.62771  17.91577
C       0.35141   2.05877  16.77762
H      -0.39166   2.43009  16.40630
O       4.39477   0.74412  19.51791
C       3.84556   0.30801  18.52838
C       2.62771   0.92062  17.91577
O       4.39477  -0.68152  18.09227
C       2.05877   2.05877  18.48498
H       2.43009   2.43009  19.22805
O       0.74412  -0.68152  14.44162
C      11.06137  11.06137  14.99083
C      10.44876  10.44876  16.20868
C       9.31062  11.01797  16.77762
H       8.93929  11.76104  16.40630
O      10.62526   6.97461  19.51791
C      11.06137   7.52382  18.52838
C      10.44876   8.74167  17.91577
C      11.01797   9.31061  16.77762
H      11.76104   8.93929  16.40630
O       6.97461  10.62526  19.51791
C       7.52383  11.06137  18.52838
C       8.74167  10.44876  17.91577
O       6.97461  12.05090  18.09227
C       9.31062   9.31061  18.48498
H       8.93929   8.93929  19.22805
O      10.62526  12.05090  14.44162
C      11.06137   0.30801  11.31257
C      10.44876   0.92062  10.09472
C       9.31062   0.35141   9.52578
H       8.93929  -0.39166   9.89710
O      10.62526   4.39477   6.78549
C      11.06137   3.84556   7.77502
C      10.44876   2.62771   8.38763
C      11.01797   2.05877   9.52578
H      11.76104   2.43009   9.89710
O       6.97461   0.74412   6.78549
C       7.52383   0.30801   7.77502
C       8.74167   0.92062   8.38763
O       6.97461  -0.68152   8.21113
C       9.31062   2.05877   7.81842
H       8.93929   2.43009   7.07535
O      10.62526  -0.68152  11.86178
C       0.30801   3.84556   7.77502
C       0.92062   2.62771   8.38763
C       2.05877   2.05877   7.81842
H       2.43009   2.43009   7.07535
O       0.74412  -0.68152  11.86178
C       0.30801   0.30801  11.31257
C       0.92062   0.92062  10.09472
C       0.35141   2.05877   9.52578
H      -0.39166   2.43009   9.89710
O       4.39477  -0.68152   8.21113
C       3.84556   0.30801   7.77502
C       2.62771   0.92062   8.38763
O       4.39477   0.74412   6.78549
C       2.05877   0.35141   9.52578
H       2.43009  -0.39166   9.89710
O       0.74412   4.39477   6.78549
C      11.06137   3.84556  18.52838
C      10.44876   2.62771  17.91577
C       9.31062   2.05877  18.48498
H       8.93929   2.43009  19.22805
O      10.62526  -0.68152  14.44162
C      11.06137   0.30801  14.99083
C      10.44876   0.92062  16.20868
C      11.01797   2.05877  16.77762
H      11.76104   2.43009  16.40630
O       6.97461  -0.68152  18.09227
C       7.52383   0.30801  18.52838
C       8.74167   0.92062  17.91577
O       6.97461   0.74412  19.51791
C       9.31062   0.35141  16.77762
H       8.93929  -0.39166  16.40630
O      10.62526   4.39477  19.51791
C       0.30801   7.52382  18.52838
C       0.92062   8.74167  17.91577
C       2.05877   9.31061  18.48498
H       2.43009   8.93929  19.22805
O       0.74412  12.05090  14.44162
C       0.30801  11.06137  14.99083
C       0.92062  10.44876  16.20868
C       0.35141   9.31061  16.77762
H      -0.39166   8.93929  16.40630
O       4.39477  12.05090  18.09227
C       3.84556  11.06137  18.52838
C       2.62771  10.44876  17.91577
O       4.39477  10.62526  19.51791
C       2.05877  11.01797  16.77762
H       2.43009  11.76104  16.40630
O       0.74412   6.97461  19.51791
C      11.06137   7.52382   7.77502
C      10.44876   8.74167   8.38763
C       9.31062   9.31061   7.81842
H       8.93929   8.93929   7.07535
O      10.62526  12.05090  11.86178
C      11.06137  11.06137  11.31257
C      10.44876  10.44876  10.09472
C      11.01797   9.31061   9.52578
H      11.76104   8.93929   9.89710
O       6.97461  12.05090   8.21113
C       7.52383  11.06137   7.77502
C       8.74167  10.44876   8.38763
O       6.97461  10.62526   6.78549
C       9.31062  11.01797   9.52578
H       8.93929  11.76104   9.89710
O      10.62526   6.97461   6.78549
O       1.56032   9.80906  26.30340
O       1.56032   5.68469   4.12437
O       5.68469   9.80906   4.12437
O       1.56032   9.80906   0.00000
O       9.80906   5.68469  22.17903
O       5.68469   9.80906  22.17903
O       9.80906   9.80906  26.30340
O       9.80906   9.80906   0.00000
O       9.80906   1.56032  26.30340
O       9.80906   5.68469   4.12437
O       5.68469   1.56032   4.12437
O       9.80906   1.56032   0.00000
O       1.56032   5.68469  22.17903
O       5.68469   1.56032  22.17903
O       1.56032   1.56032  26.30340
O       1.56032   1.56032   0.00000
O       1.56032  18.83639  17.27607
O       1.56032  -7.46701  17.27607
O       5.68469  -3.34264  17.27607
O       1.56032  -3.34264  13.15170
O       9.80906  18.83639   9.02733
O       9.80906  -7.46701   9.02733
O       5.68469  -3.34264   9.02733
O       9.80906  -3.34264  13.15170
O       9.80906  18.83639  17.27607
O       5.68469  14.71202  17.27607
O       9.80906  14.71202  13.15170
O       9.80906  -7.46701  17.27607
O       1.56032  18.83639   9.02733
O       5.68469  14.71202   9.02733
O       1.56032  14.71202  13.15170
O       1.56032  -7.46701   9.02733

Results : Volumes in Angs^3

       N of voxels examined :          179579
       Volume of voxel      :       0.0010000


   V Free    V Buried   V Total   V Exact
      82.2      97.2     179.4     179.6

    Buried volume =      97.25 Angs^3

   %V Free   %V Buried  % V Tot/V Ex
      45.8      54.2      99.9

    The %V Bur of the molecule is:     54.2

                 Quadrants analysis
 Quadrant     V f     V b     V t    %V f    %V b
 SW          12.9    32.0    44.9    28.7    71.3
 NW          24.3    20.5    44.9    54.2    45.8
 NE          20.7    24.2    44.9    46.1    53.9
 SE          24.3    20.5    44.9    54.2    45.8

                   Octants analysis
 Octant       V f      V b    V t    %V f    %V b
 SW-z        12.4    10.0    22.4    55.5    44.5
 NW-z        19.5     2.9    22.4    86.9    13.1
 NE-z        11.2    11.3    22.4    49.8    50.2
 SE-z        19.5     2.9    22.4    86.9    13.1
 SW+z         0.4    22.0    22.4     2.0    98.0
 NW+z         4.8    17.6    22.4    21.5    78.5
 NE+z         9.5    12.9    22.4    42.3    57.7
 SE+z         4.8    17.6    22.4    21.5    78.5

  No. of frames analyzed :            1

 Normal termination
