
 ---------------------------------------------------
 |                                                 |
 |              S A M B V C A  2.1                 |
 |                                                 |
 |              Release 29-06-2019                 |
 |                                                 |
 |       Molecular Buried Volume Calculator        |
 |                                                 |
 |  http://www.molnac.unisa.it/OM-tools/SambVca    |
 |                                                 |
 |  L. Cavallo & Z. Cao  Email: lcavallo@unisa.it  |
 |                                                 |
 ---------------------------------------------------

Checking: No. of atoms to be removed :                     0
Checking: No. of atoms defining the sphere center :        1
Checking: Atoms defining the sphere center :
  243
Checking : No. of atoms defining the Z-axis :              1
  289
Checking : No. of atoms defining the XZ-plane :            1
  225
 Checking: Molecule will be aligned along the Z+ direction
 Checking: Vbur sphere radius :            3.500
 Checking: Displacement from origin :      0.000
 Checking: Bin width :                     0.100
 Checking: Removing H atoms
 Checking: Outputting steric map
 Checking: No. of atom types in your database :         103
 Checking: Atom labels and radius in the database :
H    1.280
HE   1.640
LI   2.130
BE   1.790
B    2.250
C    1.990
N    1.810
O    1.780
F    1.720
NE   1.800
NA   2.660
MG   2.020
AL   2.150
SI   2.460
P    2.110
S    2.110
CL   2.050
AR   2.200
K    3.220
CA   2.700
SC   2.520
TI   2.470
V    2.420
CR   2.410
MN   2.400
FE   2.390
CO   2.340
NI   1.910
CU   1.640
ZN   1.630
GA   2.190
GE   2.470
AS   2.160
SE   2.220
BR   2.160
KR   2.360
RB   3.550
SR   2.910
Y    2.710
ZR   2.610
NB   2.550
MO   2.540
TC   2.530
RU   2.490
RH   2.460
PD   1.910
AG   2.010
CD   1.850
IN   2.260
SN   2.540
SB   2.410
TE   2.410
I    2.320
XE   2.530
CS   4.010
BA   3.140
LA   2.840
CE   2.830
PR   2.810
ND   2.800
PM   2.780
SM   2.760
EU   2.750
GD   2.740
TB   2.730
DY   2.700
HO   2.690
ER   2.680
TM   2.660
YB   2.640
LU   2.620
HF   2.610
TA   2.600
W    2.550
RE   2.530
OS   2.530
IR   2.490
PT   2.010
AU   1.940
HG   1.810
TL   2.290
PB   2.360
BI   2.420
PO   2.300
AT   2.360
RN   2.570
FR   4.070
RA   3.310
AC   2.890
TH   2.870
PA   2.840
U    2.180
NP   2.800
PU   2.840
AM   2.850
CM   2.870
BK   2.850
CF   2.870
ES   2.870
FM   2.870
M    2.880
NO   2.880
LR   2.880

Checking: No. of atoms of input frame :                  472

Checking: Coordinates of input frame :
Zn      7.57911   5.33689   5.33689
O       6.45800   6.45800   6.45800
O       7.28204   5.63396   3.46149
C       6.45800   6.45800   2.87510
C       6.45800   6.45800   1.38976
C       7.30787   5.60813   0.69488
H       7.87618   5.03982   1.15727
Zn     18.25289  20.49511   5.33689
O      19.37400  19.37400   6.45800
O      18.54996  20.19804   3.46149
C      19.37400  19.37400   2.87510
C      19.37400  19.37400   1.38976
C      18.52413  20.22387   0.69488
H      17.95582  20.79218   1.15727
Zn     18.25289   5.33689  20.49511
O      19.37400   6.45800  19.37400
O      18.54996   5.63396  22.37051
C      19.37400   6.45800  22.95690
C      19.37400   6.45800  24.44224
C      18.52413   5.60813  25.13712
H      17.95582   5.03982  24.67473
Zn      7.57911  20.49511  20.49511
O       6.45800  19.37400  19.37400
O       7.28204  20.19804  22.37051
C       6.45800  19.37400  22.95690
C       6.45800  19.37400  24.44224
C       7.30787  20.22387  25.13712
H       7.87618  20.79218  24.67473
Zn      5.33689   7.57911   5.33689
O       3.46149   7.28204   5.63396
C       2.87510   6.45800   6.45800
C       1.38976   6.45800   6.45800
C       0.69488   7.30787   5.60813
H       1.15727   7.87618   5.03982
Zn      5.33689  18.25289  20.49511
O       3.46149  18.54996  20.19804
C       2.87510  19.37400  19.37400
C       1.38976  19.37400  19.37400
C       0.69488  18.52413  20.22387
H       1.15727  17.95582  20.79218
Zn     20.49511  18.25289   5.33689
O      22.37051  18.54996   5.63396
C      22.95690  19.37400   6.45800
C      24.44224  19.37400   6.45800
C      25.13712  18.52413   5.60813
H      24.67473  17.95582   5.03982
Zn     20.49511   7.57911  20.49511
O      22.37051   7.28204  20.19804
C      22.95690   6.45800  19.37400
C      24.44224   6.45800  19.37400
C      25.13712   7.30787  20.22387
H      24.67473   7.87618  20.79218
Zn      5.33689   5.33689   7.57911
O       5.63396   3.46149   7.28204
C       6.45800   2.87510   6.45800
C       6.45800   1.38976   6.45800
C       5.60813   0.69488   7.30787
H       5.03982   1.15727   7.87618
Zn     20.49511   5.33689  18.25289
O      20.19804   3.46149  18.54996
C      19.37400   2.87510  19.37400
C      19.37400   1.38976  19.37400
C      20.22387   0.69488  18.52413
H      20.79218   1.15727  17.95582
Zn      5.33689  20.49511  18.25289
O       5.63396  22.37051  18.54996
C       6.45800  22.95690  19.37400
C       6.45800  24.44224  19.37400
C       5.60813  25.13712  18.52413
H       5.03982  24.67473  17.95582
Zn     20.49511  20.49511   7.57911
O      20.19804  22.37051   7.28204
C      19.37400  22.95690   6.45800
C      19.37400  24.44224   6.45800
C      20.22387  25.13712   7.30787
H      20.79218  24.67473   7.87618
Zn      5.33689   7.57911  20.49511
O       6.45800   6.45800  19.37400
O       5.63396   7.28204  -3.46149
C       6.45800   6.45800  -2.87510
C       6.45800   6.45800  -1.38976
C       5.60813   7.30787  -0.69488
H       5.03982   7.87618  -1.15727
Zn     20.49511  18.25289  20.49511
O      19.37400  19.37400  19.37400
O      20.19804  18.54996  -3.46149
C      19.37400  19.37400  -2.87510
C      19.37400  19.37400  -1.38976
C      20.22387  18.52413  -0.69488
H      20.79218  17.95582  -1.15727
Zn      5.33689  18.25289   5.33689
O       6.45800  19.37400   6.45800
O       5.63396  18.54996  29.29349
C       6.45800  19.37400  28.70710
C       6.45800  19.37400  27.22176
C       5.60813  18.52413  26.52688
H       5.03982  17.95582  26.98927
Zn     20.49511   7.57911   5.33689
O      19.37400   6.45800   6.45800
O      20.19804   7.28204  29.29349
C      19.37400   6.45800  28.70710
C      19.37400   6.45800  27.22176
C      20.22387   7.30787  26.52688
H      20.79218   7.87618  26.98927
Zn      7.57911   5.33689  20.49511
O       7.28204  29.29349  20.19804
C       6.45800  28.70710  19.37400
C       6.45800  27.22176  19.37400
C       7.30787  26.52688  20.22387
H       7.87618  26.98927  20.79218
Zn     18.25289   5.33689   5.33689
O      18.54996  29.29349   5.63396
C      19.37400  28.70710   6.45800
C      19.37400  27.22176   6.45800
C      18.52413  26.52688   5.60813
H      17.95582  26.98927   5.03982
Zn     18.25289  20.49511  20.49511
O      18.54996  -3.46149  20.19804
C      19.37400  -2.87510  19.37400
C      19.37400  -1.38976  19.37400
C      18.52413  -0.69488  20.22387
H      17.95582  -1.15727  20.79218
Zn      7.57911  20.49511   5.33689
O       7.28204  -3.46149   5.63396
C       6.45800  -2.87510   6.45800
C       6.45800  -1.38976   6.45800
C       7.30787  -0.69488   5.60813
H       7.87618  -1.15727   5.03982
Zn      5.33689   5.33689  18.25289
O      29.29349   5.63396  18.54996
C      28.70710   6.45800  19.37400
C      27.22176   6.45800  19.37400
C      26.52688   5.60813  18.52413
H      26.98927   5.03982  17.95582
Zn      5.33689  20.49511   7.57911
O      29.29349  20.19804   7.28204
C      28.70710  19.37400   6.45800
C      27.22176  19.37400   6.45800
C      26.52688  20.22387   7.30787
H      26.98927  20.79218   7.87618
Zn     20.49511   5.33689   7.57911
O      -3.46149   5.63396   7.28204
C      -2.87510   6.45800   6.45800
C      -1.38976   6.45800   6.45800
C      -0.69488   5.60813   7.30787
H      -1.15727   5.03982   7.87618
Zn     20.49511  20.49511  18.25289
O      -3.46149  20.19804  18.54996
C      -2.87510  19.37400  19.37400
C      -1.38976  19.37400  19.37400
C      -0.69488  20.22387  18.52413
H      -1.15727  20.79218  17.95582
O      18.54996  20.19804  -3.46149
C      18.52413  20.22387  -0.69488
H      17.95582  20.79218  -1.15727
O       7.28204   5.63396  -3.46149
C       7.30787   5.60813  -0.69488
H       7.87618   5.03982  -1.15727
O       7.28204  20.19804  29.29349
C       7.30787  20.22387  26.52688
H       7.87618  20.79218  26.98927
O      18.54996   5.63396  29.29349
C      18.52413   5.60813  26.52688
H      17.95582   5.03982  26.98927
O      -3.46149  18.54996  20.19804
C      -0.69488  18.52413  20.22387
H      -1.15727  17.95582  20.79218
O      -3.46149   7.28204   5.63396
C      -0.69488   7.30787   5.60813
H      -1.15727   7.87618   5.03982
O      29.29349   7.28204  20.19804
C      26.52688   7.30787  20.22387
H      26.98927   7.87618  20.79218
O      29.29349  18.54996   5.63396
C      26.52688  18.52413   5.60813
H      26.98927  17.95582   5.03982
O      20.19804  -3.46149  18.54996
C      20.22387  -0.69488  18.52413
H      20.79218  -1.15727  17.95582
O       5.63396  -3.46149   7.28204
C       5.60813  -0.69488   7.30787
H       5.03982  -1.15727   7.87618
O      20.19804  29.29349   7.28204
C      20.22387  26.52688   7.30787
H      20.79218  26.98927   7.87618
O       5.63396  29.29349  18.54996
C       5.60813  26.52688  18.52413
H       5.03982  26.98927  17.95582
O      20.19804  18.54996   3.46149
C      20.22387  18.52413   0.69488
H      20.79218  17.95582   1.15727
O       5.63396   7.28204   3.46149
C       5.60813   7.30787   0.69488
H       5.03982   7.87618   1.15727
O      20.19804   7.28204  22.37051
C      20.22387   7.30787  25.13712
H      20.79218   7.87618  24.67473
O       5.63396  18.54996  22.37051
C       5.60813  18.52413  25.13712
H       5.03982  17.95582  24.67473
O      18.54996  22.37051   5.63396
C      18.52413  25.13712   5.60813
H      17.95582  24.67473   5.03982
O       7.28204  22.37051  20.19804
C       7.30787  25.13712  20.22387
H       7.87618  24.67473  20.79218
O       7.28204   3.46149   5.63396
C       7.30787   0.69488   5.60813
H       7.87618   1.15727   5.03982
O      18.54996   3.46149  20.19804
C      18.52413   0.69488  20.22387
H      17.95582   1.15727  20.79218
O      22.37051  20.19804   7.28204
C      25.13712  20.22387   7.30787
H      24.67473  20.79218   7.87618
O      22.37051   5.63396  18.54996
C      25.13712   5.60813  18.52413
H      24.67473   5.03982  17.95582
O       3.46149  20.19804  18.54996
C       0.69488  20.22387  18.52413
H       1.15727  20.79218  17.95582
O       3.46149   5.63396   7.28204
C       0.69488   5.60813   7.30787
H       1.15727   5.03982   7.87618
Zn      7.57911  18.25289  18.25289
O       7.28204  18.54996  16.37749
C       6.45800  19.37400  15.79110
C       6.45800  19.37400  14.30576
C       7.30787  18.52413  13.61088
H       7.87618  17.95582  14.07327
Zn     18.25289   7.57911  18.25289
O      18.54996   7.28204  16.37749
C      19.37400   6.45800  15.79110
C      19.37400   6.45800  14.30576
C      18.52413   7.30787  13.61088
H      17.95582   7.87618  14.07327
Zn     18.25289  18.25289   7.57911
O      18.54996  18.54996   9.45451
C      19.37400  19.37400  10.04090
C      19.37400  19.37400  11.52624
C      18.52413  18.52413  12.22112
H      17.95582  17.95582  11.75873
Zn      7.57911   7.57911   7.57911
O       7.28204   7.28204   9.45451
C       6.45800   6.45800  10.04090
C       6.45800   6.45800  11.52624
C       7.30787   7.30787  12.22112
H       7.87618   7.87618  11.75873
O       5.63396  16.37749  20.19804
C       6.45800  15.79110  19.37400
C       6.45800  14.30576  19.37400
C       5.60813  13.61088  20.22387
H       5.03982  14.07327  20.79218
O      20.19804  16.37749   5.63396
C      19.37400  15.79110   6.45800
C      19.37400  14.30576   6.45800
C      20.22387  13.61088   5.60813
H      20.79218  14.07327   5.03982
O       5.63396   9.45451   5.63396
C       6.45800  10.04090   6.45800
C       6.45800  11.52624   6.45800
C       5.60813  12.22112   5.60813
H       5.03982  11.75873   5.03982
O      20.19804   9.45451  20.19804
C      19.37400  10.04090  19.37400
C      19.37400  11.52624  19.37400
C      20.22387  12.22112  20.22387
H      20.79218  11.75873  20.79218
O       5.63396  20.19804   9.45451
C       6.45800  19.37400  10.04090
C       6.45800  19.37400  11.52624
C       5.60813  20.22387  12.22112
H       5.03982  20.79218  11.75873
O      20.19804   5.63396   9.45451
C      19.37400   6.45800  10.04090
C      19.37400   6.45800  11.52624
C      20.22387   5.60813  12.22112
H      20.79218   5.03982  11.75873
O       5.63396   5.63396  16.37749
C       6.45800   6.45800  15.79110
C       6.45800   6.45800  14.30576
C       5.60813   5.60813  13.61088
H       5.03982   5.03982  14.07327
O      20.19804  20.19804  16.37749
C      19.37400  19.37400  15.79110
C      19.37400  19.37400  14.30576
C      20.22387  20.22387  13.61088
H      20.79218  20.79218  14.07327
Zn      7.57911  18.25289   7.57911
O       7.28204  16.37749   7.28204
C       6.45800  15.79110   6.45800
C       6.45800  14.30576   6.45800
C       7.30787  13.61088   7.30787
H       7.87618  14.07327   7.87618
Zn     18.25289  18.25289  18.25289
O      18.54996  16.37749  18.54996
C      19.37400  15.79110  19.37400
C      19.37400  14.30576  19.37400
C      18.52413  13.61088  18.52413
H      17.95582  14.07327  17.95582
Zn     18.25289   7.57911   7.57911
O      18.54996   9.45451   7.28204
C      19.37400  10.04090   6.45800
C      19.37400  11.52624   6.45800
C      18.52413  12.22112   7.30787
H      17.95582  11.75873   7.87618
Zn      7.57911   7.57911  18.25289
O       7.28204   9.45451  18.54996
C       6.45800  10.04090  19.37400
C       6.45800  11.52624  19.37400
C       7.30787  12.22112  18.52413
H       7.87618  11.75873  17.95582
O      18.54996   7.28204   9.45451
C      18.52413   7.30787  12.22112
H      17.95582   7.87618  11.75873
O       7.28204  18.54996   9.45451
C       7.30787  18.52413  12.22112
H       7.87618  17.95582  11.75873
O       7.28204   7.28204  16.37749
C       7.30787   7.30787  13.61088
H       7.87618   7.87618  14.07327
O      18.54996  18.54996  16.37749
C      18.52413  18.52413  13.61088
H      17.95582  17.95582  14.07327
O      20.19804   9.45451   5.63396
C      20.22387  12.22112   5.60813
H      20.79218  11.75873   5.03982
O       5.63396   9.45451  20.19804
C       5.60813  12.22112  20.22387
H       5.03982  11.75873  20.79218
O      20.19804  16.37749  20.19804
C      20.22387  13.61088  20.22387
H      20.79218  14.07327  20.79218
O       5.63396  16.37749   5.63396
C       5.60813  13.61088   5.60813
H       5.03982  14.07327   5.03982
O      20.19804   5.63396  16.37749
C      20.22387   5.60813  13.61088
H      20.79218   5.03982  14.07327
O       5.63396  20.19804  16.37749
C       5.60813  20.22387  13.61088
H       5.03982  20.79218  14.07327
O      20.19804  20.19804   9.45451
C      20.22387  20.22387  12.22112
H      20.79218  20.79218  11.75873
O       5.63396   5.63396   9.45451
C       5.60813   5.60813  12.22112
H       5.03982   5.03982  11.75873
O      18.54996   9.45451  18.54996
C      18.52413  12.22112  18.52413
H      17.95582  11.75873  17.95582
O       7.28204   9.45451   7.28204
C       7.30787  12.22112   7.30787
H       7.87618  11.75873   7.87618
O       7.28204  16.37749  18.54996
C       7.30787  13.61088  18.52413
H       7.87618  14.07327  17.95582
O      18.54996  16.37749   7.28204
C      18.52413  13.61088   7.30787
H      17.95582  14.07327   7.87618
O      16.37749   7.28204  18.54996
C      15.79110   6.45800  19.37400
C      14.30576   6.45800  19.37400
C      13.61088   7.30787  18.52413
H      14.07327   7.87618  17.95582
O      16.37749  18.54996   7.28204
C      15.79110  19.37400   6.45800
C      14.30576  19.37400   6.45800
C      13.61088  18.52413   7.30787
H      14.07327  17.95582   7.87618
O       9.45451  18.54996  18.54996
C      10.04090  19.37400  19.37400
C      11.52624  19.37400  19.37400
C      12.22112  18.52413  18.52413
H      11.75873  17.95582  17.95582
O       9.45451   7.28204   7.28204
C      10.04090   6.45800   6.45800
C      11.52624   6.45800   6.45800
C      12.22112   7.30787   7.30787
H      11.75873   7.87618   7.87618
O      16.37749   5.63396   5.63396
C      15.79110   6.45800   6.45800
C      14.30576   6.45800   6.45800
C      13.61088   5.60813   5.60813
H      14.07327   5.03982   5.03982
O      16.37749  20.19804  20.19804
C      15.79110  19.37400  19.37400
C      14.30576  19.37400  19.37400
C      13.61088  20.22387  20.22387
H      14.07327  20.79218  20.79218
O       9.45451   5.63396  20.19804
C      10.04090   6.45800  19.37400
C      11.52624   6.45800  19.37400
C      12.22112   5.60813  20.22387
H      11.75873   5.03982  20.79218
O       9.45451  20.19804   5.63396
C      10.04090  19.37400   6.45800
C      11.52624  19.37400   6.45800
C      12.22112  20.22387   5.60813
H      11.75873  20.79218   5.03982
O       9.45451  18.54996   7.28204
C      12.22112  18.52413   7.30787
H      11.75873  17.95582   7.87618
O       9.45451   7.28204  18.54996
C      12.22112   7.30787  18.52413
H      11.75873   7.87618  17.95582
O      16.37749   7.28204   7.28204
C      13.61088   7.30787   7.30787
H      14.07327   7.87618   7.87618
O      16.37749  18.54996  18.54996
C      13.61088  18.52413  18.52413
H      14.07327  17.95582  17.95582
O       9.45451  20.19804  20.19804
C      12.22112  20.22387  20.22387
H      11.75873  20.79218  20.79218
O       9.45451   5.63396   5.63396
C      12.22112   5.60813   5.60813
H      11.75873   5.03982   5.03982
O      16.37749  20.19804   5.63396
C      13.61088  20.22387   5.60813
H      14.07327  20.79218   5.03982
O      16.37749   5.63396  20.19804
C      13.61088   5.60813  20.22387
H      14.07327   5.03982  20.79218
Zn      5.33689   7.57911  -5.33689
Zn     31.16889   7.57911  20.49511
O       5.63396   7.28204  22.37051
Zn     -5.33689  18.25289  20.49511
Zn     20.49511  18.25289  -5.33689
O      20.19804  18.54996  22.37051
Zn      5.33689  18.25289  31.16889
Zn     31.16889  18.25289   5.33689
O       5.63396  18.54996   3.46149
Zn     -5.33689   7.57911   5.33689
Zn     20.49511   7.57911  31.16889
O      20.19804   7.28204   3.46149
Zn      7.57911   5.33689  -5.33689
Zn      7.57911  31.16889  20.49511
O       7.28204   3.46149  20.19804
Zn     18.25289   5.33689  31.16889
Zn     18.25289  31.16889   5.33689
O      18.54996   3.46149   5.63396
Zn     18.25289  -5.33689  20.49511
Zn     18.25289  20.49511  -5.33689
O      18.54996  22.37051  20.19804
Zn      7.57911  -5.33689   5.33689
Zn      7.57911  20.49511  31.16889
O       7.28204  22.37051   5.63396
Zn      5.33689  31.16889  18.25289
Zn     31.16889   5.33689  18.25289
O       3.46149   5.63396  18.54996
Zn      5.33689  -5.33689   7.57911
Zn     31.16889  20.49511   7.57911
O       3.46149  20.19804   7.28204
Zn     -5.33689   5.33689   7.57911
Zn     20.49511  31.16889   7.57911
O      22.37051   5.63396   7.28204
Zn     -5.33689  20.49511  18.25289
Zn     20.49511  -5.33689  18.25289
O      22.37051  20.19804  18.54996
O      18.54996  20.19804  22.37051
O       7.28204   5.63396  22.37051
O       7.28204  20.19804   3.46149
O      18.54996   5.63396   3.46149
O      22.37051  18.54996  20.19804
O      22.37051   7.28204   5.63396
O       3.46149   7.28204  20.19804
O       3.46149  18.54996   5.63396
O      20.19804  22.37051  18.54996
O       5.63396  22.37051   7.28204
O      20.19804   3.46149   7.28204
O       5.63396   3.46149  18.54996

Results: Coordinates of rotated frame :
         472
IRMOF-1                                
Zn     -2.24222  -0.00000  -2.24222
O      -1.12111  -1.12111  -1.12111
O      -4.11762  -0.29707  -1.94515
C      -4.70401  -1.12111  -1.12111
C      -6.18935  -1.12111  -1.12111
C      -6.88423  -0.27124  -1.97098
H      -6.42183   0.29707  -2.53929
Zn     -2.24222  10.67378  12.91600
O      -1.12111  11.79489  11.79489
O      -4.11762  10.97085  12.61893
C      -4.70401  11.79489  11.79489
C      -6.18935  11.79489  11.79489
C      -6.88423  10.94502  12.64476
H      -6.42183  10.37671  13.21307
Zn     12.91600  10.67378  -2.24222
O      11.79489  11.79489  -1.12111
O      14.79140  10.97085  -1.94515
C      15.37779  11.79489  -1.12111
C      16.86313  11.79489  -1.12111
C      17.55801  10.94502  -1.97098
H      17.09562  10.37671  -2.53929
Zn     12.91600  -0.00000  12.91600
O      11.79489  -1.12111  11.79489
O      14.79140  -0.29707  12.61893
C      15.37779  -1.12111  11.79489
C      16.86313  -1.12111  11.79489
C      17.55801  -0.27124  12.64476
H      17.09562   0.29707  13.21307
Zn     -2.24222  -2.24222   0.00000
O      -1.94515  -4.11762  -0.29707
C      -1.12111  -4.70401  -1.12111
C      -1.12111  -6.18935  -1.12111
C      -1.97098  -6.88423  -0.27124
H      -2.53929  -6.42184   0.29707
Zn     12.91600  -2.24222  10.67378
O      12.61893  -4.11762  10.97085
C      11.79489  -4.70401  11.79489
C      11.79489  -6.18935  11.79489
C      12.64476  -6.88423  10.94502
H      13.21307  -6.42184  10.37671
Zn     -2.24222  12.91600  10.67378
O      -1.94515  14.79140  10.97085
C      -1.12111  15.37779  11.79489
C      -1.12111  16.86313  11.79489
C      -1.97098  17.55801  10.94502
H      -2.53929  17.09562  10.37671
Zn     12.91600  12.91600   0.00000
O      12.61893  14.79140  -0.29707
C      11.79489  15.37779  -1.12111
C      11.79489  16.86313  -1.12111
C      12.64476  17.55801  -0.27124
H      13.21307  17.09562   0.29707
Zn      0.00000  -2.24222  -2.24222
O      -0.29707  -1.94515  -4.11762
C      -1.12111  -1.12111  -4.70401
C      -1.12111  -1.12111  -6.18935
C      -0.27124  -1.97098  -6.88423
H       0.29707  -2.53929  -6.42184
Zn     10.67378  12.91600  -2.24222
O      10.97085  12.61893  -4.11762
C      11.79489  11.79489  -4.70401
C      11.79489  11.79489  -6.18935
C      10.94502  12.64476  -6.88423
H      10.37671  13.21307  -6.42184
Zn     10.67378  -2.24222  12.91600
O      10.97085  -1.94515  14.79140
C      11.79489  -1.12111  15.37779
C      11.79489  -1.12111  16.86313
C      10.94502  -1.97098  17.55801
H      10.37671  -2.53929  17.09562
Zn      0.00000  12.91600  12.91600
O      -0.29707  12.61893  14.79140
C      -1.12111  11.79489  15.37779
C      -1.12111  11.79489  16.86313
C      -0.27124  12.64476  17.55801
H       0.29707  13.21307  17.09562
Zn     12.91600  -2.24222  -0.00000
O      11.79489  -1.12111  -1.12111
O     -11.04060  -1.94515  -0.29707
C     -10.45421  -1.12111  -1.12111
C      -8.96887  -1.12111  -1.12111
C      -8.27399  -1.97098  -0.27124
H      -8.73638  -2.53929   0.29707
Zn     12.91600  12.91600  10.67378
O      11.79489  11.79489  11.79489
O     -11.04060  12.61893  10.97085
C     -10.45421  11.79489  11.79489
C      -8.96887  11.79489  11.79489
C      -8.27399  12.64476  10.94502
H      -8.73638  13.21307  10.37671
Zn     -2.24222  -2.24222  10.67378
O      -1.12111  -1.12111  11.79489
O      21.71438  -1.94515  10.97085
C      21.12799  -1.12111  11.79489
C      19.64265  -1.12111  11.79489
C      18.94777  -1.97098  10.94502
H      19.41016  -2.53929  10.37671
Zn     -2.24222  12.91600  -0.00000
O      -1.12111  11.79489  -1.12111
O      21.71438  12.61893  -0.29707
C      21.12799  11.79489  -1.12111
C      19.64265  11.79489  -1.12111
C      18.94777  12.64476  -0.27124
H      19.41017  13.21307   0.29707
Zn     12.91600  -0.00000  -2.24222
O      12.61893  -0.29707  21.71438
C      11.79489  -1.12111  21.12799
C      11.79489  -1.12111  19.64265
C      12.64476  -0.27124  18.94777
H      13.21307   0.29707  19.41017
Zn     -2.24222  10.67378  -2.24222
O      -1.94515  10.97085  21.71438
C      -1.12111  11.79489  21.12799
C      -1.12111  11.79489  19.64265
C      -1.97098  10.94502  18.94777
H      -2.53929  10.37671  19.41016
Zn     12.91600  10.67378  12.91600
O      12.61893  10.97085 -11.04060
C      11.79489  11.79489 -10.45421
C      11.79489  11.79489  -8.96887
C      12.64476  10.94502  -8.27399
H      13.21307  10.37671  -8.73638
Zn     -2.24222   0.00000  12.91600
O      -1.94515  -0.29707 -11.04060
C      -1.12111  -1.12111 -10.45421
C      -1.12111  -1.12111  -8.96887
C      -1.97098  -0.27124  -8.27399
H      -2.53929   0.29707  -8.73638
Zn     10.67378  -2.24222  -2.24222
O      10.97085  21.71438  -1.94515
C      11.79489  21.12799  -1.12111
C      11.79489  19.64265  -1.12111
C      10.94502  18.94777  -1.97098
H      10.37671  19.41017  -2.53929
Zn     -0.00000  -2.24222  12.91600
O      -0.29707  21.71438  12.61893
C      -1.12111  21.12799  11.79489
C      -1.12111  19.64265  11.79489
C      -0.27124  18.94777  12.64476
H       0.29707  19.41017  13.21307
Zn      0.00000  12.91600  -2.24222
O      -0.29707 -11.04060  -1.94515
C      -1.12111 -10.45421  -1.12111
C      -1.12111  -8.96887  -1.12111
C      -0.27124  -8.27399  -1.97098
H       0.29707  -8.73638  -2.53929
Zn     10.67378  12.91600  12.91600
O      10.97085 -11.04060  12.61893
C      11.79489 -10.45421  11.79489
C      11.79489  -8.96887  11.79489
C      10.94502  -8.27399  12.64476
H      10.37671  -8.73638  13.21307
O     -11.04060  10.97085  12.61893
C      -8.27399  10.94502  12.64476
H      -8.73638  10.37671  13.21307
O     -11.04060  -0.29707  -1.94515
C      -8.27399  -0.27124  -1.97098
H      -8.73638   0.29707  -2.53929
O      21.71438  -0.29707  12.61893
C      18.94777  -0.27124  12.64476
H      19.41017   0.29707  13.21307
O      21.71438  10.97085  -1.94515
C      18.94777  10.94502  -1.97098
H      19.41017  10.37671  -2.53929
O      12.61893 -11.04060  10.97085
C      12.64476  -8.27399  10.94502
H      13.21307  -8.73638  10.37671
O      -1.94515 -11.04060  -0.29707
C      -1.97098  -8.27399  -0.27124
H      -2.53929  -8.73638   0.29707
O      12.61893  21.71438  -0.29707
C      12.64476  18.94777  -0.27124
H      13.21307  19.41017   0.29707
O      -1.94515  21.71438  10.97085
C      -1.97098  18.94777  10.94502
H      -2.53929  19.41017  10.37671
O      10.97085  12.61893 -11.04060
C      10.94502  12.64476  -8.27399
H      10.37671  13.21307  -8.73638
O      -0.29707  -1.94515 -11.04060
C      -0.27124  -1.97098  -8.27399
H       0.29707  -2.53929  -8.73638
O      -0.29707  12.61893  21.71438
C      -0.27124  12.64476  18.94777
H       0.29707  13.21307  19.41017
O      10.97085  -1.94515  21.71438
C      10.94502  -1.97098  18.94777
H      10.37671  -2.53929  19.41016
O      -4.11762  12.61893  10.97085
C      -6.88423  12.64476  10.94502
H      -6.42183  13.21307  10.37671
O      -4.11762  -1.94515  -0.29707
C      -6.88423  -1.97098  -0.27124
H      -6.42184  -2.53929   0.29707
O      14.79140  12.61893  -0.29707
C      17.55801  12.64476  -0.27124
H      17.09562  13.21307   0.29707
O      14.79140  -1.94515  10.97085
C      17.55801  -1.97098  10.94502
H      17.09562  -2.53929  10.37671
O      -1.94515  10.97085  14.79140
C      -1.97098  10.94502  17.55801
H      -2.53929  10.37671  17.09562
O      12.61893  -0.29707  14.79140
C      12.64476  -0.27124  17.55801
H      13.21307   0.29707  17.09562
O      -1.94515  -0.29707  -4.11762
C      -1.97098  -0.27124  -6.88423
H      -2.53929   0.29707  -6.42184
O      12.61893  10.97085  -4.11762
C      12.64476  10.94502  -6.88423
H      13.21307  10.37671  -6.42184
O      -0.29707  14.79140  12.61893
C      -0.27124  17.55801  12.64476
H       0.29707  17.09562  13.21307
O      10.97085  14.79140  -1.94515
C      10.94502  17.55801  -1.97098
H      10.37671  17.09562  -2.53929
O      10.97085  -4.11762  12.61893
C      10.94502  -6.88423  12.64476
H      10.37671  -6.42184  13.21307
O      -0.29707  -4.11762  -1.94515
C      -0.27124  -6.88423  -1.97098
H       0.29707  -6.42184  -2.53929
Zn     10.67378  -0.00000  10.67378
O       8.79838  -0.29707  10.97085
C       8.21199  -1.12111  11.79489
C       6.72665  -1.12111  11.79489
C       6.03177  -0.27124  10.94502
H       6.49417   0.29707  10.37671
Zn     10.67378  10.67378   0.00000
O       8.79838  10.97085  -0.29707
C       8.21199  11.79489  -1.12111
C       6.72665  11.79489  -1.12111
C       6.03177  10.94502  -0.27124
H       6.49417  10.37671   0.29707
Zn      0.00000  10.67378  10.67378
O       1.87540  10.97085  10.97085
C       2.46179  11.79489  11.79489
C       3.94713  11.79489  11.79489
C       4.64201  10.94502  10.94502
H       4.17962  10.37671  10.37671
Zn      0.00000   0.00000   0.00000
O       1.87540  -0.29707  -0.29707
C       2.46179  -1.12111  -1.12111
C       3.94713  -1.12111  -1.12111
C       4.64201  -0.27124  -0.27124
H       4.17962   0.29707   0.29707
O      12.61893  -1.94515   8.79838
C      11.79489  -1.12111   8.21199
C      11.79489  -1.12111   6.72665
C      12.64476  -1.97098   6.03177
H      13.21307  -2.53929   6.49417
O      -1.94515  12.61893   8.79838
C      -1.12111  11.79489   8.21199
C      -1.12111  11.79489   6.72665
C      -1.97098  12.64476   6.03177
H      -2.53929  13.21307   6.49417
O      -1.94515  -1.94515   1.87540
C      -1.12111  -1.12111   2.46179
C      -1.12111  -1.12111   3.94713
C      -1.97098  -1.97098   4.64201
H      -2.53929  -2.53929   4.17962
O      12.61893  12.61893   1.87540
C      11.79489  11.79489   2.46179
C      11.79489  11.79489   3.94713
C      12.64476  12.64476   4.64201
H      13.21307  13.21307   4.17962
O       1.87540  -1.94515  12.61893
C       2.46179  -1.12111  11.79489
C       3.94713  -1.12111  11.79489
C       4.64201  -1.97098  12.64476
H       4.17962  -2.53929  13.21307
O       1.87540  12.61893  -1.94515
C       2.46179  11.79489  -1.12111
C       3.94713  11.79489  -1.12111
C       4.64201  12.64476  -1.97098
H       4.17962  13.21307  -2.53929
O       8.79838  -1.94515  -1.94515
C       8.21199  -1.12111  -1.12111
C       6.72665  -1.12111  -1.12111
C       6.03177  -1.97098  -1.97098
H       6.49416  -2.53929  -2.53929
O       8.79838  12.61893  12.61893
C       8.21199  11.79489  11.79489
C       6.72665  11.79489  11.79489
C       6.03177  12.64476  12.64476
H       6.49417  13.21307  13.21307
Zn      0.00000  -0.00000  10.67378
O      -0.29707  -0.29707   8.79838
C      -1.12111  -1.12111   8.21199
C      -1.12111  -1.12111   6.72665
C      -0.27124  -0.27124   6.03177
H       0.29707   0.29707   6.49417
Zn     10.67378  10.67378  10.67378
O      10.97085  10.97085   8.79838
C      11.79489  11.79489   8.21199
C      11.79489  11.79489   6.72665
C      10.94502  10.94502   6.03177
H      10.37671  10.37671   6.49417
Zn      0.00000  10.67378  -0.00000
O      -0.29707  10.97085   1.87540
C      -1.12111  11.79489   2.46179
C      -1.12111  11.79489   3.94713
C      -0.27124  10.94502   4.64201
H       0.29707  10.37671   4.17962
Zn     10.67378  -0.00000  -0.00000
O      10.97085  -0.29707   1.87540
C      11.79489  -1.12111   2.46179
C      11.79489  -1.12111   3.94713
C      10.94502  -0.27124   4.64201
H      10.37671   0.29707   4.17962
O       1.87540  10.97085  -0.29707
C       4.64201  10.94502  -0.27124
H       4.17962  10.37671   0.29707
O       1.87540  -0.29707  10.97085
C       4.64201  -0.27124  10.94502
H       4.17962   0.29707  10.37671
O       8.79838  -0.29707  -0.29707
C       6.03177  -0.27124  -0.27124
H       6.49417   0.29707   0.29707
O       8.79838  10.97085  10.97085
C       6.03177  10.94502  10.94502
H       6.49416  10.37671  10.37671
O      -1.94515  12.61893   1.87540
C      -1.97098  12.64476   4.64201
H      -2.53929  13.21307   4.17962
O      12.61893  -1.94515   1.87540
C      12.64476  -1.97098   4.64201
H      13.21307  -2.53929   4.17962
O      12.61893  12.61893   8.79838
C      12.64476  12.64476   6.03177
H      13.21307  13.21307   6.49417
O      -1.94515  -1.94515   8.79838
C      -1.97098  -1.97098   6.03177
H      -2.53929  -2.53929   6.49416
O       8.79838  12.61893  -1.94515
C       6.03177  12.64476  -1.97098
H       6.49417  13.21307  -2.53929
O       8.79838  -1.94515  12.61893
C       6.03177  -1.97098  12.64476
H       6.49417  -2.53929  13.21307
O       1.87540  12.61893  12.61893
C       4.64201  12.64476  12.64476
H       4.17962  13.21307  13.21307
O       1.87540  -1.94515  -1.94515
C       4.64201  -1.97098  -1.97098
H       4.17962  -2.53929  -2.53929
O      10.97085  10.97085   1.87540
C      10.94502  10.94502   4.64201
H      10.37671  10.37671   4.17962
O      -0.29707  -0.29707   1.87540
C      -0.27124  -0.27124   4.64201
H       0.29707   0.29707   4.17962
O      10.97085  -0.29707   8.79838
C      10.94502  -0.27124   6.03177
H      10.37671   0.29707   6.49417
O      -0.29707  10.97085   8.79838
C      -0.27124  10.94502   6.03177
H       0.29707  10.37671   6.49417
O      10.97085   8.79838  -0.29707
C      11.79489   8.21199  -1.12111
C      11.79489   6.72665  -1.12111
C      10.94502   6.03177  -0.27124
H      10.37671   6.49417   0.29707
O      -0.29707   8.79838  10.97085
C      -1.12111   8.21199  11.79489
C      -1.12111   6.72665  11.79489
C      -0.27124   6.03177  10.94502
H       0.29707   6.49417  10.37671
O      10.97085   1.87540  10.97085
C      11.79489   2.46179  11.79489
C      11.79489   3.94713  11.79489
C      10.94502   4.64201  10.94502
H      10.37671   4.17962  10.37671
O      -0.29707   1.87540  -0.29707
C      -1.12111   2.46179  -1.12111
C      -1.12111   3.94713  -1.12111
C      -0.27124   4.64201  -0.27124
H       0.29707   4.17962   0.29707
O      -1.94515   8.79838  -1.94515
C      -1.12111   8.21199  -1.12111
C      -1.12111   6.72665  -1.12111
C      -1.97098   6.03177  -1.97098
H      -2.53929   6.49416  -2.53929
O      12.61893   8.79838  12.61893
C      11.79489   8.21199  11.79489
C      11.79489   6.72665  11.79489
C      12.64476   6.03177  12.64476
H      13.21307   6.49416  13.21307
O      12.61893   1.87540  -1.94515
C      11.79489   2.46179  -1.12111
C      11.79489   3.94713  -1.12111
C      12.64476   4.64201  -1.97098
H      13.21307   4.17962  -2.53929
O      -1.94515   1.87540  12.61893
C      -1.12111   2.46179  11.79489
C      -1.12111   3.94713  11.79489
C      -1.97098   4.64201  12.64476
H      -2.53929   4.17962  13.21307
O      -0.29707   1.87540  10.97085
C      -0.27124   4.64201  10.94502
H       0.29707   4.17962  10.37671
O      10.97085   1.87540  -0.29707
C      10.94502   4.64201  -0.27124
H      10.37671   4.17962   0.29707
O      -0.29707   8.79838  -0.29707
C      -0.27124   6.03177  -0.27124
H       0.29707   6.49416   0.29707
O      10.97085   8.79838  10.97085
C      10.94502   6.03177  10.94502
H      10.37671   6.49416  10.37671
O      12.61893   1.87540  12.61893
C      12.64476   4.64201  12.64476
H      13.21307   4.17962  13.21307
O      -1.94515   1.87540  -1.94515
C      -1.97098   4.64201  -1.97098
H      -2.53929   4.17962  -2.53929
O      -1.94515   8.79838  12.61893
C      -1.97098   6.03177  12.64476
H      -2.53929   6.49416  13.21307
O      12.61893   8.79838  -1.94515
C      12.64476   6.03177  -1.97098
H      13.21307   6.49416  -2.53929
Zn    -12.91600  -2.24222  -0.00000
Zn     12.91600  23.58978   0.00000
O      14.79140  -1.94515  -0.29707
Zn     12.91600 -12.91600  10.67378
Zn    -12.91600  12.91600  10.67378
O      14.79140  12.61893  10.97085
Zn     23.58978  -2.24222  10.67378
Zn     -2.24222  23.58978  10.67378
O      -4.11762  -1.94515  10.97085
Zn     -2.24222 -12.91600   0.00000
Zn     23.58978  12.91600  -0.00000
O      -4.11762  12.61893  -0.29707
Zn    -12.91600   0.00000  -2.24222
Zn     12.91600  -0.00000  23.58978
O      12.61893  -0.29707  -4.11762
Zn     23.58978  10.67378  -2.24222
Zn     -2.24222  10.67378  23.58978
O      -1.94515  10.97085  -4.11762
Zn     12.91600  10.67378 -12.91600
Zn    -12.91600  10.67378  12.91600
O      12.61893  10.97085  14.79140
Zn     -2.24222  -0.00000 -12.91600
Zn     23.58978  -0.00000  12.91600
O      -1.94515  -0.29707  14.79140
Zn     10.67378  -2.24222  23.58978
Zn     10.67378  23.58978  -2.24222
O      10.97085  -4.11762  -1.94515
Zn      0.00000  -2.24222 -12.91600
Zn      0.00000  23.58978  12.91600
O      -0.29707  -4.11762  12.61893
Zn      0.00000 -12.91600  -2.24222
Zn      0.00000  12.91600  23.58978
O      -0.29707  14.79140  -1.94515
Zn     10.67378 -12.91600  12.91600
Zn     10.67378  12.91600 -12.91600
O      10.97085  14.79140  12.61893
O      14.79140  10.97085  12.61893
O      14.79140  -0.29707  -1.94515
O      -4.11762  -0.29707  12.61893
O      -4.11762  10.97085  -1.94515
O      12.61893  14.79140  10.97085
O      -1.94515  14.79140  -0.29707
O      12.61893  -4.11762  -0.29707
O      -1.94515  -4.11762  10.97085
O      10.97085  12.61893  14.79140
O      -0.29707  -1.94515  14.79140
O      -0.29707  12.61893  -4.11762
O      10.97085  -1.94515  -4.11762

Results : Volumes in Angs^3

       N of voxels examined :          179579
       Volume of voxel      :       0.0010000


   V Free    V Buried   V Total   V Exact
      53.5     126.0     179.4     179.6

    Buried volume =     125.99 Angs^3

   %V Free   %V Buried  % V Tot/V Ex
      29.8      70.2      99.9

    The %V Bur of the molecule is:     70.2

                 Quadrants analysis
 Quadrant     V f     V b     V t    %V f    %V b
 SW           3.6    41.3    44.9     8.0    92.0
 NW          13.3    31.5    44.9    29.7    70.3
 NE          23.2    21.7    44.9    51.7    48.3
 SE          13.3    31.5    44.9    29.7    70.3

                   Octants analysis
 Octant       V f      V b    V t    %V f    %V b
 SW-z         0.8    21.6    22.4     3.7    96.3
 NW-z         2.8    19.7    22.4    12.3    87.7
 NE-z        10.6    11.9    22.4    47.1    52.9
 SE-z         2.8    19.7    22.4    12.3    87.7
 SW+z         2.8    19.7    22.4    12.3    87.7
 NW+z        10.6    11.9    22.4    47.1    52.9
 NE+z        12.6     9.8    22.4    56.2    43.8
 SE+z        10.6    11.9    22.4    47.1    52.9

  No. of frames analyzed :            1

 Normal termination
