
 ---------------------------------------------------
 |                                                 |
 |              S A M B V C A  2.1                 |
 |                                                 |
 |              Release 29-06-2019                 |
 |                                                 |
 |       Molecular Buried Volume Calculator        |
 |                                                 |
 |  http://www.molnac.unisa.it/OM-tools/SambVca    |
 |                                                 |
 |  L. Cavallo & Z. Cao  Email: lcavallo@unisa.it  |
 |                                                 |
 ---------------------------------------------------

Checking: No. of atoms to be removed :                     0
Checking: No. of atoms defining the sphere center :        1
Checking: Atoms defining the sphere center :
   99
Checking : No. of atoms defining the Z-axis :              1
   98
Checking : No. of atoms defining the XZ-plane :            1
   97
 Checking: Molecule will be aligned along the Z+ direction
 Checking: Vbur sphere radius :            3.500
 Checking: Displacement from origin :      0.000
 Checking: Bin width :                     0.100
 Checking: Removing H atoms
 Checking: Outputting steric map
 Checking: No. of atom types in your database :         103
 Checking: Atom labels and radius in the database :
H    1.280
HE   1.640
LI   2.130
BE   1.790
B    2.250
C    1.990
N    1.810
O    1.780
F    1.720
NE   1.800
NA   2.660
MG   2.020
AL   2.150
SI   2.460
P    2.110
S    2.110
CL   2.050
AR   2.200
K    3.220
CA   2.700
SC   2.520
TI   2.470
V    2.420
CR   2.410
MN   2.400
FE   2.390
CO   2.340
NI   1.910
CU   1.640
ZN   1.630
GA   2.190
GE   2.470
AS   2.160
SE   2.220
BR   2.160
KR   2.360
RB   3.550
SR   2.910
Y    2.710
ZR   2.610
NB   2.550
MO   2.540
TC   2.530
RU   2.490
RH   2.460
PD   1.910
AG   2.010
CD   1.850
IN   2.260
SN   2.540
SB   2.410
TE   2.410
I    2.320
XE   2.530
CS   4.010
BA   3.140
LA   2.840
CE   2.830
PR   2.810
ND   2.800
PM   2.780
SM   2.760
EU   2.750
GD   2.740
TB   2.730
DY   2.700
HO   2.690
ER   2.680
TM   2.660
YB   2.640
LU   2.620
HF   2.610
TA   2.600
W    2.550
RE   2.530
OS   2.530
IR   2.490
PT   2.010
AU   1.940
HG   1.810
TL   2.290
PB   2.360
BI   2.420
PO   2.300
AT   2.360
RN   2.570
FR   4.070
RA   3.310
AC   2.890
TH   2.870
PA   2.840
U    2.180
NP   2.800
PU   2.840
AM   2.850
CM   2.870
BK   2.850
CF   2.870
ES   2.870
FM   2.870
M    2.880
NO   2.880
LR   2.880

Checking: No. of atoms of input frame :                  114

Checking: Coordinates of input frame :
C       2.17728  12.92721   3.09286
C       6.56866  -0.87591   8.84588
C      -4.33784   9.37077   6.51570
C       0.56737   6.39138   5.97292
C       0.65502   7.76398   0.68392
C       5.45147   8.90848   3.73017
C       6.88293   3.26109  -0.69211
C       1.66419   1.15187   8.32370
C      -3.23022  -0.19396   6.75884
C      -2.73977   4.76500   9.63396
C      -4.37324   5.69633   2.50998
C       5.48770   3.59640   4.84667
C      -3.24904   6.09203   3.19595
C      -2.73198   5.95760   8.94824
C      -4.35613  -0.58729   6.07288
C       5.48094   2.39920   5.52348
C       6.88323   3.25714   0.68356
C       6.57775   8.11844   3.73222
C       0.65707   7.76375  -0.69150
C       0.53776   1.94148   8.32358
C      -4.33318  10.56396   7.19925
C       5.44511  -1.27087   9.53377
C       2.16845  11.73437   2.40798
C       1.69338   6.79005   5.29021
H       2.08842  13.93733   2.73109
H       7.57710  -0.72017   9.18946
H      -5.12335   8.89635   5.95281
H       0.44915   5.66948   6.76342
H      -0.09923   7.43232   1.37711
H       5.31426   9.92936   4.04365
H       6.69185   2.46561  -1.39252
H       2.67242   1.37568   8.01793
H      -2.20727  -0.51609   6.65997
H      -2.83553   4.56863  10.68820
H      -4.50553   5.45142   1.47008
H       4.70833   4.32886   4.72311
H      -2.24087   6.24580   2.85080
H      -2.81684   6.96869   9.30845
H      -4.47580  -1.30719   5.28081
H       4.69376   1.92170   6.08167
H       6.69328   2.45700   1.37879
H       7.58430   8.34085   4.04425
H      -0.09399   7.43158  -1.38770
H       0.40180   2.96377   8.01347
H      -5.11422  11.29416   7.32594
H       5.31374  -1.51207  10.57488
H       2.06774  11.53694   1.35423
H       2.71812   6.47434   5.39173
N       2.31649  12.65436   4.43829
N       6.22737  -0.70110   7.52092
N      -3.09020   8.79554   6.63769
N      -0.50943   7.10450   5.48771
N       1.85855   8.27789   1.12047
N       4.40502   8.17172   3.21546
N       7.17197   4.53955  -1.12204
N       1.32531  -0.08614   8.82938
N      -3.59496   0.77295   7.67350
N      -2.61165   3.73840   8.72147
N      -5.42322   5.62613   3.40164
N       6.73918   3.77638   4.29510
N      -3.58965   6.27142   4.52043
N      -2.59918   5.68354   7.60257
N      -5.43069   0.13109   6.55508
N       6.72848   1.82351   5.40040
N       7.17247   4.53340   1.12059
N       6.24135   6.88316   3.21847
N       1.86145   8.27819  -1.12433
N      -0.51132   1.20179   8.82914
N      -3.08244  10.74284   7.75383
N       4.39494  -1.34514   8.64259
N       2.30259  10.70881   3.32059
N       1.32605   7.75432   4.37411
C       2.38749  11.30990   4.52524
C       4.91277  -0.99619   7.44661
C      -2.37165   9.65478   7.39001
C      -0.00441   7.91102   4.53151
C       2.54908   8.57248  -0.00120
C       4.92798   6.96341   2.92197
C       7.33645   5.26787   0.00120
C       0.01036  -0.00776   9.11997
C      -4.92453   0.93545   7.51225
C      -2.53085   4.33913   7.51622
C      -4.90467   5.97839   4.59630
C       7.44915   2.68622   4.65374
H       2.48050  10.77371   5.45532
H       4.34501  -0.97736   6.53075
H      -1.33824   9.49793   7.65315
H      -0.59447   8.61771   3.97151
H       3.54873   8.97513  -0.00108
H       4.36530   6.16036   2.47542
H       7.55319   6.32355   0.00421
H      -0.55400  -0.81295   9.56074
H      -5.51330   1.64450   8.07043
H      -2.44229   3.80353   6.58566
H      -5.47239   6.00230   5.51228
H       8.48280   2.53141   4.39084
Zn      7.36496  -0.00366   6.00279
Zn     -2.45126   6.96886   6.03831
Zn      2.46549   8.71459   3.00615
Zn      2.45228  -1.75343   9.02869
Zn     -2.45206   1.74193   9.03760
Zn      7.37139   5.21726   3.01675
N       7.21525  -1.29029   4.43829
N       2.25113  -2.44109  10.92087
N       9.31308   5.62613   3.40164
N       9.30561   0.13109   6.55508
N      -3.05940   1.29754  10.91858
N       1.81633  -3.20182   7.75383
Zn     -7.37134  -0.00366   6.00279
Zn      2.46619  13.94100   6.00279
Zn      7.37313   5.22721  -3.01422
Zn     -2.44648  12.19123   9.02869
Zn      2.46879   8.72258  -3.00531
Zn     -7.36491   5.21726   3.01675

Results: Coordinates of rotated frame :
         114
ZIF-8                                  
C      -3.62505   1.95234  -0.94028
C      11.60265   1.64275   2.36557
C      -2.75789   0.88278   7.11671
C       1.88812   0.69138   3.70929
C      -0.72439  -2.95115   0.58326
C       1.45454   1.68697  -2.12516
C       5.57909  -4.09300  -3.87978
C       7.44689   0.51828   5.51257
C       5.81231  -3.03831   9.10340
C       2.72790   1.80244   8.71388
C      -0.85263  -4.12425   6.19579
C       6.22098   0.11545  -0.05696
C      -0.45623  -3.00018   5.51003
C       1.54119   1.80554   8.01797
C       5.41311  -4.16185   9.78986
C       7.40947   0.10327   0.63496
C       5.97501  -2.97199  -3.18766
C       2.64581   1.69665  -2.81323
C      -1.11565  -4.07314  -0.10944
C       6.25645   0.50992   6.20185
C      -3.55590   2.00266   7.11120
C      11.59792   1.64053   3.74090
C      -2.82969   0.83014  -0.93213
C       1.89241   0.70039   2.33349
H      -4.61276   2.10159  -1.34187
H      12.04687   2.33573   1.67151
H      -2.89361  -0.06383   7.61113
H       2.65998   0.95770   4.41165
H      -0.60606  -2.79502   1.64205
H       0.62769   2.37612  -2.15119
H       5.95254  -5.10259  -3.84590
H       7.64895   0.71317   4.47271
H       6.53572  -2.92601   8.31344
H       3.14726   2.53841   9.37843
H      -1.00750  -5.13254   5.85191
H       5.20684   0.09632   0.30407
H      -0.20700  -2.87034   4.47070
H       0.76055   2.54585   7.97560
H       5.73110  -5.18671   9.69764
H       7.59538   0.06964   1.69493
H       6.75108  -2.84430  -2.45209
H       3.02452   2.39455  -3.54089
H      -1.39180  -5.05015   0.24877
H       5.25109   0.69121   5.86108
H      -4.49754   2.18614   7.59998
H      12.03412   2.33275   4.44083
H      -3.01320  -0.15652  -1.32244
H       2.66848   0.97986   1.64092
N      -2.94789   2.96913  -0.29873
N      10.91769   0.52860   1.92733
N      -1.65427   1.13209   6.32788
N       0.64651   0.26788   4.13653
N      -0.46029  -1.94841  -0.32665
N       1.42818   0.56864  -1.31804
N       4.52652  -3.74615  -4.70116
N       8.46379   0.23548   6.40090
N       5.09457  -1.96042   9.58044
N       3.38432   0.61865   8.44798
N      -1.03538  -3.78288   7.51961
N       6.50431   0.17103  -1.40583
N      -0.38878  -1.94957   6.40116
N       1.44853   0.62322   7.31290
N       4.44419  -3.79256  10.69984
N       8.44350   0.15231  -0.27679
N       5.17173  -1.91852  -3.57293
N       3.37076   0.58394  -2.43994
N      -1.09963  -3.77942  -1.45702
N       6.52239   0.22204   7.52462
N      -2.95639   2.96026   6.31904
N      10.90981   0.52484   4.17025
N      -1.65056   1.13845  -0.28619
N       0.65331   0.28197   1.89351
C      -1.76814   2.43253   0.07604
C      10.52200  -0.11310   3.04645
C      -1.81708   2.39151   5.87188
C      -0.06060   0.03624   3.01129
C      -0.70003  -2.49311  -1.53809
C       2.59919  -0.06240  -1.54205
C       4.31715  -2.43197  -4.48146
C       7.86054   0.06690   7.59561
C       4.28533  -2.46320  10.53570
C       2.57753  -0.05569   7.60276
C      -0.74354  -2.46786   7.59548
C       7.85112   0.19067  -1.48871
H      -1.01165   2.97110   0.62271
H       9.97695  -1.04284   3.04340
H      -1.12330   2.88042   5.20749
H      -1.08838  -0.28749   3.00623
H      -0.56391  -1.96745  -2.46899
H       2.87595  -0.99341  -1.07566
H       3.53980  -1.86073  -4.96195
H       8.39146  -0.14149   8.50984
H       3.57521  -1.87276  11.09076
H       2.80058  -1.03693   7.21798
H      -0.77017  -1.90012   8.51138
H       8.39323   0.25128  -2.41820
Zn     10.43988   0.00000   0.03589
Zn      0.00000   0.00000   6.03457
Zn      0.00000   0.00000   0.00000
Zn     10.44339  -0.00564   6.06516
Zn      5.21511  -0.00732   9.05435
Zn      5.23623   0.01721  -2.98009
N      10.99602  -1.93157  -0.25603
N      11.46186   1.14802   7.37874
N       5.92168   1.17689  -4.48699
N      11.40126   1.16721  -1.30676
N       5.83570   1.11474  10.62287
N      10.98751  -1.94045   6.36174
Zn      3.48282  -4.95976  12.04250
Zn     -3.50403   4.90071  -0.00681
Zn      3.50805  -4.89980  -6.01474
Zn     -3.50052   4.89507   6.02246
Zn     -1.72023  -4.90149  -3.02555
Zn     -1.72084  -4.94256   9.02651

Results : Volumes in Angs^3

       N of voxels examined :          179579
       Volume of voxel      :       0.0010000


   V Free    V Buried   V Total   V Exact
      41.3     138.2     179.4     179.6

    Buried volume =     138.16 Angs^3

   %V Free   %V Buried  % V Tot/V Ex
      23.0      77.0      99.9

    The %V Bur of the molecule is:     77.0

                 Quadrants analysis
 Quadrant     V f     V b     V t    %V f    %V b
 SW          10.8    34.0    44.9    24.2    75.8
 NW           8.6    36.2    44.9    19.2    80.8
 NE           8.6    36.3    44.9    19.2    80.8
 SE          13.2    31.7    44.9    29.4    70.6

                   Octants analysis
 Octant       V f      V b    V t    %V f    %V b
 SW-z         4.4    18.0    22.4    19.5    80.5
 NW-z         4.4    18.0    22.4    19.8    80.2
 NE-z         2.3    20.2    22.4    10.1    89.9
 SE-z         5.0    17.4    22.4    22.5    77.5
 SW+z         6.5    16.0    22.4    28.8    71.2
 NW+z         4.2    18.3    22.4    18.6    81.4
 NE+z         6.4    16.1    22.4    28.3    71.7
 SE+z         8.2    14.3    22.4    36.4    63.6

  No. of frames analyzed :            1

 Normal termination
